<?xml version="1.0" encoding="utf-8" standalone="no"?>
<test-run id="2" testcasecount="22" result="Passed" total="22" passed="22" failed="0" inconclusive="0" skipped="0" asserts="22" engine-version="3.9.0.0" clr-version="4.0.30319.42000" start-time="2020-02-06 09:41:45Z" end-time="2020-02-06 09:42:13Z" duration="27.897127">
  <command-line><![CDATA["nunit3-console"  Tch.VstsClient.IntTests.csproj --where "cat==IntegrationTest"]]></command-line>
  <filter>
    <cat>IntegrationTest</cat>
  </filter>
  <test-suite type="Assembly" id="1-1038" name="Tch.VstsClient.IntTests.dll" fullname="C:\GitHub\Vsts-client\Tests\Tch.VstsClient.IntTests\bin\Debug\Tch.VstsClient.IntTests.dll" runstate="Runnable" testcasecount="22" result="Passed" start-time="2020-02-06 09:41:46Z" end-time="2020-02-06 09:42:13Z" duration="26.397138" total="22" passed="22" failed="0" warnings="0" inconclusive="0" skipped="0" asserts="22">
    <environment framework-version="3.12.0.0" clr-version="4.0.30319.42000" os-version="Microsoft Windows NT 10.0.14393.0" platform="Win32NT" cwd="C:\GitHub\Vsts-client\Tests\Tch.VstsClient.IntTests" machine-name="W10ID09" user="tchesnokov" user-domain="BRAKEL" culture="en-NL" uiculture="nl-NL" os-architecture="x64" />
    <settings>
      <setting name="BasePath" value="C:\GitHub\Vsts-client\Tests\Tch.VstsClient.IntTests\bin\Debug\" />
      <setting name="DisposeRunners" value="True" />
      <setting name="WorkDirectory" value="C:\GitHub\Vsts-client\Tests\Tch.VstsClient.IntTests" />
      <setting name="ImageRuntimeVersion" value="4.0.30319" />
      <setting name="ImageTargetFrameworkName" value=".NETFramework,Version=v4.7.2" />
      <setting name="ImageRequiresX86" value="False" />
      <setting name="ImageRequiresDefaultAppDomainAssemblyResolver" value="False" />
      <setting name="NumberOfTestWorkers" value="8" />
    </settings>
    <properties>
      <property name="_PID" value="24636" />
      <property name="_APPDOMAIN" value="domain-c58ee503-Tch.VstsClient.IntTests.csproj" />
    </properties>
    <test-suite type="TestSuite" id="1-1039" name="Tch" fullname="Tch" runstate="Runnable" testcasecount="22" result="Passed" start-time="2020-02-06 09:41:46Z" end-time="2020-02-06 09:42:13Z" duration="26.380208" total="22" passed="22" failed="0" warnings="0" inconclusive="0" skipped="0" asserts="22">
      <properties />
      <test-suite type="TestSuite" id="1-1040" name="VstsClient" fullname="Tch.VstsClient" runstate="Runnable" testcasecount="22" result="Passed" start-time="2020-02-06 09:41:46Z" end-time="2020-02-06 09:42:13Z" duration="26.379678" total="22" passed="22" failed="0" warnings="0" inconclusive="0" skipped="0" asserts="22">
        <properties />
        <test-suite type="TestSuite" id="1-1041" name="IntTests" fullname="Tch.VstsClient.IntTests" runstate="Runnable" testcasecount="22" result="Passed" start-time="2020-02-06 09:41:46Z" end-time="2020-02-06 09:42:13Z" duration="26.379669" total="22" passed="22" failed="0" warnings="0" inconclusive="0" skipped="0" asserts="22">
          <properties />
          <test-suite type="TestSuite" id="1-1042" name="UseCases" fullname="Tch.VstsClient.IntTests.UseCases" runstate="Runnable" testcasecount="22" result="Passed" start-time="2020-02-06 09:41:46Z" end-time="2020-02-06 09:42:13Z" duration="26.379627" total="22" passed="22" failed="0" warnings="0" inconclusive="0" skipped="0" asserts="22">
            <properties />
            <test-suite type="TestSuite" id="1-1053" name="Builds" fullname="Tch.VstsClient.IntTests.UseCases.Builds" runstate="Runnable" testcasecount="6" result="Passed" start-time="2020-02-06 09:41:46Z" end-time="2020-02-06 09:42:03Z" duration="17.052706" total="6" passed="6" failed="0" warnings="0" inconclusive="0" skipped="0" asserts="6">
              <properties />
              <test-suite type="TestSuite" id="1-1055" name="ListBuildDefinitions" fullname="Tch.VstsClient.IntTests.UseCases.Builds.ListBuildDefinitions" runstate="Runnable" testcasecount="2" result="Passed" start-time="2020-02-06 09:41:46Z" end-time="2020-02-06 09:41:49Z" duration="2.702117" total="2" passed="2" failed="0" warnings="0" inconclusive="0" skipped="0" asserts="2">
                <properties />
                <test-suite type="TestFixture" id="1-1034" name="HappyTests" fullname="Tch.VstsClient.IntTests.UseCases.Builds.ListBuildDefinitions.HappyTests" classname="Tch.VstsClient.IntTests.UseCases.Builds.ListBuildDefinitions.HappyTests" runstate="Runnable" testcasecount="1" result="Passed" start-time="2020-02-06 09:41:46Z" end-time="2020-02-06 09:41:49Z" duration="2.376092" total="1" passed="1" failed="0" warnings="0" inconclusive="0" skipped="0" asserts="1">
                  <properties>
                    <property name="Category" value="IntegrationTest" />
                  </properties>
                  <test-case id="1-1035" name="Happy_Case" fullname="Tch.VstsClient.IntTests.UseCases.Builds.ListBuildDefinitions.HappyTests.Happy_Case" methodname="Happy_Case" classname="Tch.VstsClient.IntTests.UseCases.Builds.ListBuildDefinitions.HappyTests" runstate="Runnable" seed="2041509961" result="Passed" start-time="2020-02-06 09:41:47Z" end-time="2020-02-06 09:41:49Z" duration="2.189628" asserts="1">
                    <properties />
                    <output><![CDATA[[
  {
    "Id": 3,
    "Name": "Version 8 Build"
  },
  {
    "Id": 4,
    "Name": "Version 7 Build"
  },
  {
    "Id": 8,
    "Name": "IntraOffice2018 CI Build (Master)"
  },
  {
    "Id": 9,
    "Name": "Version 9 Build"
  },
  {
    "Id": 11,
    "Name": "Version 9.0-9.4 Azure Build"
  },
  {
    "Id": 12,
    "Name": "Nuget CI Build (Master)"
  },
  {
    "Id": 13,
    "Name": "Archive RAET REST API (Iopk)"
  },
  {
    "Id": 14,
    "Name": "Archive Shared REST API (WebDeploy)"
  },
  {
    "Id": 21,
    "Name": "Depot Portal Frontend"
  },
  {
    "Id": 22,
    "Name": "Depot Portal Backend"
  },
  {
    "Id": 23,
    "Name": "IntraOffice Service Fabric build"
  },
  {
    "Id": 24,
    "Name": "sms-service-digitalsigning - CI"
  },
  {
    "Id": 26,
    "Name": "IntraOffice2018 CI Build (Development)"
  },
  {
    "Id": 27,
    "Name": "DEPRECATED Routing Shared REST API (WebDeploy)-Old"
  },
  {
    "Id": 28,
    "Name": "Identity Server"
  },
  {
    "Id": 30,
    "Name": "IntraOffice-Content-Repository (old)"
  },
  {
    "Id": 31,
    "Name": "Routing Shared REST API (WebDeploy)"
  },
  {
    "Id": 32,
    "Name": "Version 9.0-9.4 Build"
  },
  {
    "Id": 33,
    "Name": "Version 9 Azure Build"
  },
  {
    "Id": 36,
    "Name": "DocumentApi CI Build (Development)"
  },
  {
    "Id": 37,
    "Name": "DocumentApi CI Build (Master)"
  },
  {
    "Id": 38,
    "Name": "Routing API Nightly Build (Master)"
  },
  {
    "Id": 39,
    "Name": "Routing Management Portal"
  },
  {
    "Id": 40,
    "Name": "Development CI Build (Master)"
  },
  {
    "Id": 41,
    "Name": "Document API Release Build"
  },
  {
    "Id": 47,
    "Name": "Version 10 Build"
  },
  {
    "Id": 49,
    "Name": "Document API Nightly Build (Master)"
  },
  {
    "Id": 50,
    "Name": "EnvelopesRegister CI Build (Master)"
  },
  {
    "Id": 51,
    "Name": "EnvelopesRegister Release Build"
  },
  {
    "Id": 55,
    "Name": "MonitorCM - CI"
  },
  {
    "Id": 56,
    "Name": "EnvelopesRegister CI Build (Development)"
  },
  {
    "Id": 57,
    "Name": "Version 9 Azure Build and Test"
  },
  {
    "Id": 63,
    "Name": "IntraOffice-Base"
  },
  {
    "Id": 64,
    "Name": "IntraOffice-Archive"
  },
  {
    "Id": 66,
    "Name": "Nuget CI Build (Development)"
  },
  {
    "Id": 67,
    "Name": "SendGridReceiver - CI"
  },
  {
    "Id": 68,
    "Name": "IntraOffice"
  },
  {
    "Id": 69,
    "Name": "IntraOffice-Content-Repository"
  },
  {
    "Id": 70,
    "Name": "SmsFunction Azure CI"
  },
  {
    "Id": 71,
    "Name": "AuditFunction Azure CI"
  },
  {
    "Id": 72,
    "Name": "IntraOffice-Routing"
  },
  {
    "Id": 73,
    "Name": "IntraOffice-Routing-Portal"
  }
]
]]></output>
                  </test-case>
                </test-suite>
                <test-suite type="TestFixture" id="1-1036" name="UnhappyTests" fullname="Tch.VstsClient.IntTests.UseCases.Builds.ListBuildDefinitions.UnhappyTests" classname="Tch.VstsClient.IntTests.UseCases.Builds.ListBuildDefinitions.UnhappyTests" runstate="Runnable" testcasecount="1" result="Passed" start-time="2020-02-06 09:41:49Z" end-time="2020-02-06 09:41:49Z" duration="0.318707" total="1" passed="1" failed="0" warnings="0" inconclusive="0" skipped="0" asserts="1">
                  <properties>
                    <property name="Category" value="IntegrationTest" />
                  </properties>
                  <test-case id="1-1037" name="Bad_Project_Name" fullname="Tch.VstsClient.IntTests.UseCases.Builds.ListBuildDefinitions.UnhappyTests.Bad_Project_Name" methodname="Bad_Project_Name" classname="Tch.VstsClient.IntTests.UseCases.Builds.ListBuildDefinitions.UnhappyTests" runstate="Runnable" seed="1900753996" result="Passed" start-time="2020-02-06 09:41:49Z" end-time="2020-02-06 09:41:49Z" duration="0.317016" asserts="1">
                    <properties />
                    <output><![CDATA[{
  "ProjectName": "abc",
  "Message": "Requested project cannot be found",
  "Data": {},
  "InnerException": null,
  "StackTrace": "   bij Tch.VstsClient.Services.BuildsService.<GetAllBuildDefinitions>d__6.MoveNext() in c:\\GitHub\\Vsts-client\\Src\\Services\\BuildsService.cs:regel 74\r\n--- Einde van stacktracering vanaf vorige locatie waar uitzondering is opgetreden ---\r\n   bij System.Runtime.ExceptionServices.ExceptionDispatchInfo.Throw()\r\n   bij System.Runtime.CompilerServices.TaskAwaiter.HandleNonSuccessAndDebuggerNotification(Task task)\r\n   bij NUnit.Framework.Internal.TaskAwaitAdapter.GenericAdapter`1.BlockUntilCompleted() in D:\\a\\1\\s\\src\\NUnitFramework\\framework\\Internal\\TaskAwaitAdapter.cs:regel 95\r\n   bij NUnit.Framework.Internal.AsyncToSyncAdapter.Await(Func`1 invoke) in D:\\a\\1\\s\\src\\NUnitFramework\\framework\\Internal\\AsyncToSyncAdapter.cs:regel 60\r\n   bij NUnit.Framework.Assert.ThrowsAsync(IResolveConstraint expression, AsyncTestDelegate code, String message, Object[] args) in D:\\a\\1\\s\\src\\NUnitFramework\\framework\\Assert.Exceptions.Async.cs:regel 48",
  "HelpLink": null,
  "Source": "Tch.VstsClient",
  "HResult": -2146233088
}
]]></output>
                  </test-case>
                </test-suite>
              </test-suite>
              <test-suite type="TestSuite" id="1-1054" name="ListBuilds" fullname="Tch.VstsClient.IntTests.UseCases.Builds.ListBuilds" runstate="Runnable" testcasecount="4" result="Passed" start-time="2020-02-06 09:41:46Z" end-time="2020-02-06 09:42:03Z" duration="17.052685" total="4" passed="4" failed="0" warnings="0" inconclusive="0" skipped="0" asserts="4">
                <properties />
                <test-suite type="TestFixture" id="1-1028" name="HappyTests" fullname="Tch.VstsClient.IntTests.UseCases.Builds.ListBuilds.HappyTests" classname="Tch.VstsClient.IntTests.UseCases.Builds.ListBuilds.HappyTests" runstate="Runnable" testcasecount="2" result="Passed" start-time="2020-02-06 09:41:49Z" end-time="2020-02-06 09:42:00Z" duration="10.469693" total="2" passed="2" failed="0" warnings="0" inconclusive="0" skipped="0" asserts="2">
                  <properties>
                    <property name="Category" value="IntegrationTest" />
                  </properties>
                  <test-case id="1-1029" name="Get_All_Builds" fullname="Tch.VstsClient.IntTests.UseCases.Builds.ListBuilds.HappyTests.Get_All_Builds" methodname="Get_All_Builds" classname="Tch.VstsClient.IntTests.UseCases.Builds.ListBuilds.HappyTests" runstate="Runnable" seed="180608394" result="Passed" start-time="2020-02-06 09:41:49Z" end-time="2020-02-06 09:41:52Z" duration="3.037036" asserts="1">
                    <properties />
                    <output><![CDATA[[
  {
    "Id": 4398,
    "BuildNumber": "Alfa_Upgrade-9.6.20036.1",
    "Definition": {
      "Id": 68,
      "Name": "IntraOffice"
    },
    "StartTime": "2020-02-05T08:52:14.0343114Z",
    "FinishTime": "2020-02-05T09:12:31.2585783Z",
    "RequestedBy": {
      "DisplayName": "Corne Los"
    },
    "Result": "succeeded",
    "SourceBranch": "refs/heads/Features/Alfa_Upgrade",
    "SourceVersion": "207b4b36d17a9463afcd040a9c67db19a29fe8cf",
    "Repository": {
      "Id": "7e06ad15-43b5-4281-b482-152cbd8e6e06",
      "Name": "IntraOffice"
    }
  },
  {
    "Id": 4397,
    "BuildNumber": "development-10.0.20034.4",
    "Definition": {
      "Id": 64,
      "Name": "IntraOffice-Archive"
    },
    "StartTime": "2020-02-03T22:13:09.6814429Z",
    "FinishTime": "2020-02-03T22:33:58.7502363Z",
    "RequestedBy": {
      "DisplayName": "Roel de Regt"
    },
    "Result": "succeeded",
    "SourceBranch": "refs/heads/development",
    "SourceVersion": "9817adfa52001d2eb08b26fce9bf3ca5a5c82b07",
    "Repository": {
      "Id": "8541db83-41d5-4826-8a79-2b517964e5d1",
      "Name": "IntraOffice-Archive"
    }
  },
  {
    "Id": 4396,
    "BuildNumber": "development-10.0.20034.3",
    "Definition": {
      "Id": 64,
      "Name": "IntraOffice-Archive"
    },
    "StartTime": "2020-02-03T21:00:23.2812732Z",
    "FinishTime": "2020-02-03T21:21:24.908942Z",
    "RequestedBy": {
      "DisplayName": "Roel de Regt"
    },
    "Result": "succeeded",
    "SourceBranch": "refs/heads/development",
    "SourceVersion": "5360add5cb6440d0dc114859f2d3707b45ed2788",
    "Repository": {
      "Id": "8541db83-41d5-4826-8a79-2b517964e5d1",
      "Name": "IntraOffice-Archive"
    }
  },
  {
    "Id": 4395,
    "BuildNumber": "10.0.23-master-20034-01",
    "Definition": {
      "Id": 63,
      "Name": "IntraOffice-Base"
    },
    "StartTime": "2020-02-03T15:30:19.1214394Z",
    "FinishTime": "2020-02-03T15:52:26.3903368Z",
    "RequestedBy": {
      "DisplayName": "Roel de Regt"
    },
    "Result": "succeeded",
    "SourceBranch": "refs/heads/master",
    "SourceVersion": "16da166ec9e331b8f6623944b4d739373cb82208",
    "Repository": {
      "Id": "cf29d81d-13bf-481c-9fd4-cbee9ea05961",
      "Name": "IntraOffice-Base"
    }
  },
  {
    "Id": 4394,
    "BuildNumber": "development-9.6.20034.4",
    "Definition": {
      "Id": 68,
      "Name": "IntraOffice"
    },
    "StartTime": "2020-02-03T13:59:37.089051Z",
    "FinishTime": "2020-02-03T14:10:50.3205462Z",
    "RequestedBy": {
      "DisplayName": "Tjeerd de Haas"
    },
    "Result": "succeeded",
    "SourceBranch": "refs/heads/development",
    "SourceVersion": "b6f32491f36e528888392aad950bd19ce8e93bcb",
    "Repository": {
      "Id": "7e06ad15-43b5-4281-b482-152cbd8e6e06",
      "Name": "IntraOffice"
    }
  },
  {
    "Id": 4393,
    "BuildNumber": "20200203.1",
    "Definition": {
      "Id": 51,
      "Name": "EnvelopesRegister Release Build"
    },
    "StartTime": "2020-02-03T13:49:59.577118Z",
    "FinishTime": "2020-02-03T13:57:27.7267581Z",
    "RequestedBy": {
      "DisplayName": "Mikhail.Tchesnokov"
    },
    "Result": "succeeded",
    "SourceBranch": "refs/heads/master",
    "SourceVersion": "45e586fb4f63aa4372a35e9bcdc5e9bbd9724f0c",
    "Repository": {
      "Id": "af0ffbfd-f163-4846-89e3-3e3f27f7a2e1",
      "Name": "EnvelopesRegister"
    }
  },
  {
    "Id": 4392,
    "BuildNumber": "20200203.1",
    "Definition": {
      "Id": 50,
      "Name": "EnvelopesRegister CI Build (Master)"
    },
    "StartTime": "2020-02-03T13:46:34.4893522Z",
    "FinishTime": "2020-02-03T13:48:59.3117352Z",
    "RequestedBy": {
      "DisplayName": "Microsoft.VisualStudio.Services.TFS"
    },
    "Result": "succeeded",
    "SourceBranch": "refs/heads/master",
    "SourceVersion": "45e586fb4f63aa4372a35e9bcdc5e9bbd9724f0c",
    "Repository": {
      "Id": "af0ffbfd-f163-4846-89e3-3e3f27f7a2e1",
      "Name": "EnvelopesRegister"
    }
  },
  {
    "Id": 4391,
    "BuildNumber": "development-9.6.20034.3",
    "Definition": {
      "Id": 68,
      "Name": "IntraOffice"
    },
    "StartTime": "2020-02-03T12:18:11.1265823Z",
    "FinishTime": "2020-02-03T12:29:46.5719445Z",
    "RequestedBy": {
      "DisplayName": "Tjeerd de Haas"
    },
    "Result": "succeeded",
    "SourceBranch": "refs/heads/development",
    "SourceVersion": "bde9ffecf32dfe7769c315cf78f0c86eac805038",
    "Repository": {
      "Id": "7e06ad15-43b5-4281-b482-152cbd8e6e06",
      "Name": "IntraOffice"
    }
  },
  {
    "Id": 4390,
    "BuildNumber": "development-10.0.20034.2",
    "Definition": {
      "Id": 64,
      "Name": "IntraOffice-Archive"
    },
    "StartTime": "2020-02-03T10:38:48.9844216Z",
    "FinishTime": "2020-02-03T10:59:38.8615063Z",
    "RequestedBy": {
      "DisplayName": "Roel de Regt"
    },
    "Result": "succeeded",
    "SourceBranch": "refs/heads/development",
    "SourceVersion": "c6deb0ecaf3154d3e3b6830ce1f9d18af1d73c3b",
    "Repository": {
      "Id": "8541db83-41d5-4826-8a79-2b517964e5d1",
      "Name": "IntraOffice-Archive"
    }
  },
  {
    "Id": 4389,
    "BuildNumber": "development-9.6.20034.2",
    "Definition": {
      "Id": 68,
      "Name": "IntraOffice"
    },
    "StartTime": "2020-02-03T10:27:43.0462558Z",
    "FinishTime": "2020-02-03T10:38:47.9916122Z",
    "RequestedBy": {
      "DisplayName": "Tjeerd de Haas"
    },
    "Result": "succeeded",
    "SourceBranch": "refs/heads/development",
    "SourceVersion": "9ca30220b832fa2905bb629fd527c23925a3ece0",
    "Repository": {
      "Id": "7e06ad15-43b5-4281-b482-152cbd8e6e06",
      "Name": "IntraOffice"
    }
  },
  {
    "Id": 4388,
    "BuildNumber": "development-10.0.20034.1",
    "Definition": {
      "Id": 64,
      "Name": "IntraOffice-Archive"
    },
    "StartTime": "2020-02-03T10:25:30.0233333Z",
    "FinishTime": "2020-02-03T10:25:30.0233333Z",
    "RequestedBy": {
      "DisplayName": "Roel de Regt"
    },
    "Result": "failed",
    "SourceBranch": "refs/heads/development",
    "SourceVersion": "0648b52d5713f81433727ac811916517da940ce5",
    "Repository": {
      "Id": "8541db83-41d5-4826-8a79-2b517964e5d1",
      "Name": "IntraOffice-Archive"
    }
  },
  {
    "Id": 4387,
    "BuildNumber": "development-9.6.20034.1",
    "Definition": {
      "Id": 68,
      "Name": "IntraOffice"
    },
    "StartTime": "2020-02-03T09:08:29.7575225Z",
    "FinishTime": "2020-02-03T09:20:03.4826209Z",
    "RequestedBy": {
      "DisplayName": "Tjeerd de Haas"
    },
    "Result": "succeeded",
    "SourceBranch": "refs/heads/development",
    "SourceVersion": "8943bb83b5e426dcaf6d43fa02acabeb079c18cf",
    "Repository": {
      "Id": "7e06ad15-43b5-4281-b482-152cbd8e6e06",
      "Name": "IntraOffice"
    }
  },
  {
    "Id": 4385,
    "BuildNumber": "20200131.5",
    "Definition": {
      "Id": 8,
      "Name": "IntraOffice2018 CI Build (Master)"
    },
    "StartTime": "2020-01-31T15:55:21.3876651Z",
    "FinishTime": "2020-01-31T16:04:38.216756Z",
    "RequestedBy": {
      "DisplayName": "Microsoft.VisualStudio.Services.TFS"
    },
    "Result": "succeeded",
    "SourceBranch": "refs/heads/master",
    "SourceVersion": "e361062be8663c450b4899a107724b14ec5b9f5f",
    "Repository": {
      "Id": "4d45f1cb-3e01-4fcb-aac0-f7b35c5f3a0c",
      "Name": "IntraOffice2018"
    }
  },
  {
    "Id": 4386,
    "BuildNumber": "20200131.6",
    "Definition": {
      "Id": 28,
      "Name": "Identity Server"
    },
    "StartTime": "2020-01-31T15:55:41.526499Z",
    "FinishTime": "2020-01-31T16:00:27.7960038Z",
    "RequestedBy": {
      "DisplayName": "Tjeerd de Haas"
    },
    "Result": "succeeded",
    "SourceBranch": "refs/heads/master",
    "SourceVersion": "e361062be8663c450b4899a107724b14ec5b9f5f",
    "Repository": {
      "Id": "4d45f1cb-3e01-4fcb-aac0-f7b35c5f3a0c",
      "Name": "IntraOffice2018"
    }
  },
  {
    "Id": 4383,
    "BuildNumber": "20200131.4",
    "Definition": {
      "Id": 8,
      "Name": "IntraOffice2018 CI Build (Master)"
    },
    "StartTime": "2020-01-31T15:36:27.8141349Z",
    "FinishTime": "2020-01-31T15:46:14.3191244Z",
    "RequestedBy": {
      "DisplayName": "Microsoft.VisualStudio.Services.TFS"
    },
    "Result": "succeeded",
    "SourceBranch": "refs/heads/master",
    "SourceVersion": "153fb9035e2f248ea5cd4051fb9e95eb1749237c",
    "Repository": {
      "Id": "4d45f1cb-3e01-4fcb-aac0-f7b35c5f3a0c",
      "Name": "IntraOffice2018"
    }
  },
  {
    "Id": 4382,
    "BuildNumber": "development-9.6.20031.1",
    "Definition": {
      "Id": 68,
      "Name": "IntraOffice"
    },
    "StartTime": "2020-01-31T15:30:06.3352869Z",
    "FinishTime": "2020-01-31T15:41:30.196172Z",
    "RequestedBy": {
      "DisplayName": "Tjeerd de Haas"
    },
    "Result": "succeeded",
    "SourceBranch": "refs/heads/development",
    "SourceVersion": "62e506bee6d1bdf585dcb35e0dc853f4e084ef11",
    "Repository": {
      "Id": "7e06ad15-43b5-4281-b482-152cbd8e6e06",
      "Name": "IntraOffice"
    }
  },
  {
    "Id": 4384,
    "BuildNumber": "20200131.5",
    "Definition": {
      "Id": 28,
      "Name": "Identity Server"
    },
    "StartTime": "2020-01-31T15:36:59.1195123Z",
    "FinishTime": "2020-01-31T15:41:10.1810455Z",
    "RequestedBy": {
      "DisplayName": "Tjeerd de Haas"
    },
    "Result": "succeeded",
    "SourceBranch": "refs/heads/master",
    "SourceVersion": "153fb9035e2f248ea5cd4051fb9e95eb1749237c",
    "Repository": {
      "Id": "4d45f1cb-3e01-4fcb-aac0-f7b35c5f3a0c",
      "Name": "IntraOffice2018"
    }
  },
  {
    "Id": 4380,
    "BuildNumber": "20200131.3",
    "Definition": {
      "Id": 8,
      "Name": "IntraOffice2018 CI Build (Master)"
    },
    "StartTime": "2020-01-31T15:02:17.562299Z",
    "FinishTime": "2020-01-31T15:12:11.7473619Z",
    "RequestedBy": {
      "DisplayName": "Microsoft.VisualStudio.Services.TFS"
    },
    "Result": "succeeded",
    "SourceBranch": "refs/heads/master",
    "SourceVersion": "f6eaae09f5013076b329962eb8c2c9cff83fce61",
    "Repository": {
      "Id": "4d45f1cb-3e01-4fcb-aac0-f7b35c5f3a0c",
      "Name": "IntraOffice2018"
    }
  },
  {
    "Id": 4381,
    "BuildNumber": "20200131.4",
    "Definition": {
      "Id": 28,
      "Name": "Identity Server"
    },
    "StartTime": "2020-01-31T15:02:51.1618032Z",
    "FinishTime": "2020-01-31T15:08:50.015604Z",
    "RequestedBy": {
      "DisplayName": "Tjeerd de Haas"
    },
    "Result": "succeeded",
    "SourceBranch": "refs/heads/master",
    "SourceVersion": "f6eaae09f5013076b329962eb8c2c9cff83fce61",
    "Repository": {
      "Id": "4d45f1cb-3e01-4fcb-aac0-f7b35c5f3a0c",
      "Name": "IntraOffice2018"
    }
  },
  {
    "Id": 4377,
    "BuildNumber": "20200131.2",
    "Definition": {
      "Id": 8,
      "Name": "IntraOffice2018 CI Build (Master)"
    },
    "StartTime": "2020-01-31T14:47:08.524243Z",
    "FinishTime": "2020-01-31T14:56:12.4314646Z",
    "RequestedBy": {
      "DisplayName": "Microsoft.VisualStudio.Services.TFS"
    },
    "Result": "succeeded",
    "SourceBranch": "refs/heads/master",
    "SourceVersion": "8d05056a1459713ceed596932c3d5b07b60be754",
    "Repository": {
      "Id": "4d45f1cb-3e01-4fcb-aac0-f7b35c5f3a0c",
      "Name": "IntraOffice2018"
    }
  },
  {
    "Id": 4379,
    "BuildNumber": "20200131.3",
    "Definition": {
      "Id": 28,
      "Name": "Identity Server"
    },
    "StartTime": "2020-01-31T14:51:34.8643417Z",
    "FinishTime": "2020-01-31T14:56:02.9794436Z",
    "RequestedBy": {
      "DisplayName": "Tjeerd de Haas"
    },
    "Result": "succeeded",
    "SourceBranch": "refs/heads/master",
    "SourceVersion": "8d05056a1459713ceed596932c3d5b07b60be754",
    "Repository": {
      "Id": "4d45f1cb-3e01-4fcb-aac0-f7b35c5f3a0c",
      "Name": "IntraOffice2018"
    }
  },
  {
    "Id": 4378,
    "BuildNumber": "20200131.2",
    "Definition": {
      "Id": 28,
      "Name": "Identity Server"
    },
    "StartTime": "2020-01-31T14:49:24.1100909Z",
    "FinishTime": "2020-01-31T14:50:54.9034656Z",
    "RequestedBy": {
      "DisplayName": "Tjeerd de Haas"
    },
    "Result": "succeeded",
    "SourceBranch": "refs/heads/master",
    "SourceVersion": "8d05056a1459713ceed596932c3d5b07b60be754",
    "Repository": {
      "Id": "4d45f1cb-3e01-4fcb-aac0-f7b35c5f3a0c",
      "Name": "IntraOffice2018"
    }
  },
  {
    "Id": 4376,
    "BuildNumber": "20200131.1",
    "Definition": {
      "Id": 28,
      "Name": "Identity Server"
    },
    "StartTime": "2020-01-31T14:35:48.4763282Z",
    "FinishTime": "2020-01-31T14:37:25.074535Z",
    "RequestedBy": {
      "DisplayName": "Tjeerd de Haas"
    },
    "Result": "succeeded",
    "SourceBranch": "refs/heads/master",
    "SourceVersion": "4eb638201999c59f44acd715e58ac33455eca270",
    "Repository": {
      "Id": "4d45f1cb-3e01-4fcb-aac0-f7b35c5f3a0c",
      "Name": "IntraOffice2018"
    }
  },
  {
    "Id": 4375,
    "BuildNumber": "development-9.7.20031.2",
    "Definition": {
      "Id": 68,
      "Name": "IntraOffice"
    },
    "StartTime": "2020-01-31T13:18:04.7209072Z",
    "FinishTime": "2020-01-31T13:29:34.8668773Z",
    "RequestedBy": {
      "DisplayName": "Roel de Regt"
    },
    "Result": "succeeded",
    "SourceBranch": "refs/heads/development",
    "SourceVersion": "cc6727ac05084155c14b8d945bad283c0aa7eeeb",
    "Repository": {
      "Id": "7e06ad15-43b5-4281-b482-152cbd8e6e06",
      "Name": "IntraOffice"
    }
  },
  {
    "Id": 4373,
    "BuildNumber": "20200131.1",
    "Definition": {
      "Id": 8,
      "Name": "IntraOffice2018 CI Build (Master)"
    },
    "StartTime": "2020-01-31T11:15:58.5528739Z",
    "FinishTime": "2020-01-31T11:25:09.9990335Z",
    "RequestedBy": {
      "DisplayName": "Microsoft.VisualStudio.Services.TFS"
    },
    "Result": "succeeded",
    "SourceBranch": "refs/heads/master",
    "SourceVersion": "4eb638201999c59f44acd715e58ac33455eca270",
    "Repository": {
      "Id": "4d45f1cb-3e01-4fcb-aac0-f7b35c5f3a0c",
      "Name": "IntraOffice2018"
    }
  },
  {
    "Id": 4374,
    "BuildNumber": "20200131.2",
    "Definition": {
      "Id": 31,
      "Name": "Routing Shared REST API (WebDeploy)"
    },
    "StartTime": "2020-01-31T11:17:59.3954498Z",
    "FinishTime": "2020-01-31T11:22:23.9928234Z",
    "RequestedBy": {
      "DisplayName": "Mikhail.Tchesnokov"
    },
    "Result": "succeeded",
    "SourceBranch": "refs/heads/master",
    "SourceVersion": "4eb638201999c59f44acd715e58ac33455eca270",
    "Repository": {
      "Id": "4d45f1cb-3e01-4fcb-aac0-f7b35c5f3a0c",
      "Name": "IntraOffice2018"
    }
  },
  {
    "Id": 4372,
    "BuildNumber": "20200131.2",
    "Definition": {
      "Id": 36,
      "Name": "DocumentApi CI Build (Development)"
    },
    "StartTime": "2020-01-31T11:07:51.3019726Z",
    "FinishTime": "2020-01-31T11:17:52.6054645Z",
    "RequestedBy": {
      "DisplayName": "Microsoft.VisualStudio.Services.TFS"
    },
    "Result": "succeeded",
    "SourceBranch": "refs/heads/development",
    "SourceVersion": "b56dff0740f498611c935facb3c34d238b64746f",
    "Repository": {
      "Id": "7efd6a07-8775-4f55-a233-c53439f63453",
      "Name": "DocumentApi"
    }
  },
  {
    "Id": 4371,
    "BuildNumber": "20200131.1",
    "Definition": {
      "Id": 36,
      "Name": "DocumentApi CI Build (Development)"
    },
    "StartTime": "2020-01-31T11:05:52.7747747Z",
    "FinishTime": "2020-01-31T11:15:49.6597043Z",
    "RequestedBy": {
      "DisplayName": "Microsoft.VisualStudio.Services.TFS"
    },
    "Result": "succeeded",
    "SourceBranch": "refs/heads/development",
    "SourceVersion": "e01d4f798a00079c5ac712351ab69f6efdbcb893",
    "Repository": {
      "Id": "7efd6a07-8775-4f55-a233-c53439f63453",
      "Name": "DocumentApi"
    }
  },
  {
    "Id": 4369,
    "BuildNumber": "development-9.7.20031.1",
    "Definition": {
      "Id": 68,
      "Name": "IntraOffice"
    },
    "StartTime": "2020-01-31T10:49:53.9025394Z",
    "FinishTime": "2020-01-31T11:01:34.3213551Z",
    "RequestedBy": {
      "DisplayName": "Roel de Regt"
    },
    "Result": "succeeded",
    "SourceBranch": "refs/heads/development",
    "SourceVersion": "9c8bd62b22fa727eb64d08b6f5caff5fca6b6379",
    "Repository": {
      "Id": "7e06ad15-43b5-4281-b482-152cbd8e6e06",
      "Name": "IntraOffice"
    }
  },
  {
    "Id": 4370,
    "BuildNumber": "20200131.1",
    "Definition": {
      "Id": 31,
      "Name": "Routing Shared REST API (WebDeploy)"
    },
    "StartTime": "2020-01-31T10:57:00.8094655Z",
    "FinishTime": "2020-01-31T11:00:43.5659071Z",
    "RequestedBy": {
      "DisplayName": "Roel de Regt"
    },
    "Result": "failed",
    "SourceBranch": "refs/heads/master",
    "SourceVersion": "398453ee04527e32308aed8c65f2d131feac8b76",
    "Repository": {
      "Id": "4d45f1cb-3e01-4fcb-aac0-f7b35c5f3a0c",
      "Name": "IntraOffice2018"
    }
  },
  {
    "Id": 4367,
    "BuildNumber": "20200129.2",
    "Definition": {
      "Id": 28,
      "Name": "Identity Server"
    },
    "StartTime": "2020-01-29T15:25:52.7545942Z",
    "FinishTime": "2020-01-29T15:27:24.1633647Z",
    "RequestedBy": {
      "DisplayName": "Tjeerd de Haas"
    },
    "Result": "succeeded",
    "SourceBranch": "refs/heads/master",
    "SourceVersion": "51b9a15fdd41dee3a5ff560542c69d93666df5aa",
    "Repository": {
      "Id": "4d45f1cb-3e01-4fcb-aac0-f7b35c5f3a0c",
      "Name": "IntraOffice2018"
    }
  },
  {
    "Id": 4365,
    "BuildNumber": "20200129.1",
    "Definition": {
      "Id": 28,
      "Name": "Identity Server"
    },
    "StartTime": "2020-01-29T13:07:31.0016955Z",
    "FinishTime": "2020-01-29T13:09:26.13332Z",
    "RequestedBy": {
      "DisplayName": "Tjeerd de Haas"
    },
    "Result": "succeeded",
    "SourceBranch": "refs/heads/master",
    "SourceVersion": "c059318403815ecff13810bdf1489fbfae7a5eba",
    "Repository": {
      "Id": "4d45f1cb-3e01-4fcb-aac0-f7b35c5f3a0c",
      "Name": "IntraOffice2018"
    }
  },
  {
    "Id": 4363,
    "BuildNumber": "20200129.1",
    "Definition": {
      "Id": 56,
      "Name": "EnvelopesRegister CI Build (Development)"
    },
    "StartTime": "2020-01-29T10:00:49.0430726Z",
    "FinishTime": "2020-01-29T10:03:04.7326524Z",
    "RequestedBy": {
      "DisplayName": "Microsoft.VisualStudio.Services.TFS"
    },
    "Result": "succeeded",
    "SourceBranch": "refs/heads/development",
    "SourceVersion": "0c17e0598e90a1ce93f9820fe28d01f5bb5f8006",
    "Repository": {
      "Id": "af0ffbfd-f163-4846-89e3-3e3f27f7a2e1",
      "Name": "EnvelopesRegister"
    }
  },
  {
    "Id": 4362,
    "BuildNumber": "20200129.1",
    "Definition": {
      "Id": 12,
      "Name": "Nuget CI Build (Master)"
    },
    "StartTime": "2020-01-29T08:48:46.454126Z",
    "FinishTime": "2020-01-29T09:03:06.607069Z",
    "RequestedBy": {
      "DisplayName": "Microsoft.VisualStudio.Services.TFS"
    },
    "Result": "succeeded",
    "SourceBranch": "refs/heads/master",
    "SourceVersion": "42f619b41ce5ec3def4f6104f992a6685833ccf1",
    "Repository": {
      "Id": "1878cfcc-dbbf-45d8-b1b2-d3aea2d079b6",
      "Name": "Nuget"
    }
  },
  {
    "Id": 4361,
    "BuildNumber": "20200128.3",
    "Definition": {
      "Id": 51,
      "Name": "EnvelopesRegister Release Build"
    },
    "StartTime": "2020-01-28T19:35:08.962284Z",
    "FinishTime": "2020-01-28T19:41:52.0910221Z",
    "RequestedBy": {
      "DisplayName": "Mikhail.Tchesnokov"
    },
    "Result": "succeeded",
    "SourceBranch": "refs/heads/master",
    "SourceVersion": "0c17e0598e90a1ce93f9820fe28d01f5bb5f8006",
    "Repository": {
      "Id": "af0ffbfd-f163-4846-89e3-3e3f27f7a2e1",
      "Name": "EnvelopesRegister"
    }
  },
  {
    "Id": 4360,
    "BuildNumber": "20200128.3",
    "Definition": {
      "Id": 50,
      "Name": "EnvelopesRegister CI Build (Master)"
    },
    "StartTime": "2020-01-28T19:27:26.5722456Z",
    "FinishTime": "2020-01-28T19:30:35.8729921Z",
    "RequestedBy": {
      "DisplayName": "Microsoft.VisualStudio.Services.TFS"
    },
    "Result": "succeeded",
    "SourceBranch": "refs/heads/master",
    "SourceVersion": "0c17e0598e90a1ce93f9820fe28d01f5bb5f8006",
    "Repository": {
      "Id": "af0ffbfd-f163-4846-89e3-3e3f27f7a2e1",
      "Name": "EnvelopesRegister"
    }
  },
  {
    "Id": 4359,
    "BuildNumber": "20200128.2",
    "Definition": {
      "Id": 51,
      "Name": "EnvelopesRegister Release Build"
    },
    "StartTime": "2020-01-28T12:50:30.6544087Z",
    "FinishTime": "2020-01-28T12:57:21.7489197Z",
    "RequestedBy": {
      "DisplayName": "Mikhail.Tchesnokov"
    },
    "Result": "succeeded",
    "SourceBranch": "refs/heads/master",
    "SourceVersion": "57953b6791404ca4a97dbc4d232ae45411914f1d",
    "Repository": {
      "Id": "af0ffbfd-f163-4846-89e3-3e3f27f7a2e1",
      "Name": "EnvelopesRegister"
    }
  },
  {
    "Id": 4357,
    "BuildNumber": "20200128.1",
    "Definition": {
      "Id": 51,
      "Name": "EnvelopesRegister Release Build"
    },
    "StartTime": "2020-01-28T12:01:18.7726743Z",
    "FinishTime": "2020-01-28T12:07:57.3619383Z",
    "RequestedBy": {
      "DisplayName": "Mikhail.Tchesnokov"
    },
    "Result": "succeeded",
    "SourceBranch": "refs/heads/master",
    "SourceVersion": "57953b6791404ca4a97dbc4d232ae45411914f1d",
    "Repository": {
      "Id": "af0ffbfd-f163-4846-89e3-3e3f27f7a2e1",
      "Name": "EnvelopesRegister"
    }
  },
  {
    "Id": 4356,
    "BuildNumber": "20200128.2",
    "Definition": {
      "Id": 50,
      "Name": "EnvelopesRegister CI Build (Master)"
    },
    "StartTime": "2020-01-28T11:55:26.8826112Z",
    "FinishTime": "2020-01-28T11:57:25.1557498Z",
    "RequestedBy": {
      "DisplayName": "Microsoft.VisualStudio.Services.TFS"
    },
    "Result": "succeeded",
    "SourceBranch": "refs/heads/master",
    "SourceVersion": "57953b6791404ca4a97dbc4d232ae45411914f1d",
    "Repository": {
      "Id": "af0ffbfd-f163-4846-89e3-3e3f27f7a2e1",
      "Name": "EnvelopesRegister"
    }
  },
  {
    "Id": 4355,
    "BuildNumber": "development-9.6.20028.1",
    "Definition": {
      "Id": 68,
      "Name": "IntraOffice"
    },
    "StartTime": "2020-01-28T10:09:16.9111368Z",
    "FinishTime": "2020-01-28T10:21:34.0181072Z",
    "RequestedBy": {
      "DisplayName": "Tjeerd de Haas"
    },
    "Result": "succeeded",
    "SourceBranch": "refs/heads/development",
    "SourceVersion": "b5b5cacf7a692357e90c3e419b86ca7c5dc840ba",
    "Repository": {
      "Id": "7e06ad15-43b5-4281-b482-152cbd8e6e06",
      "Name": "IntraOffice"
    }
  },
  {
    "Id": 4354,
    "BuildNumber": "20200128.1",
    "Definition": {
      "Id": 50,
      "Name": "EnvelopesRegister CI Build (Master)"
    },
    "StartTime": "2020-01-28T09:12:13.180881Z",
    "FinishTime": "2020-01-28T09:14:17.5124373Z",
    "RequestedBy": {
      "DisplayName": "Microsoft.VisualStudio.Services.TFS"
    },
    "Result": "succeeded",
    "SourceBranch": "refs/heads/master",
    "SourceVersion": "c9b2c728146de81460624e2e7e1510e1271f6ade",
    "Repository": {
      "Id": "af0ffbfd-f163-4846-89e3-3e3f27f7a2e1",
      "Name": "EnvelopesRegister"
    }
  },
  {
    "Id": 4347,
    "BuildNumber": "20200127.3",
    "Definition": {
      "Id": 50,
      "Name": "EnvelopesRegister CI Build (Master)"
    },
    "StartTime": "2020-01-27T14:57:33.0856468Z",
    "FinishTime": "2020-01-27T15:00:11.5559982Z",
    "RequestedBy": {
      "DisplayName": "Microsoft.VisualStudio.Services.TFS"
    },
    "Result": "succeeded",
    "SourceBranch": "refs/heads/master",
    "SourceVersion": "bc63055ef163ffb6e467ded0ceff659aff5a1db8",
    "Repository": {
      "Id": "af0ffbfd-f163-4846-89e3-3e3f27f7a2e1",
      "Name": "EnvelopesRegister"
    }
  },
  {
    "Id": 4346,
    "BuildNumber": "20200127.2",
    "Definition": {
      "Id": 50,
      "Name": "EnvelopesRegister CI Build (Master)"
    },
    "StartTime": "2020-01-27T14:53:07.3038506Z",
    "FinishTime": "2020-01-27T14:55:44.7965722Z",
    "RequestedBy": {
      "DisplayName": "Mikhail.Tchesnokov"
    },
    "Result": "succeeded",
    "SourceBranch": "refs/heads/master",
    "SourceVersion": "00a8108ae41e105ff7e13b835d65cff01dc30ce6",
    "Repository": {
      "Id": "af0ffbfd-f163-4846-89e3-3e3f27f7a2e1",
      "Name": "EnvelopesRegister"
    }
  },
  {
    "Id": 4344,
    "BuildNumber": "20200127.6",
    "Definition": {
      "Id": 56,
      "Name": "EnvelopesRegister CI Build (Development)"
    },
    "StartTime": "2020-01-27T14:45:52.593358Z",
    "FinishTime": "2020-01-27T14:48:17.4446755Z",
    "RequestedBy": {
      "DisplayName": "Microsoft.VisualStudio.Services.TFS"
    },
    "Result": "succeeded",
    "SourceBranch": "refs/heads/development",
    "SourceVersion": "00a8108ae41e105ff7e13b835d65cff01dc30ce6",
    "Repository": {
      "Id": "af0ffbfd-f163-4846-89e3-3e3f27f7a2e1",
      "Name": "EnvelopesRegister"
    }
  },
  {
    "Id": 4343,
    "BuildNumber": "20200127.5",
    "Definition": {
      "Id": 56,
      "Name": "EnvelopesRegister CI Build (Development)"
    },
    "StartTime": "2020-01-27T14:34:35.7111076Z",
    "FinishTime": "2020-01-27T14:36:46.4106484Z",
    "RequestedBy": {
      "DisplayName": "Mikhail.Tchesnokov"
    },
    "Result": "succeeded",
    "SourceBranch": "refs/heads/development",
    "SourceVersion": "9743f4e58f4dc08da6d8ae7f691a6a1543a64b05",
    "Repository": {
      "Id": "af0ffbfd-f163-4846-89e3-3e3f27f7a2e1",
      "Name": "EnvelopesRegister"
    }
  },
  {
    "Id": 4342,
    "BuildNumber": "20200127.4",
    "Definition": {
      "Id": 56,
      "Name": "EnvelopesRegister CI Build (Development)"
    },
    "StartTime": "2020-01-27T14:22:02.2138524Z",
    "FinishTime": "2020-01-27T14:24:12.5517225Z",
    "RequestedBy": {
      "DisplayName": "Mikhail.Tchesnokov"
    },
    "Result": "succeeded",
    "SourceBranch": "refs/heads/development",
    "SourceVersion": "9743f4e58f4dc08da6d8ae7f691a6a1543a64b05",
    "Repository": {
      "Id": "af0ffbfd-f163-4846-89e3-3e3f27f7a2e1",
      "Name": "EnvelopesRegister"
    }
  },
  {
    "Id": 4341,
    "BuildNumber": "20200127.3",
    "Definition": {
      "Id": 56,
      "Name": "EnvelopesRegister CI Build (Development)"
    },
    "StartTime": "2020-01-27T14:14:01.923093Z",
    "FinishTime": "2020-01-27T14:15:40.0857829Z",
    "RequestedBy": {
      "DisplayName": "Mikhail.Tchesnokov"
    },
    "Result": "succeeded",
    "SourceBranch": "refs/heads/development",
    "SourceVersion": "9743f4e58f4dc08da6d8ae7f691a6a1543a64b05",
    "Repository": {
      "Id": "af0ffbfd-f163-4846-89e3-3e3f27f7a2e1",
      "Name": "EnvelopesRegister"
    }
  },
  {
    "Id": 4340,
    "BuildNumber": "20200127.2",
    "Definition": {
      "Id": 56,
      "Name": "EnvelopesRegister CI Build (Development)"
    },
    "StartTime": "2020-01-27T13:50:59.7866886Z",
    "FinishTime": "2020-01-27T13:53:14.0334928Z",
    "RequestedBy": {
      "DisplayName": "Mikhail.Tchesnokov"
    },
    "Result": "succeeded",
    "SourceBranch": "refs/heads/development",
    "SourceVersion": "9743f4e58f4dc08da6d8ae7f691a6a1543a64b05",
    "Repository": {
      "Id": "af0ffbfd-f163-4846-89e3-3e3f27f7a2e1",
      "Name": "EnvelopesRegister"
    }
  },
  {
    "Id": 4339,
    "BuildNumber": "20200127.1",
    "Definition": {
      "Id": 66,
      "Name": "Nuget CI Build (Development)"
    },
    "StartTime": "2020-01-27T13:32:18.7822542Z",
    "FinishTime": "2020-01-27T13:45:58.5847473Z",
    "RequestedBy": {
      "DisplayName": "Microsoft.VisualStudio.Services.TFS"
    },
    "Result": "succeeded",
    "SourceBranch": "refs/heads/development",
    "SourceVersion": "42f619b41ce5ec3def4f6104f992a6685833ccf1",
    "Repository": {
      "Id": "1878cfcc-dbbf-45d8-b1b2-d3aea2d079b6",
      "Name": "Nuget"
    }
  },
  {
    "Id": 4338,
    "BuildNumber": "20200127.1",
    "Definition": {
      "Id": 56,
      "Name": "EnvelopesRegister CI Build (Development)"
    },
    "StartTime": "2020-01-27T13:31:26.0452185Z",
    "FinishTime": "2020-01-27T13:34:35.4546981Z",
    "RequestedBy": {
      "DisplayName": "Microsoft.VisualStudio.Services.TFS"
    },
    "Result": "succeeded",
    "SourceBranch": "refs/heads/development",
    "SourceVersion": "9743f4e58f4dc08da6d8ae7f691a6a1543a64b05",
    "Repository": {
      "Id": "af0ffbfd-f163-4846-89e3-3e3f27f7a2e1",
      "Name": "EnvelopesRegister"
    }
  },
  {
    "Id": 4337,
    "BuildNumber": "development-9.6.20024.1",
    "Definition": {
      "Id": 9,
      "Name": "Version 9 Build"
    },
    "StartTime": "2020-01-24T11:05:55.9754468Z",
    "FinishTime": "2020-01-24T11:28:19.5361334Z",
    "RequestedBy": {
      "DisplayName": "Tjeerd de Haas"
    },
    "Result": "succeeded",
    "SourceBranch": "refs/heads/development",
    "SourceVersion": "ff6d843d6d0a571b143ae73eca923d22d5b28942",
    "Repository": {
      "Id": "7e06ad15-43b5-4281-b482-152cbd8e6e06",
      "Name": "IntraOffice"
    }
  },
  {
    "Id": 4336,
    "BuildNumber": "20200124.3",
    "Definition": {
      "Id": 66,
      "Name": "Nuget CI Build (Development)"
    },
    "StartTime": "2020-01-24T09:52:10.1099152Z",
    "FinishTime": "2020-01-24T10:05:34.0056436Z",
    "RequestedBy": {
      "DisplayName": "Microsoft.VisualStudio.Services.TFS"
    },
    "Result": "succeeded",
    "SourceBranch": "refs/heads/development",
    "SourceVersion": "e7cb6b12ecf77d8cc23672a45b7aede43f17dff7",
    "Repository": {
      "Id": "1878cfcc-dbbf-45d8-b1b2-d3aea2d079b6",
      "Name": "Nuget"
    }
  },
  {
    "Id": 4335,
    "BuildNumber": "20200124.2",
    "Definition": {
      "Id": 66,
      "Name": "Nuget CI Build (Development)"
    },
    "StartTime": "2020-01-24T09:41:17.5689669Z",
    "FinishTime": "2020-01-24T09:55:17.4352625Z",
    "RequestedBy": {
      "DisplayName": "Microsoft.VisualStudio.Services.TFS"
    },
    "Result": "succeeded",
    "SourceBranch": "refs/heads/development",
    "SourceVersion": "ca5c0bfb3ddc698a19e92480da85df46fd4e22c4",
    "Repository": {
      "Id": "1878cfcc-dbbf-45d8-b1b2-d3aea2d079b6",
      "Name": "Nuget"
    }
  },
  {
    "Id": 4334,
    "BuildNumber": "20200124.1",
    "Definition": {
      "Id": 66,
      "Name": "Nuget CI Build (Development)"
    },
    "StartTime": "2020-01-24T08:50:03.5650056Z",
    "FinishTime": "2020-01-24T09:04:31.5413529Z",
    "RequestedBy": {
      "DisplayName": "Microsoft.VisualStudio.Services.TFS"
    },
    "Result": "succeeded",
    "SourceBranch": "refs/heads/development",
    "SourceVersion": "af0698692bf58b578a4f4e47c46c2ed3c3af3e21",
    "Repository": {
      "Id": "1878cfcc-dbbf-45d8-b1b2-d3aea2d079b6",
      "Name": "Nuget"
    }
  },
  {
    "Id": 4333,
    "BuildNumber": "20200123.6",
    "Definition": {
      "Id": 66,
      "Name": "Nuget CI Build (Development)"
    },
    "StartTime": "2020-01-23T14:48:18.8657796Z",
    "FinishTime": "2020-01-23T15:01:09.3734524Z",
    "RequestedBy": {
      "DisplayName": "Microsoft.VisualStudio.Services.TFS"
    },
    "Result": "succeeded",
    "SourceBranch": "refs/heads/development",
    "SourceVersion": "7e41978ee361a3137e1e040a0c68248599f51f35",
    "Repository": {
      "Id": "1878cfcc-dbbf-45d8-b1b2-d3aea2d079b6",
      "Name": "Nuget"
    }
  },
  {
    "Id": 4329,
    "BuildNumber": "20200123.4",
    "Definition": {
      "Id": 56,
      "Name": "EnvelopesRegister CI Build (Development)"
    },
    "StartTime": "2020-01-23T13:48:57.8798145Z",
    "FinishTime": "2020-01-23T13:50:33.6550744Z",
    "RequestedBy": {
      "DisplayName": "Mikhail.Tchesnokov"
    },
    "Result": "succeeded",
    "SourceBranch": "refs/heads/development",
    "SourceVersion": "6f2cac935f96c742990acde60dee7a5ff7d14ffe",
    "Repository": {
      "Id": "af0ffbfd-f163-4846-89e3-3e3f27f7a2e1",
      "Name": "EnvelopesRegister"
    }
  },
  {
    "Id": 4319,
    "BuildNumber": "development-9.6.20021.1",
    "Definition": {
      "Id": 68,
      "Name": "IntraOffice"
    },
    "StartTime": "2020-01-21T10:28:25.955329Z",
    "FinishTime": "2020-01-21T10:40:02.6268068Z",
    "RequestedBy": {
      "DisplayName": "Corne Los"
    },
    "Result": "succeeded",
    "SourceBranch": "refs/heads/development",
    "SourceVersion": "8cd275eb3db3cc384c649198bc8a3e1ff4cdab2a",
    "Repository": {
      "Id": "7e06ad15-43b5-4281-b482-152cbd8e6e06",
      "Name": "IntraOffice"
    }
  },
  {
    "Id": 4318,
    "BuildNumber": "10.0.22-master-20017-01",
    "Definition": {
      "Id": 63,
      "Name": "IntraOffice-Base"
    },
    "StartTime": "2020-01-17T11:36:40.7907999Z",
    "FinishTime": "2020-01-17T12:51:16.7291679Z",
    "RequestedBy": {
      "DisplayName": "Roel de Regt"
    },
    "Result": "succeeded",
    "SourceBranch": "refs/heads/master",
    "SourceVersion": "e6ab260f4bcc83137a8a1c7c20d3f1e9ea90e36f",
    "Repository": {
      "Id": "cf29d81d-13bf-481c-9fd4-cbee9ea05961",
      "Name": "IntraOffice-Base"
    }
  },
  {
    "Id": 4316,
    "BuildNumber": "10.0.21-master-20017-01",
    "Definition": {
      "Id": 63,
      "Name": "IntraOffice-Base"
    },
    "StartTime": "2020-01-17T10:56:36.850932Z",
    "FinishTime": "2020-01-17T11:26:11.777331Z",
    "RequestedBy": {
      "DisplayName": "Roel de Regt"
    },
    "Result": "succeeded",
    "SourceBranch": "refs/heads/master",
    "SourceVersion": "a83e7f2637f424e12d4b4801db1434592ab3cb65",
    "Repository": {
      "Id": "cf29d81d-13bf-481c-9fd4-cbee9ea05961",
      "Name": "IntraOffice-Base"
    }
  },
  {
    "Id": 4317,
    "BuildNumber": "20200117.1",
    "Definition": {
      "Id": 12,
      "Name": "Nuget CI Build (Master)"
    },
    "StartTime": "2020-01-17T10:58:20.3459448Z",
    "FinishTime": "2020-01-17T11:11:32.4778458Z",
    "RequestedBy": {
      "DisplayName": "Microsoft.VisualStudio.Services.TFS"
    },
    "Result": "succeeded",
    "SourceBranch": "refs/heads/master",
    "SourceVersion": "90911c3c4651115b1374efa16a135dc2108eeb28",
    "Repository": {
      "Id": "1878cfcc-dbbf-45d8-b1b2-d3aea2d079b6",
      "Name": "Nuget"
    }
  },
  {
    "Id": 4315,
    "BuildNumber": "10.0.21-development-20017-01",
    "Definition": {
      "Id": 63,
      "Name": "IntraOffice-Base"
    },
    "StartTime": "2020-01-17T10:49:50.9427185Z",
    "FinishTime": "2020-01-17T10:52:31.2656579Z",
    "RequestedBy": {
      "DisplayName": "Roel de Regt"
    },
    "Result": "succeeded",
    "SourceBranch": "refs/heads/development",
    "SourceVersion": "adb717bf3eab38db5e6100f1e59c88fb24a87315",
    "Repository": {
      "Id": "cf29d81d-13bf-481c-9fd4-cbee9ea05961",
      "Name": "IntraOffice-Base"
    }
  },
  {
    "Id": 4311,
    "BuildNumber": "20200117.2",
    "Definition": {
      "Id": 66,
      "Name": "Nuget CI Build (Development)"
    },
    "StartTime": "2020-01-17T10:18:48.7144674Z",
    "FinishTime": "2020-01-17T10:32:16.7154684Z",
    "RequestedBy": {
      "DisplayName": "Microsoft.VisualStudio.Services.TFS"
    },
    "Result": "succeeded",
    "SourceBranch": "refs/heads/development",
    "SourceVersion": "90911c3c4651115b1374efa16a135dc2108eeb28",
    "Repository": {
      "Id": "1878cfcc-dbbf-45d8-b1b2-d3aea2d079b6",
      "Name": "Nuget"
    }
  },
  {
    "Id": 4310,
    "BuildNumber": "20200117.3",
    "Definition": {
      "Id": 56,
      "Name": "EnvelopesRegister CI Build (Development)"
    },
    "StartTime": "2020-01-17T10:17:30.1860156Z",
    "FinishTime": "2020-01-17T10:20:59.5176469Z",
    "RequestedBy": {
      "DisplayName": "Microsoft.VisualStudio.Services.TFS"
    },
    "Result": "succeeded",
    "SourceBranch": "refs/heads/development",
    "SourceVersion": "e725bbf3a2d882ed555fc4d5dcdcaa6f57cf9f6c",
    "Repository": {
      "Id": "af0ffbfd-f163-4846-89e3-3e3f27f7a2e1",
      "Name": "EnvelopesRegister"
    }
  },
  {
    "Id": 4306,
    "BuildNumber": "master-10.0.20016.1",
    "Definition": {
      "Id": 69,
      "Name": "IntraOffice-Content-Repository"
    },
    "StartTime": "2020-01-16T15:56:23.9398336Z",
    "FinishTime": "2020-01-16T16:02:06.0658089Z",
    "RequestedBy": {
      "DisplayName": "Roel de Regt"
    },
    "Result": "succeeded",
    "SourceBranch": "refs/heads/master",
    "SourceVersion": "ec58e129d9ed2c23d7346a216a8243794a3b2a4f",
    "Repository": {
      "Id": "6525cebf-c7df-4ba3-b01a-265613861b33",
      "Name": "IntraOffice-Content-Repository"
    }
  },
  {
    "Id": 4168,
    "BuildNumber": "master-10.0.19351.2",
    "Definition": {
      "Id": 69,
      "Name": "IntraOffice-Content-Repository"
    },
    "StartTime": "2020-01-16T15:24:02.4923272Z",
    "FinishTime": "2020-01-16T15:24:51.3808915Z",
    "RequestedBy": {
      "DisplayName": "Roel de Regt"
    },
    "Result": "failed",
    "SourceBranch": "refs/heads/master",
    "SourceVersion": "705d9a1c0f9f076893d0b54c61847ca53ddeb6a4",
    "Repository": {
      "Id": "6525cebf-c7df-4ba3-b01a-265613861b33",
      "Name": "IntraOffice-Content-Repository"
    }
  },
  {
    "Id": 4305,
    "BuildNumber": "20200116.2",
    "Definition": {
      "Id": 12,
      "Name": "Nuget CI Build (Master)"
    },
    "StartTime": "2020-01-16T07:35:24.1918421Z",
    "FinishTime": "2020-01-16T07:48:09.0754356Z",
    "RequestedBy": {
      "DisplayName": "admin"
    },
    "Result": "succeeded",
    "SourceBranch": "refs/heads/master",
    "SourceVersion": "8b1f3b60f20cd7ff395abc75476116b05a7bf822",
    "Repository": {
      "Id": "1878cfcc-dbbf-45d8-b1b2-d3aea2d079b6",
      "Name": "Nuget"
    }
  },
  {
    "Id": 4303,
    "BuildNumber": "20200115.6",
    "Definition": {
      "Id": 66,
      "Name": "Nuget CI Build (Development)"
    },
    "StartTime": "2020-01-15T19:23:29.4329618Z",
    "FinishTime": "2020-01-15T19:37:29.8508093Z",
    "RequestedBy": {
      "DisplayName": "Microsoft.VisualStudio.Services.TFS"
    },
    "Result": "succeeded",
    "SourceBranch": "refs/heads/development",
    "SourceVersion": "8b1f3b60f20cd7ff395abc75476116b05a7bf822",
    "Repository": {
      "Id": "1878cfcc-dbbf-45d8-b1b2-d3aea2d079b6",
      "Name": "Nuget"
    }
  },
  {
    "Id": 4302,
    "BuildNumber": "20200115.4",
    "Definition": {
      "Id": 56,
      "Name": "EnvelopesRegister CI Build (Development)"
    },
    "StartTime": "2020-01-15T19:12:26.4966136Z",
    "FinishTime": "2020-01-15T19:15:45.9147815Z",
    "RequestedBy": {
      "DisplayName": "admin"
    },
    "Result": "succeeded",
    "SourceBranch": "refs/heads/development",
    "SourceVersion": "360f28044f2228c0d4758748807b5ddebd7a3950",
    "Repository": {
      "Id": "af0ffbfd-f163-4846-89e3-3e3f27f7a2e1",
      "Name": "EnvelopesRegister"
    }
  },
  {
    "Id": 4301,
    "BuildNumber": "20200115.3",
    "Definition": {
      "Id": 56,
      "Name": "EnvelopesRegister CI Build (Development)"
    },
    "StartTime": "2020-01-15T19:03:50.2315191Z",
    "FinishTime": "2020-01-15T19:07:12.3060786Z",
    "RequestedBy": {
      "DisplayName": "admin"
    },
    "Result": "succeeded",
    "SourceBranch": "refs/heads/development",
    "SourceVersion": "360f28044f2228c0d4758748807b5ddebd7a3950",
    "Repository": {
      "Id": "af0ffbfd-f163-4846-89e3-3e3f27f7a2e1",
      "Name": "EnvelopesRegister"
    }
  },
  {
    "Id": 4297,
    "BuildNumber": "20200115.2",
    "Definition": {
      "Id": 56,
      "Name": "EnvelopesRegister CI Build (Development)"
    },
    "StartTime": "2020-01-15T14:13:39.2400297Z",
    "FinishTime": "2020-01-15T14:17:10.599717Z",
    "RequestedBy": {
      "DisplayName": "Microsoft.VisualStudio.Services.TFS"
    },
    "Result": "succeeded",
    "SourceBranch": "refs/heads/development",
    "SourceVersion": "360f28044f2228c0d4758748807b5ddebd7a3950",
    "Repository": {
      "Id": "af0ffbfd-f163-4846-89e3-3e3f27f7a2e1",
      "Name": "EnvelopesRegister"
    }
  },
  {
    "Id": 4287,
    "BuildNumber": "20200113.2",
    "Definition": {
      "Id": 70,
      "Name": "SmsFunction Azure CI"
    },
    "StartTime": "2020-01-13T15:11:07.1334524Z",
    "FinishTime": "2020-01-13T15:14:24.9235191Z",
    "RequestedBy": {
      "DisplayName": "Microsoft.VisualStudio.Services.TFS"
    },
    "Result": "succeeded",
    "SourceBranch": "refs/heads/master",
    "SourceVersion": "8f5312607938bc36dad7878e61ed5a1a9463d67f",
    "Repository": {
      "Id": "bc5a01cb-3b65-4983-8bd2-fd53fcd862a0",
      "Name": "IntraOffice-Service-Fabric"
    }
  },
  {
    "Id": 4288,
    "BuildNumber": "20200113.2",
    "Definition": {
      "Id": 71,
      "Name": "AuditFunction Azure CI"
    },
    "StartTime": "2020-01-13T15:11:06.5828565Z",
    "FinishTime": "2020-01-13T15:13:46.6371278Z",
    "RequestedBy": {
      "DisplayName": "Microsoft.VisualStudio.Services.TFS"
    },
    "Result": "succeeded",
    "SourceBranch": "refs/heads/master",
    "SourceVersion": "8f5312607938bc36dad7878e61ed5a1a9463d67f",
    "Repository": {
      "Id": "bc5a01cb-3b65-4983-8bd2-fd53fcd862a0",
      "Name": "IntraOffice-Service-Fabric"
    }
  },
  {
    "Id": 4285,
    "BuildNumber": "20200113.1",
    "Definition": {
      "Id": 70,
      "Name": "SmsFunction Azure CI"
    },
    "StartTime": "2020-01-13T13:55:07.4017503Z",
    "FinishTime": "2020-01-13T13:58:07.0045698Z",
    "RequestedBy": {
      "DisplayName": "Microsoft.VisualStudio.Services.TFS"
    },
    "Result": "succeeded",
    "SourceBranch": "refs/heads/master",
    "SourceVersion": "3c9e36af9e6bfc0181ebf7f0da3ec18b6408dca4",
    "Repository": {
      "Id": "bc5a01cb-3b65-4983-8bd2-fd53fcd862a0",
      "Name": "IntraOffice-Service-Fabric"
    }
  },
  {
    "Id": 4286,
    "BuildNumber": "20200113.1",
    "Definition": {
      "Id": 71,
      "Name": "AuditFunction Azure CI"
    },
    "StartTime": "2020-01-13T13:55:08.0690189Z",
    "FinishTime": "2020-01-13T13:57:44.5981145Z",
    "RequestedBy": {
      "DisplayName": "Microsoft.VisualStudio.Services.TFS"
    },
    "Result": "succeeded",
    "SourceBranch": "refs/heads/master",
    "SourceVersion": "3c9e36af9e6bfc0181ebf7f0da3ec18b6408dca4",
    "Repository": {
      "Id": "bc5a01cb-3b65-4983-8bd2-fd53fcd862a0",
      "Name": "IntraOffice-Service-Fabric"
    }
  },
  {
    "Id": 4284,
    "BuildNumber": "development-9.6.20010.2",
    "Definition": {
      "Id": 9,
      "Name": "Version 9 Build"
    },
    "StartTime": "2020-01-10T15:07:05.7426682Z",
    "FinishTime": "2020-01-10T15:07:38.7797379Z",
    "RequestedBy": {
      "DisplayName": "Tjeerd de Haas"
    },
    "Result": "canceled",
    "SourceBranch": "refs/heads/development",
    "SourceVersion": "190696e4781d43d9cac1a2a7376be619356e571d",
    "Repository": {
      "Id": "7e06ad15-43b5-4281-b482-152cbd8e6e06",
      "Name": "IntraOffice"
    }
  },
  {
    "Id": 4283,
    "BuildNumber": "development-9.6.20010.1",
    "Definition": {
      "Id": 9,
      "Name": "Version 9 Build"
    },
    "StartTime": "2020-01-10T12:54:24.9588511Z",
    "FinishTime": "2020-01-10T13:14:40.3475502Z",
    "RequestedBy": {
      "DisplayName": "Tjeerd de Haas"
    },
    "Result": "succeeded",
    "SourceBranch": "refs/heads/development",
    "SourceVersion": "27152ebc16758b3c02cbec3041bfc8537571ce9e",
    "Repository": {
      "Id": "7e06ad15-43b5-4281-b482-152cbd8e6e06",
      "Name": "IntraOffice"
    }
  },
  {
    "Id": 4280,
    "BuildNumber": "development-9.6.20010.2",
    "Definition": {
      "Id": 68,
      "Name": "IntraOffice"
    },
    "StartTime": "2020-01-10T10:48:26.9066357Z",
    "FinishTime": "2020-01-10T11:00:54.5032582Z",
    "RequestedBy": {
      "DisplayName": "Roel de Regt"
    },
    "Result": "succeeded",
    "SourceBranch": "refs/heads/development",
    "SourceVersion": "27152ebc16758b3c02cbec3041bfc8537571ce9e",
    "Repository": {
      "Id": "7e06ad15-43b5-4281-b482-152cbd8e6e06",
      "Name": "IntraOffice"
    }
  },
  {
    "Id": 4281,
    "BuildNumber": "20200110.3",
    "Definition": {
      "Id": 67,
      "Name": "SendGridReceiver - CI"
    },
    "StartTime": "2020-01-10T10:47:32.6139323Z",
    "FinishTime": "2020-01-10T10:51:18.5861226Z",
    "RequestedBy": {
      "DisplayName": "Microsoft.VisualStudio.Services.TFS"
    },
    "Result": "succeeded",
    "SourceBranch": "refs/heads/development",
    "SourceVersion": "27152ebc16758b3c02cbec3041bfc8537571ce9e",
    "Repository": {
      "Id": "7e06ad15-43b5-4281-b482-152cbd8e6e06",
      "Name": "IntraOffice"
    }
  },
  {
    "Id": 4278,
    "BuildNumber": "20200110.2",
    "Definition": {
      "Id": 67,
      "Name": "SendGridReceiver - CI"
    },
    "StartTime": "2020-01-10T10:43:48.6593334Z",
    "FinishTime": "2020-01-10T10:47:16.8663239Z",
    "RequestedBy": {
      "DisplayName": "Microsoft.VisualStudio.Services.TFS"
    },
    "Result": "succeeded",
    "SourceBranch": "refs/heads/development",
    "SourceVersion": "e43b34d0ce49e59f4273e658d9b6a09b7dc7cd41",
    "Repository": {
      "Id": "7e06ad15-43b5-4281-b482-152cbd8e6e06",
      "Name": "IntraOffice"
    }
  },
  {
    "Id": 4279,
    "BuildNumber": "development-9.6.20010.1",
    "Definition": {
      "Id": 68,
      "Name": "IntraOffice"
    },
    "StartTime": "2020-01-10T10:44:46.7966667Z",
    "FinishTime": "2020-01-10T10:44:46.7966667Z",
    "RequestedBy": {
      "DisplayName": "Corne Los"
    },
    "Result": "failed",
    "SourceBranch": "refs/heads/development",
    "SourceVersion": "e43b34d0ce49e59f4273e658d9b6a09b7dc7cd41",
    "Repository": {
      "Id": "7e06ad15-43b5-4281-b482-152cbd8e6e06",
      "Name": "IntraOffice"
    }
  },
  {
    "Id": 4277,
    "BuildNumber": "20200110.1",
    "Definition": {
      "Id": 67,
      "Name": "SendGridReceiver - CI"
    },
    "StartTime": "2020-01-10T10:40:06.1466861Z",
    "FinishTime": "2020-01-10T10:43:34.7959632Z",
    "RequestedBy": {
      "DisplayName": "Microsoft.VisualStudio.Services.TFS"
    },
    "Result": "succeeded",
    "SourceBranch": "refs/heads/development",
    "SourceVersion": "c16509c888cbdc7f2d012f2bf6d36edfe5adbab4",
    "Repository": {
      "Id": "7e06ad15-43b5-4281-b482-152cbd8e6e06",
      "Name": "IntraOffice"
    }
  },
  {
    "Id": 4276,
    "BuildNumber": "9.2-9.2.20009.5",
    "Definition": {
      "Id": 9,
      "Name": "Version 9 Build"
    },
    "StartTime": "2020-01-09T15:43:55.830267Z",
    "FinishTime": "2020-01-09T16:01:27.5200515Z",
    "RequestedBy": {
      "DisplayName": "Roel de Regt"
    },
    "Result": "succeeded",
    "SourceBranch": "refs/heads/Releases/9.2",
    "SourceVersion": "43e00d2eef1a75216180b60dc7322e865f867ad9",
    "Repository": {
      "Id": "7e06ad15-43b5-4281-b482-152cbd8e6e06",
      "Name": "IntraOffice"
    }
  },
  {
    "Id": 4275,
    "BuildNumber": "9.2-9.2.20009.4",
    "Definition": {
      "Id": 9,
      "Name": "Version 9 Build"
    },
    "StartTime": "2020-01-09T15:09:35.703512Z",
    "FinishTime": "2020-01-09T15:25:50.8173565Z",
    "RequestedBy": {
      "DisplayName": "Roel de Regt"
    },
    "Result": "failed",
    "SourceBranch": "refs/heads/Releases/9.2",
    "SourceVersion": "43e00d2eef1a75216180b60dc7322e865f867ad9",
    "Repository": {
      "Id": "7e06ad15-43b5-4281-b482-152cbd8e6e06",
      "Name": "IntraOffice"
    }
  },
  {
    "Id": 4274,
    "BuildNumber": "9.2-9.2.20009.3",
    "Definition": {
      "Id": 9,
      "Name": "Version 9 Build"
    },
    "StartTime": "2020-01-09T14:42:05.2186844Z",
    "FinishTime": "2020-01-09T14:43:58.2061071Z",
    "RequestedBy": {
      "DisplayName": "Roel de Regt"
    },
    "Result": "failed",
    "SourceBranch": "refs/heads/Releases/9.2",
    "SourceVersion": "aa2322336e769a65c4099b30fe3e8e95e5815e20",
    "Repository": {
      "Id": "7e06ad15-43b5-4281-b482-152cbd8e6e06",
      "Name": "IntraOffice"
    }
  },
  {
    "Id": 4273,
    "BuildNumber": "9.2-9.6.20009.2",
    "Definition": {
      "Id": 9,
      "Name": "Version 9 Build"
    },
    "StartTime": "2020-01-09T14:41:15.7399412Z",
    "FinishTime": "2020-01-09T14:41:35.6643111Z",
    "RequestedBy": {
      "DisplayName": "Roel de Regt"
    },
    "Result": "canceled",
    "SourceBranch": "refs/heads/Releases/9.2",
    "SourceVersion": "aa2322336e769a65c4099b30fe3e8e95e5815e20",
    "Repository": {
      "Id": "7e06ad15-43b5-4281-b482-152cbd8e6e06",
      "Name": "IntraOffice"
    }
  },
  {
    "Id": 4272,
    "BuildNumber": "9.2-9.2.20009.2",
    "Definition": {
      "Id": 9,
      "Name": "Version 9 Build"
    },
    "StartTime": "2020-01-09T14:30:53.8647192Z",
    "FinishTime": "2020-01-09T14:33:13.5951028Z",
    "RequestedBy": {
      "DisplayName": "Roel de Regt"
    },
    "Result": "failed",
    "SourceBranch": "refs/heads/Releases/9.2",
    "SourceVersion": "aa2322336e769a65c4099b30fe3e8e95e5815e20",
    "Repository": {
      "Id": "7e06ad15-43b5-4281-b482-152cbd8e6e06",
      "Name": "IntraOffice"
    }
  },
  {
    "Id": 4271,
    "BuildNumber": "9.2-9.2.20009.1",
    "Definition": {
      "Id": 9,
      "Name": "Version 9 Build"
    },
    "StartTime": "2020-01-09T14:13:26.5003201Z",
    "FinishTime": "2020-01-09T14:13:26.5003201Z",
    "RequestedBy": {
      "DisplayName": "Roel de Regt"
    },
    "Result": "canceled",
    "SourceBranch": "refs/heads/Releases/9.2",
    "SourceVersion": "aa2322336e769a65c4099b30fe3e8e95e5815e20",
    "Repository": {
      "Id": "7e06ad15-43b5-4281-b482-152cbd8e6e06",
      "Name": "IntraOffice"
    }
  },
  {
    "Id": 4270,
    "BuildNumber": "9.2-9.6.20009.1",
    "Definition": {
      "Id": 9,
      "Name": "Version 9 Build"
    },
    "StartTime": "2020-01-09T14:08:42.2324804Z",
    "FinishTime": "2020-01-09T14:08:52.5394575Z",
    "RequestedBy": {
      "DisplayName": "Roel de Regt"
    },
    "Result": "canceled",
    "SourceBranch": "refs/heads/Releases/9.2",
    "SourceVersion": "aa2322336e769a65c4099b30fe3e8e95e5815e20",
    "Repository": {
      "Id": "7e06ad15-43b5-4281-b482-152cbd8e6e06",
      "Name": "IntraOffice"
    }
  },
  {
    "Id": 4269,
    "BuildNumber": "20200108.2",
    "Definition": {
      "Id": 67,
      "Name": "SendGridReceiver - CI"
    },
    "StartTime": "2020-01-08T13:17:30.3451144Z",
    "FinishTime": "2020-01-08T13:20:54.383574Z",
    "RequestedBy": {
      "DisplayName": "Microsoft.VisualStudio.Services.TFS"
    },
    "Result": "succeeded",
    "SourceBranch": "refs/heads/development",
    "SourceVersion": "ea71ee30f66f5cda4faea84017a2b18d8f735542",
    "Repository": {
      "Id": "7e06ad15-43b5-4281-b482-152cbd8e6e06",
      "Name": "IntraOffice"
    }
  },
  {
    "Id": 4268,
    "BuildNumber": "20200108.1",
    "Definition": {
      "Id": 67,
      "Name": "SendGridReceiver - CI"
    },
    "StartTime": "2020-01-08T13:09:39.1163813Z",
    "FinishTime": "2020-01-08T13:12:46.0181008Z",
    "RequestedBy": {
      "DisplayName": "Microsoft.VisualStudio.Services.TFS"
    },
    "Result": "succeeded",
    "SourceBranch": "refs/heads/development",
    "SourceVersion": "bc957e3d65a906ad752b2d4bab48087dd4cfc854",
    "Repository": {
      "Id": "7e06ad15-43b5-4281-b482-152cbd8e6e06",
      "Name": "IntraOffice"
    }
  },
  {
    "Id": 4263,
    "BuildNumber": "multilingual-10.0.20007.4",
    "Definition": {
      "Id": 72,
      "Name": "IntraOffice-Routing"
    },
    "StartTime": "2020-01-07T16:20:08.6752313Z",
    "FinishTime": "2020-01-07T16:27:35.1141096Z",
    "RequestedBy": {
      "DisplayName": "Roel de Regt"
    },
    "Result": "succeeded",
    "SourceBranch": "refs/heads/multilingual",
    "SourceVersion": "0c282933dc38fd854fea91fd0e52c79a1eda3163",
    "Repository": {
      "Id": "e71ab3fa-2e72-469c-b58e-ce8cd3f6795b",
      "Name": "IntraOffice-Routing"
    }
  },
  {
    "Id": 4262,
    "BuildNumber": "multilingual-10.0.20007.3",
    "Definition": {
      "Id": 72,
      "Name": "IntraOffice-Routing"
    },
    "StartTime": "2020-01-07T15:26:03.5908208Z",
    "FinishTime": "2020-01-07T15:34:27.1176577Z",
    "RequestedBy": {
      "DisplayName": "Roel de Regt"
    },
    "Result": "succeeded",
    "SourceBranch": "refs/heads/multilingual",
    "SourceVersion": "34eb32710865aea288fc864292591e25b83c0c1e",
    "Repository": {
      "Id": "e71ab3fa-2e72-469c-b58e-ce8cd3f6795b",
      "Name": "IntraOffice-Routing"
    }
  },
  {
    "Id": 4261,
    "BuildNumber": "multilingual-10.0.20007.2",
    "Definition": {
      "Id": 72,
      "Name": "IntraOffice-Routing"
    },
    "StartTime": "2020-01-07T14:58:36.8971374Z",
    "FinishTime": "2020-01-07T15:05:25.2483498Z",
    "RequestedBy": {
      "DisplayName": "Roel de Regt"
    },
    "Result": "succeeded",
    "SourceBranch": "refs/heads/multilingual",
    "SourceVersion": "40f0638a4a5c94f5386a26889a78c4fa879627d0",
    "Repository": {
      "Id": "e71ab3fa-2e72-469c-b58e-ce8cd3f6795b",
      "Name": "IntraOffice-Routing"
    }
  },
  {
    "Id": 4260,
    "BuildNumber": "multilingual-10.0.20007.1",
    "Definition": {
      "Id": 72,
      "Name": "IntraOffice-Routing"
    },
    "StartTime": "2020-01-07T13:56:12.9046385Z",
    "FinishTime": "2020-01-07T14:03:57.8030819Z",
    "RequestedBy": {
      "DisplayName": "Roel de Regt"
    },
    "Result": "succeeded",
    "SourceBranch": "refs/heads/multilingual",
    "SourceVersion": "621e94c5226714cd4e76df2c82c4fa1ecbf88c57",
    "Repository": {
      "Id": "e71ab3fa-2e72-469c-b58e-ce8cd3f6795b",
      "Name": "IntraOffice-Routing"
    }
  },
  {
    "Id": 4257,
    "BuildNumber": "20200107.1",
    "Definition": {
      "Id": 8,
      "Name": "IntraOffice2018 CI Build (Master)"
    },
    "StartTime": "2020-01-07T09:23:37.7014998Z",
    "FinishTime": "2020-01-07T09:32:29.0422876Z",
    "RequestedBy": {
      "DisplayName": "Microsoft.VisualStudio.Services.TFS"
    },
    "Result": "succeeded",
    "SourceBranch": "refs/heads/master",
    "SourceVersion": "f2423784442c02c576a76a603f5f74daf2ee8f33",
    "Repository": {
      "Id": "4d45f1cb-3e01-4fcb-aac0-f7b35c5f3a0c",
      "Name": "IntraOffice2018"
    }
  },
  {
    "Id": 4258,
    "BuildNumber": "20200107.2",
    "Definition": {
      "Id": 28,
      "Name": "Identity Server"
    },
    "StartTime": "2020-01-07T09:24:12.1498921Z",
    "FinishTime": "2020-01-07T09:25:50.9796392Z",
    "RequestedBy": {
      "DisplayName": "Tjeerd de Haas"
    },
    "Result": "succeeded",
    "SourceBranch": "refs/heads/master",
    "SourceVersion": "f2423784442c02c576a76a603f5f74daf2ee8f33",
    "Repository": {
      "Id": "4d45f1cb-3e01-4fcb-aac0-f7b35c5f3a0c",
      "Name": "IntraOffice2018"
    }
  },
  {
    "Id": 4256,
    "BuildNumber": "20200107.1",
    "Definition": {
      "Id": 28,
      "Name": "Identity Server"
    },
    "StartTime": "2020-01-07T08:38:34.8204408Z",
    "FinishTime": "2020-01-07T08:41:50.4107642Z",
    "RequestedBy": {
      "DisplayName": "Tjeerd de Haas"
    },
    "Result": "succeeded",
    "SourceBranch": "refs/heads/master",
    "SourceVersion": "1321ee94749490b9f3ae2eb764b4ddd5551158b0",
    "Repository": {
      "Id": "4d45f1cb-3e01-4fcb-aac0-f7b35c5f3a0c",
      "Name": "IntraOffice2018"
    }
  },
  {
    "Id": 4249,
    "BuildNumber": "20200106.1",
    "Definition": {
      "Id": 71,
      "Name": "AuditFunction Azure CI"
    },
    "StartTime": "2020-01-06T09:17:11.4895328Z",
    "FinishTime": "2020-01-06T09:20:04.1902807Z",
    "RequestedBy": {
      "DisplayName": "Microsoft.VisualStudio.Services.TFS"
    },
    "Result": "succeeded",
    "SourceBranch": "refs/heads/master",
    "SourceVersion": "e2a97c4e76cb900733046b95971c37e8e012be8d",
    "Repository": {
      "Id": "bc5a01cb-3b65-4983-8bd2-fd53fcd862a0",
      "Name": "IntraOffice-Service-Fabric"
    }
  },
  {
    "Id": 4248,
    "BuildNumber": "20200106.1",
    "Definition": {
      "Id": 70,
      "Name": "SmsFunction Azure CI"
    },
    "StartTime": "2020-01-06T09:17:09.5245182Z",
    "FinishTime": "2020-01-06T09:20:02.9478665Z",
    "RequestedBy": {
      "DisplayName": "Microsoft.VisualStudio.Services.TFS"
    },
    "Result": "succeeded",
    "SourceBranch": "refs/heads/master",
    "SourceVersion": "e2a97c4e76cb900733046b95971c37e8e012be8d",
    "Repository": {
      "Id": "bc5a01cb-3b65-4983-8bd2-fd53fcd862a0",
      "Name": "IntraOffice-Service-Fabric"
    }
  },
  {
    "Id": 4242,
    "BuildNumber": "20200102.1",
    "Definition": {
      "Id": 67,
      "Name": "SendGridReceiver - CI"
    },
    "StartTime": "2020-01-02T10:23:02.2660411Z",
    "FinishTime": "2020-01-02T10:26:04.064516Z",
    "RequestedBy": {
      "DisplayName": "Microsoft.VisualStudio.Services.TFS"
    },
    "Result": "succeeded",
    "SourceBranch": "refs/heads/development",
    "SourceVersion": "53c260c01b3195ff33c5684237ca3d4ac7b953b2",
    "Repository": {
      "Id": "7e06ad15-43b5-4281-b482-152cbd8e6e06",
      "Name": "IntraOffice"
    }
  },
  {
    "Id": 4236,
    "BuildNumber": "20191230.1",
    "Definition": {
      "Id": 67,
      "Name": "SendGridReceiver - CI"
    },
    "StartTime": "2019-12-30T10:52:14.7789225Z",
    "FinishTime": "2019-12-30T10:55:04.4373285Z",
    "RequestedBy": {
      "DisplayName": "Microsoft.VisualStudio.Services.TFS"
    },
    "Result": "succeeded",
    "SourceBranch": "refs/heads/development",
    "SourceVersion": "a27e5465a76255f56f3898b26a7bf38de6bc3f01",
    "Repository": {
      "Id": "7e06ad15-43b5-4281-b482-152cbd8e6e06",
      "Name": "IntraOffice"
    }
  },
  {
    "Id": 4228,
    "BuildNumber": "20191224.3",
    "Definition": {
      "Id": 73,
      "Name": "IntraOffice-Routing-Portal"
    },
    "StartTime": "2019-12-24T07:45:03.1185473Z",
    "FinishTime": "2019-12-24T07:50:52.2683953Z",
    "RequestedBy": {
      "DisplayName": "Corne Los"
    },
    "Result": "succeeded",
    "SourceBranch": "refs/heads/master",
    "SourceVersion": "24c84e79d113efa29cf5fe85ee35b8b1307aa53b",
    "Repository": {
      "Id": "d353a231-91e0-48ab-8129-e376e016e0dd",
      "Name": "IntraOffice-Routing-Portal"
    }
  },
  {
    "Id": 4227,
    "BuildNumber": "20191224.2",
    "Definition": {
      "Id": 73,
      "Name": "IntraOffice-Routing-Portal"
    },
    "StartTime": "2019-12-24T07:30:26.3284327Z",
    "FinishTime": "2019-12-24T07:37:18.7614134Z",
    "RequestedBy": {
      "DisplayName": "Corne Los"
    },
    "Result": "succeeded",
    "SourceBranch": "refs/heads/master",
    "SourceVersion": "22d81bb7ddaa827d2edb36d954148908cca46b40",
    "Repository": {
      "Id": "d353a231-91e0-48ab-8129-e376e016e0dd",
      "Name": "IntraOffice-Routing-Portal"
    }
  },
  {
    "Id": 4221,
    "BuildNumber": "20191223.15",
    "Definition": {
      "Id": 73,
      "Name": "IntraOffice-Routing-Portal"
    },
    "StartTime": "2019-12-23T16:04:42.4925301Z",
    "FinishTime": "2019-12-23T16:05:57.822471Z",
    "RequestedBy": {
      "DisplayName": "Corne Los"
    },
    "Result": "succeeded",
    "SourceBranch": "refs/heads/master",
    "SourceVersion": "134629390917ce7261eb9bc4c8b7a907a668a768",
    "Repository": {
      "Id": "d353a231-91e0-48ab-8129-e376e016e0dd",
      "Name": "IntraOffice-Routing-Portal"
    }
  },
  {
    "Id": 4206,
    "BuildNumber": "20191223.1",
    "Definition": {
      "Id": 67,
      "Name": "SendGridReceiver - CI"
    },
    "StartTime": "2019-12-23T13:30:34.7527755Z",
    "FinishTime": "2019-12-23T13:33:27.775026Z",
    "RequestedBy": {
      "DisplayName": "Microsoft.VisualStudio.Services.TFS"
    },
    "Result": "succeeded",
    "SourceBranch": "refs/heads/development",
    "SourceVersion": "2a3346b5a508a57f8140a61fffbad89017954a71",
    "Repository": {
      "Id": "7e06ad15-43b5-4281-b482-152cbd8e6e06",
      "Name": "IntraOffice"
    }
  },
  {
    "Id": 4205,
    "BuildNumber": "master-10.0.19354.13",
    "Definition": {
      "Id": 72,
      "Name": "IntraOffice-Routing"
    },
    "StartTime": "2019-12-20T15:20:48.4339675Z",
    "FinishTime": "2019-12-20T15:27:11.0311676Z",
    "RequestedBy": {
      "DisplayName": "Corne Los"
    },
    "Result": "succeeded",
    "SourceBranch": "refs/heads/master",
    "SourceVersion": "d6bea51b59da86f8e5ccc1abf3a947c0cc0036de",
    "Repository": {
      "Id": "e71ab3fa-2e72-469c-b58e-ce8cd3f6795b",
      "Name": "IntraOffice-Routing"
    }
  },
  {
    "Id": 4199,
    "BuildNumber": "master-10.0.19354.7",
    "Definition": {
      "Id": 72,
      "Name": "IntraOffice-Routing"
    },
    "StartTime": "2019-12-20T13:12:21.4160316Z",
    "FinishTime": "2019-12-20T13:19:15.9264282Z",
    "RequestedBy": {
      "DisplayName": "Corne Los"
    },
    "Result": "succeeded",
    "SourceBranch": "refs/heads/master",
    "SourceVersion": "bfb88ae8fe93fa240d54d3cd818099feaf9a5960",
    "Repository": {
      "Id": "e71ab3fa-2e72-469c-b58e-ce8cd3f6795b",
      "Name": "IntraOffice-Routing"
    }
  },
  {
    "Id": 4198,
    "BuildNumber": "master-10.0.19354.6",
    "Definition": {
      "Id": 72,
      "Name": "IntraOffice-Routing"
    },
    "StartTime": "2019-12-20T10:51:33.6242178Z",
    "FinishTime": "2019-12-20T10:57:32.9068324Z",
    "RequestedBy": {
      "DisplayName": "Corne Los"
    },
    "Result": "succeeded",
    "SourceBranch": "refs/heads/master",
    "SourceVersion": "f70c36a929bc0fad3997d42da3bda2f125495b2b",
    "Repository": {
      "Id": "e71ab3fa-2e72-469c-b58e-ce8cd3f6795b",
      "Name": "IntraOffice-Routing"
    }
  },
  {
    "Id": 4185,
    "BuildNumber": "20191218.3",
    "Definition": {
      "Id": 67,
      "Name": "SendGridReceiver - CI"
    },
    "StartTime": "2019-12-18T14:41:44.1607274Z",
    "FinishTime": "2019-12-18T14:45:59.4209846Z",
    "RequestedBy": {
      "DisplayName": "Microsoft.VisualStudio.Services.TFS"
    },
    "Result": "succeeded",
    "SourceBranch": "refs/heads/development",
    "SourceVersion": "93c9099a305c0443c896567fe435d52b849a281c",
    "Repository": {
      "Id": "7e06ad15-43b5-4281-b482-152cbd8e6e06",
      "Name": "IntraOffice"
    }
  },
  {
    "Id": 4183,
    "BuildNumber": "20191218.2",
    "Definition": {
      "Id": 67,
      "Name": "SendGridReceiver - CI"
    },
    "StartTime": "2019-12-18T13:34:36.0683123Z",
    "FinishTime": "2019-12-18T13:37:58.1284802Z",
    "RequestedBy": {
      "DisplayName": "Microsoft.VisualStudio.Services.TFS"
    },
    "Result": "succeeded",
    "SourceBranch": "refs/heads/development",
    "SourceVersion": "dee2d97d48357f93568a8534074f7934b44e4045",
    "Repository": {
      "Id": "7e06ad15-43b5-4281-b482-152cbd8e6e06",
      "Name": "IntraOffice"
    }
  },
  {
    "Id": 4179,
    "BuildNumber": "20191218.1",
    "Definition": {
      "Id": 67,
      "Name": "SendGridReceiver - CI"
    },
    "StartTime": "2019-12-18T10:58:45.8956423Z",
    "FinishTime": "2019-12-18T11:01:39.7316812Z",
    "RequestedBy": {
      "DisplayName": "Microsoft.VisualStudio.Services.TFS"
    },
    "Result": "succeeded",
    "SourceBranch": "refs/heads/development",
    "SourceVersion": "2fbf60ea380b904d2f5ea4431d1de47c8c668220",
    "Repository": {
      "Id": "7e06ad15-43b5-4281-b482-152cbd8e6e06",
      "Name": "IntraOffice"
    }
  },
  {
    "Id": 4172,
    "BuildNumber": "20191217.4",
    "Definition": {
      "Id": 67,
      "Name": "SendGridReceiver - CI"
    },
    "StartTime": "2019-12-17T16:17:21.9796222Z",
    "FinishTime": "2019-12-17T16:20:11.1249144Z",
    "RequestedBy": {
      "DisplayName": "Microsoft.VisualStudio.Services.TFS"
    },
    "Result": "succeeded",
    "SourceBranch": "refs/heads/development",
    "SourceVersion": "b923da80bc67b25751cad49ed9ed9a1dbb380943",
    "Repository": {
      "Id": "7e06ad15-43b5-4281-b482-152cbd8e6e06",
      "Name": "IntraOffice"
    }
  },
  {
    "Id": 4171,
    "BuildNumber": "20191217.3",
    "Definition": {
      "Id": 67,
      "Name": "SendGridReceiver - CI"
    },
    "StartTime": "2019-12-17T15:42:50.9601314Z",
    "FinishTime": "2019-12-17T15:45:25.6908706Z",
    "RequestedBy": {
      "DisplayName": "Microsoft.VisualStudio.Services.TFS"
    },
    "Result": "succeeded",
    "SourceBranch": "refs/heads/development",
    "SourceVersion": "c3658581b0b07cf8458f8d558c55c819fa6c189b",
    "Repository": {
      "Id": "7e06ad15-43b5-4281-b482-152cbd8e6e06",
      "Name": "IntraOffice"
    }
  },
  {
    "Id": 4170,
    "BuildNumber": "20191217.2",
    "Definition": {
      "Id": 67,
      "Name": "SendGridReceiver - CI"
    },
    "StartTime": "2019-12-17T15:36:53.8909445Z",
    "FinishTime": "2019-12-17T15:39:58.6627904Z",
    "RequestedBy": {
      "DisplayName": "Microsoft.VisualStudio.Services.TFS"
    },
    "Result": "succeeded",
    "SourceBranch": "refs/heads/development",
    "SourceVersion": "b9fe617b24515675babcbc40ca3494833f3d6520",
    "Repository": {
      "Id": "7e06ad15-43b5-4281-b482-152cbd8e6e06",
      "Name": "IntraOffice"
    }
  },
  {
    "Id": 4169,
    "BuildNumber": "20191217.1",
    "Definition": {
      "Id": 67,
      "Name": "SendGridReceiver - CI"
    },
    "StartTime": "2019-12-17T13:56:30.8260989Z",
    "FinishTime": "2019-12-17T13:59:36.9539425Z",
    "RequestedBy": {
      "DisplayName": "Microsoft.VisualStudio.Services.TFS"
    },
    "Result": "succeeded",
    "SourceBranch": "refs/heads/development",
    "SourceVersion": "87a7141d0a69246c700d4d03287159318b8a60ed",
    "Repository": {
      "Id": "7e06ad15-43b5-4281-b482-152cbd8e6e06",
      "Name": "IntraOffice"
    }
  },
  {
    "Id": 4163,
    "BuildNumber": "20191216.1",
    "Definition": {
      "Id": 67,
      "Name": "SendGridReceiver - CI"
    },
    "StartTime": "2019-12-16T16:10:14.1073618Z",
    "FinishTime": "2019-12-16T16:13:09.919024Z",
    "RequestedBy": {
      "DisplayName": "Microsoft.VisualStudio.Services.TFS"
    },
    "Result": "succeeded",
    "SourceBranch": "refs/heads/development",
    "SourceVersion": "6f0fbfc32e35a2db05af86032adeed289ac81802",
    "Repository": {
      "Id": "7e06ad15-43b5-4281-b482-152cbd8e6e06",
      "Name": "IntraOffice"
    }
  },
  {
    "Id": 4161,
    "BuildNumber": "master-9.6.19350.2",
    "Definition": {
      "Id": 68,
      "Name": "IntraOffice"
    },
    "StartTime": "2019-12-16T13:42:05.7798894Z",
    "FinishTime": "2019-12-16T14:01:08.5511229Z",
    "RequestedBy": {
      "DisplayName": "Roel de Regt"
    },
    "Result": "succeeded",
    "SourceBranch": "refs/heads/master",
    "SourceVersion": "b94630a7e411c3469d27b44668bbbab2c61562d2",
    "Repository": {
      "Id": "7e06ad15-43b5-4281-b482-152cbd8e6e06",
      "Name": "IntraOffice"
    }
  },
  {
    "Id": 4155,
    "BuildNumber": "20191213.2",
    "Definition": {
      "Id": 67,
      "Name": "SendGridReceiver - CI"
    },
    "StartTime": "2019-12-13T15:00:36.4709406Z",
    "FinishTime": "2019-12-13T15:03:25.6375342Z",
    "RequestedBy": {
      "DisplayName": "Microsoft.VisualStudio.Services.TFS"
    },
    "Result": "succeeded",
    "SourceBranch": "refs/heads/development",
    "SourceVersion": "be7a14884e4a837c37458e356b40512b6aecc66c",
    "Repository": {
      "Id": "7e06ad15-43b5-4281-b482-152cbd8e6e06",
      "Name": "IntraOffice"
    }
  },
  {
    "Id": 4152,
    "BuildNumber": "20191213.1",
    "Definition": {
      "Id": 67,
      "Name": "SendGridReceiver - CI"
    },
    "StartTime": "2019-12-13T14:27:43.988379Z",
    "FinishTime": "2019-12-13T14:30:19.2845192Z",
    "RequestedBy": {
      "DisplayName": "Microsoft.VisualStudio.Services.TFS"
    },
    "Result": "succeeded",
    "SourceBranch": "refs/heads/development",
    "SourceVersion": "e5da48d07c781606b13c53043517d38b97000eab",
    "Repository": {
      "Id": "7e06ad15-43b5-4281-b482-152cbd8e6e06",
      "Name": "IntraOffice"
    }
  },
  {
    "Id": 4145,
    "BuildNumber": "20191212.1",
    "Definition": {
      "Id": 67,
      "Name": "SendGridReceiver - CI"
    },
    "StartTime": "2019-12-12T14:23:54.0946357Z",
    "FinishTime": "2019-12-12T14:26:58.3770179Z",
    "RequestedBy": {
      "DisplayName": "Microsoft.VisualStudio.Services.TFS"
    },
    "Result": "succeeded",
    "SourceBranch": "refs/heads/development",
    "SourceVersion": "ab913ea7277694648d0e49e11e6afec52f16e93b",
    "Repository": {
      "Id": "7e06ad15-43b5-4281-b482-152cbd8e6e06",
      "Name": "IntraOffice"
    }
  },
  {
    "Id": 4137,
    "BuildNumber": "20191211.1",
    "Definition": {
      "Id": 41,
      "Name": "Document API Release Build"
    },
    "StartTime": "2019-12-11T10:43:32.8078023Z",
    "FinishTime": "2019-12-11T10:48:18.7739992Z",
    "RequestedBy": {
      "DisplayName": "Mikhail.Tchesnokov"
    },
    "Result": "succeeded",
    "SourceBranch": "refs/heads/master",
[...]
                    <property name="Category" value="IntegrationTest" />
                  </properties>
                  <test-case id="1-1009" name="Bad_Project_Name" fullname="Tch.VstsClient.IntTests.UseCases.Repositories.ListBranches.UnhappyTests.Bad_Project_Name" methodname="Bad_Project_Name" classname="Tch.VstsClient.IntTests.UseCases.Repositories.ListBranches.UnhappyTests" runstate="Runnable" seed="946949007" result="Passed" start-time="2020-02-06 09:42:06Z" end-time="2020-02-06 09:42:07Z" duration="0.834713" asserts="1">
                    <properties />
                    <output><![CDATA[{
  "ProjectName": "abcd",
  "Message": "Requested project cannot be found",
  "Data": {},
  "InnerException": null,
  "StackTrace": "   bij Tch.VstsClient.Services.RepositoriesService.<GetAllBranches>d__9.MoveNext() in c:\\GitHub\\Vsts-client\\Src\\Services\\RepositoriesService.cs:regel 89\r\n--- Einde van stacktracering vanaf vorige locatie waar uitzondering is opgetreden ---\r\n   bij System.Runtime.ExceptionServices.ExceptionDispatchInfo.Throw()\r\n   bij System.Runtime.CompilerServices.TaskAwaiter.HandleNonSuccessAndDebuggerNotification(Task task)\r\n   bij NUnit.Framework.Internal.TaskAwaitAdapter.GenericAdapter`1.BlockUntilCompleted() in D:\\a\\1\\s\\src\\NUnitFramework\\framework\\Internal\\TaskAwaitAdapter.cs:regel 95\r\n   bij NUnit.Framework.Internal.AsyncToSyncAdapter.Await(Func`1 invoke) in D:\\a\\1\\s\\src\\NUnitFramework\\framework\\Internal\\AsyncToSyncAdapter.cs:regel 60\r\n   bij NUnit.Framework.Assert.ThrowsAsync(IResolveConstraint expression, AsyncTestDelegate code, String message, Object[] args) in D:\\a\\1\\s\\src\\NUnitFramework\\framework\\Assert.Exceptions.Async.cs:regel 48",
  "HelpLink": null,
  "Source": "Tch.VstsClient",
  "HResult": -2146233088
}
]]></output>
                  </test-case>
                  <test-case id="1-1010" name="Bad_Repository_Id" fullname="Tch.VstsClient.IntTests.UseCases.Repositories.ListBranches.UnhappyTests.Bad_Repository_Id" methodname="Bad_Repository_Id" classname="Tch.VstsClient.IntTests.UseCases.Repositories.ListBranches.UnhappyTests" runstate="Runnable" seed="717035344" result="Passed" start-time="2020-02-06 09:42:07Z" end-time="2020-02-06 09:42:09Z" duration="1.956603" asserts="1">
                    <properties />
                    <output><![CDATA[{
  "ProjectName": "IntraOffice",
  "RepositoryId": "abcd",
  "Message": "Requested repository cannot be found",
  "Data": {},
  "InnerException": null,
  "StackTrace": "   bij Tch.VstsClient.Services.RepositoriesService.<GetAllBranches>d__9.MoveNext() in c:\\GitHub\\Vsts-client\\Src\\Services\\RepositoriesService.cs:regel 89\r\n--- Einde van stacktracering vanaf vorige locatie waar uitzondering is opgetreden ---\r\n   bij System.Runtime.ExceptionServices.ExceptionDispatchInfo.Throw()\r\n   bij System.Runtime.CompilerServices.TaskAwaiter.HandleNonSuccessAndDebuggerNotification(Task task)\r\n   bij NUnit.Framework.Internal.TaskAwaitAdapter.GenericAdapter`1.BlockUntilCompleted() in D:\\a\\1\\s\\src\\NUnitFramework\\framework\\Internal\\TaskAwaitAdapter.cs:regel 95\r\n   bij NUnit.Framework.Internal.AsyncToSyncAdapter.Await(Func`1 invoke) in D:\\a\\1\\s\\src\\NUnitFramework\\framework\\Internal\\AsyncToSyncAdapter.cs:regel 60\r\n   bij NUnit.Framework.Assert.ThrowsAsync(IResolveConstraint expression, AsyncTestDelegate code, String message, Object[] args) in D:\\a\\1\\s\\src\\NUnitFramework\\framework\\Assert.Exceptions.Async.cs:regel 48",
  "HelpLink": null,
  "Source": "Tch.VstsClient",
  "HResult": -2146233088
}
]]></output>
                  </test-case>
                </test-suite>
              </test-suite>
              <test-suite type="TestSuite" id="1-1048" name="ListCommits" fullname="Tch.VstsClient.IntTests.UseCases.Repositories.ListCommits" runstate="Runnable" testcasecount="4" result="Passed" start-time="2020-02-06 09:41:46Z" end-time="2020-02-06 09:42:12Z" duration="25.981914" total="4" passed="4" failed="0" warnings="0" inconclusive="0" skipped="0" asserts="4">
                <properties />
                <test-suite type="TestFixture" id="1-1011" name="HappyTests" fullname="Tch.VstsClient.IntTests.UseCases.Repositories.ListCommits.HappyTests" classname="Tch.VstsClient.IntTests.UseCases.Repositories.ListCommits.HappyTests" runstate="Explicit" testcasecount="1" result="Passed" start-time="2020-02-06 09:42:09Z" end-time="2020-02-06 09:42:10Z" duration="0.919664" total="1" passed="1" failed="0" warnings="0" inconclusive="0" skipped="0" asserts="1">
                  <properties>
                    <property name="Category" value="IntegrationTest" />
                  </properties>
                  <test-case id="1-1012" name="Happy_Case" fullname="Tch.VstsClient.IntTests.UseCases.Repositories.ListCommits.HappyTests.Happy_Case" methodname="Happy_Case" classname="Tch.VstsClient.IntTests.UseCases.Repositories.ListCommits.HappyTests" runstate="Runnable" seed="1903719768" result="Passed" start-time="2020-02-06 09:42:09Z" end-time="2020-02-06 09:42:10Z" duration="0.918505" asserts="1">
                    <properties />
                    <output><![CDATA[[
  {
    "Id": "f5d7c1b911c3b9a705956e4da892840938ca3bfd",
    "Author": "Roel de Regt",
    "Date": "2018-05-17T09:24:35Z",
    "Comment": "Initial commit"
  }
]
]]></output>
                  </test-case>
                </test-suite>
                <test-suite type="TestFixture" id="1-1013" name="UnhappyTests" fullname="Tch.VstsClient.IntTests.UseCases.Repositories.ListCommits.UnhappyTests" classname="Tch.VstsClient.IntTests.UseCases.Repositories.ListCommits.UnhappyTests" runstate="Explicit" testcasecount="3" result="Passed" start-time="2020-02-06 09:42:10Z" end-time="2020-02-06 09:42:12Z" duration="2.265837" total="3" passed="3" failed="0" warnings="0" inconclusive="0" skipped="0" asserts="3">
                  <properties>
                    <property name="Category" value="IntegrationTest" />
                  </properties>
                  <test-case id="1-1016" name="Bad_Branch_Name" fullname="Tch.VstsClient.IntTests.UseCases.Repositories.ListCommits.UnhappyTests.Bad_Branch_Name" methodname="Bad_Branch_Name" classname="Tch.VstsClient.IntTests.UseCases.Repositories.ListCommits.UnhappyTests" runstate="Runnable" seed="558045159" result="Passed" start-time="2020-02-06 09:42:10Z" end-time="2020-02-06 09:42:11Z" duration="0.480464" asserts="1">
                    <properties />
                    <output><![CDATA[{
  "ProjectName": "IntraOffice",
  "RepositoryId": "b37816bb-d2c3-4ec5-b18a-0716d7c36c71",
  "BranchName": "abcd",
  "Message": "Requested repository cannot be found",
  "Data": {},
  "InnerException": null,
  "StackTrace": "   bij Tch.VstsClient.Services.RepositoriesService.<GetAllCommits>d__10.MoveNext() in c:\\GitHub\\Vsts-client\\Src\\Services\\RepositoriesService.cs:regel 113\r\n--- Einde van stacktracering vanaf vorige locatie waar uitzondering is opgetreden ---\r\n   bij System.Runtime.ExceptionServices.ExceptionDispatchInfo.Throw()\r\n   bij System.Runtime.CompilerServices.TaskAwaiter.HandleNonSuccessAndDebuggerNotification(Task task)\r\n   bij NUnit.Framework.Internal.TaskAwaitAdapter.GenericAdapter`1.BlockUntilCompleted() in D:\\a\\1\\s\\src\\NUnitFramework\\framework\\Internal\\TaskAwaitAdapter.cs:regel 95\r\n   bij NUnit.Framework.Internal.AsyncToSyncAdapter.Await(Func`1 invoke) in D:\\a\\1\\s\\src\\NUnitFramework\\framework\\Internal\\AsyncToSyncAdapter.cs:regel 60\r\n   bij NUnit.Framework.Assert.ThrowsAsync(IResolveConstraint expression, AsyncTestDelegate code, String message, Object[] args) in D:\\a\\1\\s\\src\\NUnitFramework\\framework\\Assert.Exceptions.Async.cs:regel 48",
  "HelpLink": null,
  "Source": "Tch.VstsClient",
  "HResult": -2146233088
}
]]></output>
                  </test-case>
                  <test-case id="1-1014" name="Bad_Project_Name" fullname="Tch.VstsClient.IntTests.UseCases.Repositories.ListCommits.UnhappyTests.Bad_Project_Name" methodname="Bad_Project_Name" classname="Tch.VstsClient.IntTests.UseCases.Repositories.ListCommits.UnhappyTests" runstate="Runnable" seed="695756300" result="Passed" start-time="2020-02-06 09:42:11Z" end-time="2020-02-06 09:42:12Z" duration="1.083493" asserts="1">
                    <properties />
                    <output><![CDATA[{
  "ProjectName": "abcd",
  "Message": "Requested project cannot be found",
  "Data": {},
  "InnerException": null,
  "StackTrace": "   bij Tch.VstsClient.Services.RepositoriesService.<GetAllCommits>d__10.MoveNext() in c:\\GitHub\\Vsts-client\\Src\\Services\\RepositoriesService.cs:regel 108\r\n--- Einde van stacktracering vanaf vorige locatie waar uitzondering is opgetreden ---\r\n   bij System.Runtime.ExceptionServices.ExceptionDispatchInfo.Throw()\r\n   bij System.Runtime.CompilerServices.TaskAwaiter.HandleNonSuccessAndDebuggerNotification(Task task)\r\n   bij NUnit.Framework.Internal.TaskAwaitAdapter.GenericAdapter`1.BlockUntilCompleted() in D:\\a\\1\\s\\src\\NUnitFramework\\framework\\Internal\\TaskAwaitAdapter.cs:regel 95\r\n   bij NUnit.Framework.Internal.AsyncToSyncAdapter.Await(Func`1 invoke) in D:\\a\\1\\s\\src\\NUnitFramework\\framework\\Internal\\AsyncToSyncAdapter.cs:regel 60\r\n   bij NUnit.Framework.Assert.ThrowsAsync(IResolveConstraint expression, AsyncTestDelegate code, String message, Object[] args) in D:\\a\\1\\s\\src\\NUnitFramework\\framework\\Assert.Exceptions.Async.cs:regel 48",
  "HelpLink": null,
  "Source": "Tch.VstsClient",
  "HResult": -2146233088
}
]]></output>
                  </test-case>
                  <test-case id="1-1015" name="Bad_Repository_Id" fullname="Tch.VstsClient.IntTests.UseCases.Repositories.ListCommits.UnhappyTests.Bad_Repository_Id" methodname="Bad_Repository_Id" classname="Tch.VstsClient.IntTests.UseCases.Repositories.ListCommits.UnhappyTests" runstate="Runnable" seed="2041625385" result="Passed" start-time="2020-02-06 09:42:12Z" end-time="2020-02-06 09:42:12Z" duration="0.700385" asserts="1">
                    <properties />
                    <output><![CDATA[{
  "ProjectName": "IntraOffice",
  "RepositoryId": "abcd",
  "Message": "Requested repository cannot be found",
  "Data": {},
  "InnerException": null,
  "StackTrace": "   bij Tch.VstsClient.Services.RepositoriesService.<GetAllCommits>d__10.MoveNext() in c:\\GitHub\\Vsts-client\\Src\\Services\\RepositoriesService.cs:regel 113\r\n--- Einde van stacktracering vanaf vorige locatie waar uitzondering is opgetreden ---\r\n   bij System.Runtime.ExceptionServices.ExceptionDispatchInfo.Throw()\r\n   bij System.Runtime.CompilerServices.TaskAwaiter.HandleNonSuccessAndDebuggerNotification(Task task)\r\n   bij NUnit.Framework.Internal.TaskAwaitAdapter.GenericAdapter`1.BlockUntilCompleted() in D:\\a\\1\\s\\src\\NUnitFramework\\framework\\Internal\\TaskAwaitAdapter.cs:regel 95\r\n   bij NUnit.Framework.Internal.AsyncToSyncAdapter.Await(Func`1 invoke) in D:\\a\\1\\s\\src\\NUnitFramework\\framework\\Internal\\AsyncToSyncAdapter.cs:regel 60\r\n   bij NUnit.Framework.Assert.ThrowsAsync(IResolveConstraint expression, AsyncTestDelegate code, String message, Object[] args) in D:\\a\\1\\s\\src\\NUnitFramework\\framework\\Assert.Exceptions.Async.cs:regel 48",
  "HelpLink": null,
  "Source": "Tch.VstsClient",
  "HResult": -2146233088
}
]]></output>
                  </test-case>
                </test-suite>
              </test-suite>
              <test-suite type="TestSuite" id="1-1046" name="ListRepositories" fullname="Tch.VstsClient.IntTests.UseCases.Repositories.ListRepositories" runstate="Runnable" testcasecount="2" result="Passed" start-time="2020-02-06 09:41:46Z" end-time="2020-02-06 09:42:13Z" duration="26.379525" total="2" passed="2" failed="0" warnings="0" inconclusive="0" skipped="0" asserts="2">
                <properties />
                <test-suite type="TestFixture" id="1-1002" name="HappyTests" fullname="Tch.VstsClient.IntTests.UseCases.Repositories.ListRepositories.HappyTests" classname="Tch.VstsClient.IntTests.UseCases.Repositories.ListRepositories.HappyTests" runstate="Explicit" testcasecount="1" result="Passed" start-time="2020-02-06 09:42:12Z" end-time="2020-02-06 09:42:13Z" duration="0.284337" total="1" passed="1" failed="0" warnings="0" inconclusive="0" skipped="0" asserts="1">
                  <properties>
                    <property name="Category" value="IntegrationTest" />
                  </properties>
                  <test-case id="1-1003" name="Happy_Case" fullname="Tch.VstsClient.IntTests.UseCases.Repositories.ListRepositories.HappyTests.Happy_Case" methodname="Happy_Case" classname="Tch.VstsClient.IntTests.UseCases.Repositories.ListRepositories.HappyTests" runstate="Runnable" seed="1463416407" result="Passed" start-time="2020-02-06 09:42:12Z" end-time="2020-02-06 09:42:13Z" duration="0.282828" asserts="1">
                    <properties />
                    <output><![CDATA[[
  {
    "Id": "b37816bb-d2c3-4ec5-b18a-0716d7c36c71",
    "Name": "demo"
  },
  {
    "Id": "3df75da0-433e-47a2-a7ba-101c9a378642",
    "Name": "wiki"
  },
  {
    "Id": "7e06ad15-43b5-4281-b482-152cbd8e6e06",
    "Name": "IntraOffice"
  },
  {
    "Id": "b2208378-7225-4927-820c-17214967ca58",
    "Name": "carerix"
  },
  {
    "Id": "574c2a8f-dc58-4775-a7e4-1af8de71c12b",
    "Name": "raet"
  },
  {
    "Id": "82ad3047-31a7-4f65-9668-1b9a0773b6b8",
    "Name": "solipsis"
  },
  {
    "Id": "6525cebf-c7df-4ba3-b01a-265613861b33",
    "Name": "IntraOffice-Content-Repository"
  },
  {
    "Id": "98b03a2e-8b65-4221-a082-28cdf66b674d",
    "Name": "IntraOffice-Legacy"
  },
  {
    "Id": "8541db83-41d5-4826-8a79-2b517964e5d1",
    "Name": "IntraOffice-Archive"
  },
  {
    "Id": "70969d8d-9750-4936-b134-2c69c9f0e9f9",
    "Name": "accenture"
  },
  {
    "Id": "592deb78-bb09-44bb-becb-3134aebbae00",
    "Name": "sales"
  },
  {
    "Id": "af0ffbfd-f163-4846-89e3-3e3f27f7a2e1",
    "Name": "EnvelopesRegister"
  },
  {
    "Id": "1d6e4407-422d-4a5a-b650-408d64d352b4",
    "Name": "support-website"
  },
  {
    "Id": "8c32b160-74a3-4277-bb34-43ce2dd6eed6",
    "Name": "IntraOffice Audit"
  },
  {
    "Id": "038e3de4-cd0b-41f3-98ab-47272281fd81",
    "Name": "ubn"
  },
  {
    "Id": "da6b4844-d8ec-4bc3-b796-47b505cc7609",
    "Name": "inperson"
  },
  {
    "Id": "057ede52-60a7-400e-8a99-48b327275755",
    "Name": "amstelveen"
  },
  {
    "Id": "1979dcd0-a3e6-41a9-bf14-4ff96aa710ff",
    "Name": "intervalservices"
  },
  {
    "Id": "fcbf51e1-f8d0-4418-a001-5d53756028ea",
    "Name": "depot"
  },
  {
    "Id": "11294157-35bc-42d6-a13c-60104248c206",
    "Name": "Angle-BootstrapAdminTemplate"
  },
  {
    "Id": "ce375f5d-b0f8-40dd-b339-63d20fc9c13f",
    "Name": "acme"
  },
  {
    "Id": "c05312ef-c86d-44c6-ade0-6ecc8f600e74",
    "Name": "olympia"
  },
  {
    "Id": "7dd26c04-17a5-4eea-b775-707ea73e49bd",
    "Name": "dit"
  },
  {
    "Id": "07ff19ec-0184-47fc-9f9e-708f3c934049",
    "Name": "azure"
  },
  {
    "Id": "c013db00-43d1-40bd-bdcb-772cafe43e3b",
    "Name": "IntraOffice Depot"
  },
  {
    "Id": "3dfd01c4-995a-4638-9b6e-82c098141d8b",
    "Name": "adp-nl"
  },
  {
    "Id": "74104824-5eb4-456c-831f-83129a062913",
    "Name": "humares"
  },
  {
    "Id": "e51f2861-9b14-410c-a5b3-84660413a9e8",
    "Name": "wagenhof"
  },
  {
    "Id": "36920328-2759-4097-af98-889834e16b8b",
    "Name": "sherpa"
  },
  {
    "Id": "076c9846-f259-4531-b8c4-8b9e9053e074",
    "Name": "centric"
  },
  {
    "Id": "ae4c1774-a3a1-4b69-b45a-8fe1aa0ace17",
    "Name": "Krabbl"
  },
  {
    "Id": "e00262b4-56a6-45ac-942d-936535e4350e",
    "Name": "Routing Management Portal"
  },
  {
    "Id": "173da0b9-3970-4891-a480-93813e5e134d",
    "Name": "Development"
  },
  {
    "Id": "e874efba-fb92-48ba-bf6b-972ed7ab2132",
    "Name": "susa"
  },
  {
    "Id": "9705976d-359a-4f71-8c54-9f291f01c8aa",
    "Name": "digitalsigning"
  },
  {
    "Id": "cc9b1504-9a78-49d6-92fd-bfd96f3a0fb0",
    "Name": "Monitoring"
  },
  {
    "Id": "81a4badc-5500-47b5-9a1e-bfdd3efd4143",
    "Name": "bluegarden"
  },
  {
    "Id": "9e345f69-3f8e-4235-9d95-bff003d683ce",
    "Name": "Zuidgeest"
  },
  {
    "Id": "7efd6a07-8775-4f55-a233-c53439f63453",
    "Name": "DocumentApi"
  },
  {
    "Id": "cf29d81d-13bf-481c-9fd4-cbee9ea05961",
    "Name": "IntraOffice-Base"
  },
  {
    "Id": "746ebc7c-aae3-40ee-85e2-cc7e38a23a7a",
    "Name": "sheerenloo"
  },
  {
    "Id": "e71ab3fa-2e72-469c-b58e-ce8cd3f6795b",
    "Name": "IntraOffice-Routing"
  },
  {
    "Id": "1878cfcc-dbbf-45d8-b1b2-d3aea2d079b6",
    "Name": "Nuget"
  },
  {
    "Id": "679b9a7c-1b0d-49cd-8162-d479aa4076b2",
    "Name": "bpd"
  },
  {
    "Id": "e6d94765-79a8-4c35-ab43-d70d25762bfd",
    "Name": "ntree"
  },
  {
    "Id": "d353a231-91e0-48ab-8129-e376e016e0dd",
    "Name": "IntraOffice-Routing-Portal"
  },
  {
    "Id": "cc1f5d45-d40b-427c-9d57-f2a8aeaa4f43",
    "Name": "alfa"
  },
  {
    "Id": "81c0387e-3794-43f5-9bbe-f556f5b008ba",
    "Name": "otto"
  },
  {
    "Id": "4d45f1cb-3e01-4fcb-aac0-f7b35c5f3a0c",
    "Name": "IntraOffice2018"
  },
  {
    "Id": "3de1e094-ee35-4f73-aff6-fa7c46391bc9",
    "Name": "actiefwerkt"
  },
  {
    "Id": "bc5a01cb-3b65-4983-8bd2-fd53fcd862a0",
    "Name": "IntraOffice-Service-Fabric"
  },
  {
    "Id": "ac9349de-f7c9-4aa5-911d-ffd49fc78313",
    "Name": "adp-it"
  }
]
]]></output>
                  </test-case>
                </test-suite>
                <test-suite type="TestFixture" id="1-1004" name="UnhappyTests" fullname="Tch.VstsClient.IntTests.UseCases.Repositories.ListRepositories.UnhappyTests" classname="Tch.VstsClient.IntTests.UseCases.Repositories.ListRepositories.UnhappyTests" runstate="Explicit" testcasecount="1" result="Passed" start-time="2020-02-06 09:42:13Z" end-time="2020-02-06 09:42:13Z" duration="0.113228" total="1" passed="1" failed="0" warnings="0" inconclusive="0" skipped="0" asserts="1">
                  <properties>
                    <property name="Category" value="IntegrationTest" />
                  </properties>
                  <test-case id="1-1005" name="Bad_Project_Name" fullname="Tch.VstsClient.IntTests.UseCases.Repositories.ListRepositories.UnhappyTests.Bad_Project_Name" methodname="Bad_Project_Name" classname="Tch.VstsClient.IntTests.UseCases.Repositories.ListRepositories.UnhappyTests" runstate="Runnable" seed="14430199" result="Passed" start-time="2020-02-06 09:42:13Z" end-time="2020-02-06 09:42:13Z" duration="0.111951" asserts="1">
                    <properties />
                    <output><![CDATA[{
  "ProjectName": "abcd",
  "Message": "Requested project cannot be found",
  "Data": {},
  "InnerException": null,
  "StackTrace": "   bij Tch.VstsClient.Services.RepositoriesService.<GetAllGitRepositories>d__8.MoveNext() in c:\\GitHub\\Vsts-client\\Src\\Services\\RepositoriesService.cs:regel 71\r\n--- Einde van stacktracering vanaf vorige locatie waar uitzondering is opgetreden ---\r\n   bij System.Runtime.ExceptionServices.ExceptionDispatchInfo.Throw()\r\n   bij System.Runtime.CompilerServices.TaskAwaiter.HandleNonSuccessAndDebuggerNotification(Task task)\r\n   bij NUnit.Framework.Internal.TaskAwaitAdapter.GenericAdapter`1.BlockUntilCompleted() in D:\\a\\1\\s\\src\\NUnitFramework\\framework\\Internal\\TaskAwaitAdapter.cs:regel 95\r\n   bij NUnit.Framework.Internal.AsyncToSyncAdapter.Await(Func`1 invoke) in D:\\a\\1\\s\\src\\NUnitFramework\\framework\\Internal\\AsyncToSyncAdapter.cs:regel 60\r\n   bij NUnit.Framework.Assert.ThrowsAsync(IResolveConstraint expression, AsyncTestDelegate code, String message, Object[] args) in D:\\a\\1\\s\\src\\NUnitFramework\\framework\\Assert.Exceptions.Async.cs:regel 48",
  "HelpLink": null,
  "Source": "Tch.VstsClient",
  "HResult": -2146233088
}
]]></output>
                  </test-case>
                </test-suite>
              </test-suite>
            </test-suite>
          </test-suite>
        </test-suite>
      </test-suite>
    </test-suite>
  </test-suite>
</test-run>