<?xml version="1.0" encoding="utf-8" standalone="no"?>
<test-run id="2" testcasecount="22" result="Passed" total="22" passed="22" failed="0" inconclusive="0" skipped="0" asserts="22" engine-version="3.9.0.0" clr-version="4.0.30319.42000" start-time="2020-03-25 20:48:09Z" end-time="2020-03-25 20:48:28Z" duration="19.418465">
  <command-line><![CDATA["nunit3-console"  Tch.VstsClient.IntTests.csproj --where "cat==IntegrationTest"]]></command-line>
  <filter>
    <cat>IntegrationTest</cat>
  </filter>
  <test-suite type="Assembly" id="1-1038" name="Tch.VstsClient.IntTests.dll" fullname="C:\GitHub\Vsts-client\Tests\Tch.VstsClient.IntTests\bin\Debug\Tch.VstsClient.IntTests.dll" runstate="Runnable" testcasecount="22" result="Passed" start-time="2020-03-25 20:48:10Z" end-time="2020-03-25 20:48:28Z" duration="18.128908" total="22" passed="22" failed="0" warnings="0" inconclusive="0" skipped="0" asserts="22">
    <environment framework-version="3.12.0.0" clr-version="4.0.30319.42000" os-version="Microsoft Windows NT 10.0.14393.0" platform="Win32NT" cwd="C:\GitHub\Vsts-client\Tests\Tch.VstsClient.IntTests" machine-name="W10ID09" user="tchesnokov" user-domain="BRAKEL" culture="en-NL" uiculture="nl-NL" os-architecture="x64" />
    <settings>
      <setting name="BasePath" value="C:\GitHub\Vsts-client\Tests\Tch.VstsClient.IntTests\bin\Debug\" />
      <setting name="DisposeRunners" value="True" />
      <setting name="WorkDirectory" value="C:\GitHub\Vsts-client\Tests\Tch.VstsClient.IntTests" />
      <setting name="ImageRuntimeVersion" value="4.0.30319" />
      <setting name="ImageTargetFrameworkName" value=".NETFramework,Version=v4.7.2" />
      <setting name="ImageRequiresX86" value="False" />
      <setting name="ImageRequiresDefaultAppDomainAssemblyResolver" value="False" />
      <setting name="NumberOfTestWorkers" value="8" />
    </settings>
    <properties>
      <property name="_PID" value="16932" />
      <property name="_APPDOMAIN" value="domain-c58ee503-Tch.VstsClient.IntTests.csproj" />
    </properties>
    <test-suite type="TestSuite" id="1-1039" name="Tch" fullname="Tch" runstate="Runnable" testcasecount="22" result="Passed" start-time="2020-03-25 20:48:10Z" end-time="2020-03-25 20:48:28Z" duration="18.112054" total="22" passed="22" failed="0" warnings="0" inconclusive="0" skipped="0" asserts="22">
      <properties />
      <test-suite type="TestSuite" id="1-1040" name="VstsClient" fullname="Tch.VstsClient" runstate="Runnable" testcasecount="22" result="Passed" start-time="2020-03-25 20:48:10Z" end-time="2020-03-25 20:48:28Z" duration="18.111575" total="22" passed="22" failed="0" warnings="0" inconclusive="0" skipped="0" asserts="22">
        <properties />
        <test-suite type="TestSuite" id="1-1041" name="IntTests" fullname="Tch.VstsClient.IntTests" runstate="Runnable" testcasecount="22" result="Passed" start-time="2020-03-25 20:48:10Z" end-time="2020-03-25 20:48:28Z" duration="18.111550" total="22" passed="22" failed="0" warnings="0" inconclusive="0" skipped="0" asserts="22">
          <properties />
          <test-suite type="TestSuite" id="1-1042" name="UseCases" fullname="Tch.VstsClient.IntTests.UseCases" runstate="Runnable" testcasecount="22" result="Passed" start-time="2020-03-25 20:48:10Z" end-time="2020-03-25 20:48:28Z" duration="18.111545" total="22" passed="22" failed="0" warnings="0" inconclusive="0" skipped="0" asserts="22">
            <properties />
            <test-suite type="TestSuite" id="1-1053" name="Builds" fullname="Tch.VstsClient.IntTests.UseCases.Builds" runstate="Runnable" testcasecount="6" result="Passed" start-time="2020-03-25 20:48:10Z" end-time="2020-03-25 20:48:24Z" duration="14.503578" total="6" passed="6" failed="0" warnings="0" inconclusive="0" skipped="0" asserts="6">
              <properties />
              <test-suite type="TestSuite" id="1-1055" name="ListBuildDefinitions" fullname="Tch.VstsClient.IntTests.UseCases.Builds.ListBuildDefinitions" runstate="Runnable" testcasecount="2" result="Passed" start-time="2020-03-25 20:48:10Z" end-time="2020-03-25 20:48:12Z" duration="2.334033" total="2" passed="2" failed="0" warnings="0" inconclusive="0" skipped="0" asserts="2">
                <properties />
                <test-suite type="TestFixture" id="1-1034" name="HappyTests" fullname="Tch.VstsClient.IntTests.UseCases.Builds.ListBuildDefinitions.HappyTests" classname="Tch.VstsClient.IntTests.UseCases.Builds.ListBuildDefinitions.HappyTests" runstate="Runnable" testcasecount="1" result="Passed" start-time="2020-03-25 20:48:10Z" end-time="2020-03-25 20:48:12Z" duration="2.094772" total="1" passed="1" failed="0" warnings="0" inconclusive="0" skipped="0" asserts="1">
                  <properties>
                    <property name="Category" value="IntegrationTest" />
                  </properties>
                  <test-case id="1-1035" name="Happy_Case" fullname="Tch.VstsClient.IntTests.UseCases.Builds.ListBuildDefinitions.HappyTests.Happy_Case" methodname="Happy_Case" classname="Tch.VstsClient.IntTests.UseCases.Builds.ListBuildDefinitions.HappyTests" runstate="Runnable" seed="1585698321" result="Passed" start-time="2020-03-25 20:48:10Z" end-time="2020-03-25 20:48:12Z" duration="1.923428" asserts="1">
                    <properties />
                    <output><![CDATA[Project: IntraOffice
[
  {
    "Id": 3,
    "Name": "Version 8 Build"
  },
  {
    "Id": 4,
    "Name": "Version 7 Build"
  },
  {
    "Id": 8,
    "Name": "IntraOffice2018 CI Build (Master)"
  },
  {
    "Id": 9,
    "Name": "Version 9 Build"
  },
  {
    "Id": 11,
    "Name": "Version 9.0-9.4 Azure Build"
  },
  {
    "Id": 12,
    "Name": "Nuget CI Build (Master)"
  },
  {
    "Id": 13,
    "Name": "Archive RAET REST API (Iopk)"
  },
  {
    "Id": 14,
    "Name": "Archive Shared REST API (WebDeploy)"
  },
  {
    "Id": 21,
    "Name": "Depot Portal Frontend"
  },
  {
    "Id": 22,
    "Name": "Depot Portal Backend"
  },
  {
    "Id": 23,
    "Name": "IntraOffice Service Fabric build"
  },
  {
    "Id": 24,
    "Name": "sms-service-digitalsigning - CI"
  },
  {
    "Id": 26,
    "Name": "IntraOffice2018 CI Build (Development)"
  },
  {
    "Id": 27,
    "Name": "DEPRECATED Routing Shared REST API (WebDeploy)-Old"
  },
  {
    "Id": 28,
    "Name": "Identity Server"
  },
  {
    "Id": 30,
    "Name": "IntraOffice-Content-Repository (old)"
  },
  {
    "Id": 31,
    "Name": "Routing Shared REST API (WebDeploy)"
  },
  {
    "Id": 32,
    "Name": "Version 9.0-9.4 Build"
  },
  {
    "Id": 33,
    "Name": "Version 9 Azure Build"
  },
  {
    "Id": 36,
    "Name": "DocumentApi CI Build (Development)"
  },
  {
    "Id": 37,
    "Name": "DocumentApi CI Build (Master)"
  },
  {
    "Id": 38,
    "Name": "Routing API Nightly Build (Master)"
  },
  {
    "Id": 39,
    "Name": "Routing Management Portal"
  },
  {
    "Id": 40,
    "Name": "Development CI Build (Master)"
  },
  {
    "Id": 41,
    "Name": "Document API Release Build"
  },
  {
    "Id": 47,
    "Name": "Version 10 Build"
  },
  {
    "Id": 49,
    "Name": "Document API Nightly Build (Master)"
  },
  {
    "Id": 50,
    "Name": "EnvelopesRegister CI Build (Master)"
  },
  {
    "Id": 51,
    "Name": "EnvelopesRegister Release Build"
  },
  {
    "Id": 55,
    "Name": "MonitorCM - CI"
  },
  {
    "Id": 56,
    "Name": "EnvelopesRegister CI Build (Development)"
  },
  {
    "Id": 57,
    "Name": "Version 9 Azure Build and Test"
  },
  {
    "Id": 63,
    "Name": "IntraOffice-Base"
  },
  {
    "Id": 64,
    "Name": "IntraOffice-Archive"
  },
  {
    "Id": 66,
    "Name": "Nuget CI Build (Development)"
  },
  {
    "Id": 67,
    "Name": "SendGridReceiver - CI"
  },
  {
    "Id": 68,
    "Name": "IntraOffice"
  },
  {
    "Id": 69,
    "Name": "IntraOffice-Content-Repository"
  },
  {
    "Id": 70,
    "Name": "SmsFunction Azure CI"
  },
  {
    "Id": 71,
    "Name": "AuditFunction Azure CI"
  },
  {
    "Id": 72,
    "Name": "IntraOffice-Routing"
  },
  {
    "Id": 73,
    "Name": "IntraOffice-Routing-Portal"
  },
  {
    "Id": 74,
    "Name": "IntraOffice-Signing CI Build (Master)"
  },
  {
    "Id": 75,
    "Name": "Sign API Release Build"
  }
]
]]></output>
                  </test-case>
                </test-suite>
                <test-suite type="TestFixture" id="1-1036" name="UnhappyTests" fullname="Tch.VstsClient.IntTests.UseCases.Builds.ListBuildDefinitions.UnhappyTests" classname="Tch.VstsClient.IntTests.UseCases.Builds.ListBuildDefinitions.UnhappyTests" runstate="Runnable" testcasecount="1" result="Passed" start-time="2020-03-25 20:48:12Z" end-time="2020-03-25 20:48:12Z" duration="0.232637" total="1" passed="1" failed="0" warnings="0" inconclusive="0" skipped="0" asserts="1">
                  <properties>
                    <property name="Category" value="IntegrationTest" />
                  </properties>
                  <test-case id="1-1037" name="Bad_Project_Name" fullname="Tch.VstsClient.IntTests.UseCases.Builds.ListBuildDefinitions.UnhappyTests.Bad_Project_Name" methodname="Bad_Project_Name" classname="Tch.VstsClient.IntTests.UseCases.Builds.ListBuildDefinitions.UnhappyTests" runstate="Runnable" seed="1921805921" result="Passed" start-time="2020-03-25 20:48:12Z" end-time="2020-03-25 20:48:12Z" duration="0.231211" asserts="1">
                    <properties />
                    <output><![CDATA[{
  "ProjectName": "abc",
  "Message": "Requested project cannot be found",
  "Data": {},
  "InnerException": null,
  "StackTrace": "   bij Tch.VstsClient.Services.Helpers.LocalExceptionService.TryMatch[TTargetException](BadStatusCodeReturned originalException, Object context) in c:\\GitHub\\Vsts-client\\Src\\Services\\Helpers\\LocalExceptionService.cs:regel 43\r\n   bij Tch.VstsClient.Services.BuildsService.<GetAllBuildDefinitions>d__7.MoveNext() in c:\\GitHub\\Vsts-client\\Src\\Services\\BuildsService.cs:regel 77\r\n--- Einde van stacktracering vanaf vorige locatie waar uitzondering is opgetreden ---\r\n   bij System.Runtime.ExceptionServices.ExceptionDispatchInfo.Throw()\r\n   bij System.Runtime.CompilerServices.TaskAwaiter.HandleNonSuccessAndDebuggerNotification(Task task)\r\n   bij NUnit.Framework.Internal.TaskAwaitAdapter.GenericAdapter`1.BlockUntilCompleted() in D:\\a\\1\\s\\src\\NUnitFramework\\framework\\Internal\\TaskAwaitAdapter.cs:regel 95\r\n   bij NUnit.Framework.Internal.AsyncToSyncAdapter.Await(Func`1 invoke) in D:\\a\\1\\s\\src\\NUnitFramework\\framework\\Internal\\AsyncToSyncAdapter.cs:regel 60\r\n   bij NUnit.Framework.Assert.ThrowsAsync(IResolveConstraint expression, AsyncTestDelegate code, String message, Object[] args) in D:\\a\\1\\s\\src\\NUnitFramework\\framework\\Assert.Exceptions.Async.cs:regel 48",
  "HelpLink": null,
  "Source": "Tch.VstsClient",
  "HResult": -2146233088
}
]]></output>
                  </test-case>
                </test-suite>
              </test-suite>
              <test-suite type="TestSuite" id="1-1054" name="ListBuilds" fullname="Tch.VstsClient.IntTests.UseCases.Builds.ListBuilds" runstate="Runnable" testcasecount="4" result="Passed" start-time="2020-03-25 20:48:10Z" end-time="2020-03-25 20:48:24Z" duration="14.503558" total="4" passed="4" failed="0" warnings="0" inconclusive="0" skipped="0" asserts="4">
                <properties />
                <test-suite type="TestFixture" id="1-1028" name="HappyTests" fullname="Tch.VstsClient.IntTests.UseCases.Builds.ListBuilds.HappyTests" classname="Tch.VstsClient.IntTests.UseCases.Builds.ListBuilds.HappyTests" runstate="Runnable" testcasecount="2" result="Passed" start-time="2020-03-25 20:48:12Z" end-time="2020-03-25 20:48:21Z" duration="9.076530" total="2" passed="2" failed="0" warnings="0" inconclusive="0" skipped="0" asserts="2">
                  <properties>
                    <property name="Category" value="IntegrationTest" />
                  </properties>
                  <test-case id="1-1029" name="Get_All_Builds" fullname="Tch.VstsClient.IntTests.UseCases.Builds.ListBuilds.HappyTests.Get_All_Builds" methodname="Get_All_Builds" classname="Tch.VstsClient.IntTests.UseCases.Builds.ListBuilds.HappyTests" runstate="Runnable" seed="1825956384" result="Passed" start-time="2020-03-25 20:48:12Z" end-time="2020-03-25 20:48:16Z" duration="3.631959" asserts="1">
                    <properties />
                    <output><![CDATA[[
  {
    "Id": 4617,
    "BuildNumber": "20200325.1",
    "Definition": {
      "Id": 66,
      "Name": "Nuget CI Build (Development)"
    },
    "StartTime": "2020-03-25T19:15:10.4478346Z",
    "FinishTime": "2020-03-25T19:20:32.1444879Z",
    "RequestedBy": {
      "DisplayName": "Microsoft.VisualStudio.Services.TFS"
    },
    "Result": "succeeded",
    "SourceBranch": "refs/heads/development",
    "SourceVersion": "5dfe7371231eaf10495b6bf4bab874adbb49d31f",
    "Repository": {
      "Id": "1878cfcc-dbbf-45d8-b1b2-d3aea2d079b6",
      "Name": "Nuget"
    }
  },
  {
    "Id": 4616,
    "BuildNumber": "20200325.2",
    "Definition": {
      "Id": 56,
      "Name": "EnvelopesRegister CI Build (Development)"
    },
    "StartTime": "2020-03-25T12:41:05.9512768Z",
    "FinishTime": "2020-03-25T12:42:54.7961861Z",
    "RequestedBy": {
      "DisplayName": "Microsoft.VisualStudio.Services.TFS"
    },
    "Result": "succeeded",
    "SourceBranch": "refs/heads/development",
    "SourceVersion": "df2790fb20d545ae509714aa725d8c8da8016fb1",
    "Repository": {
      "Id": "af0ffbfd-f163-4846-89e3-3e3f27f7a2e1",
      "Name": "EnvelopesRegister"
    }
  },
  {
    "Id": 4613,
    "BuildNumber": "20200324.1",
    "Definition": {
      "Id": 41,
      "Name": "Document API Release Build"
    },
    "StartTime": "2020-03-24T15:08:12.7367724Z",
    "FinishTime": "2020-03-24T15:12:32.5650031Z",
    "RequestedBy": {
      "DisplayName": "Mikhail.Tchesnokov"
    },
    "Result": "succeeded",
    "SourceBranch": "refs/heads/master",
    "SourceVersion": "b0a8ed2ebc43377c590364c450c5d160b3b3d873",
    "Repository": {
      "Id": "7efd6a07-8775-4f55-a233-c53439f63453",
      "Name": "DocumentApi"
    }
  },
  {
    "Id": 4611,
    "BuildNumber": "20200324.2",
    "Definition": {
      "Id": 36,
      "Name": "DocumentApi CI Build (Development)"
    },
    "StartTime": "2020-03-24T14:30:51.8547558Z",
    "FinishTime": "2020-03-24T14:39:59.3692032Z",
    "RequestedBy": {
      "DisplayName": "Mikhail.Tchesnokov"
    },
    "Result": "succeeded",
    "SourceBranch": "refs/heads/development",
    "SourceVersion": "b81cce66296eb1218d165d0f18f78347741f0278",
    "Repository": {
      "Id": "7efd6a07-8775-4f55-a233-c53439f63453",
      "Name": "DocumentApi"
    }
  },
  {
    "Id": 4612,
    "BuildNumber": "20200324.1",
    "Definition": {
      "Id": 37,
      "Name": "DocumentApi CI Build (Master)"
    },
    "StartTime": "2020-03-24T13:51:39.6771039Z",
    "FinishTime": "2020-03-24T14:01:50.7858744Z",
    "RequestedBy": {
      "DisplayName": "Microsoft.VisualStudio.Services.TFS"
    },
    "Result": "succeeded",
    "SourceBranch": "refs/heads/master",
    "SourceVersion": "b0a8ed2ebc43377c590364c450c5d160b3b3d873",
    "Repository": {
      "Id": "7efd6a07-8775-4f55-a233-c53439f63453",
      "Name": "DocumentApi"
    }
  },
  {
    "Id": 4610,
    "BuildNumber": "20200324.1",
    "Definition": {
      "Id": 36,
      "Name": "DocumentApi CI Build (Development)"
    },
    "StartTime": "2020-03-24T13:32:14.8912487Z",
    "FinishTime": "2020-03-24T13:32:14.8912487Z",
    "RequestedBy": {
      "DisplayName": "Microsoft.VisualStudio.Services.TFS"
    },
    "Result": "canceled",
    "SourceBranch": "refs/heads/development",
    "SourceVersion": "b81cce66296eb1218d165d0f18f78347741f0278",
    "Repository": {
      "Id": "7efd6a07-8775-4f55-a233-c53439f63453",
      "Name": "DocumentApi"
    }
  },
  {
    "Id": 4609,
    "BuildNumber": "20200324.1",
    "Definition": {
      "Id": 28,
      "Name": "Identity Server"
    },
    "StartTime": "2020-03-24T08:55:41.725432Z",
    "FinishTime": "2020-03-24T09:00:12.7162128Z",
    "RequestedBy": {
      "DisplayName": "Tjeerd de Haas"
    },
    "Result": "succeeded",
    "SourceBranch": "refs/heads/master",
    "SourceVersion": "b35bc9dc6a7723884e2bfb2f7e9cb83fb59785cf",
    "Repository": {
      "Id": "4d45f1cb-3e01-4fcb-aac0-f7b35c5f3a0c",
      "Name": "IntraOffice2018"
    }
  },
  {
    "Id": 4606,
    "BuildNumber": "20200323.1",
    "Definition": {
      "Id": 66,
      "Name": "Nuget CI Build (Development)"
    },
    "StartTime": "2020-03-23T12:39:41.28195Z",
    "FinishTime": "2020-03-23T12:45:09.4733206Z",
    "RequestedBy": {
      "DisplayName": "Microsoft.VisualStudio.Services.TFS"
    },
    "Result": "succeeded",
    "SourceBranch": "refs/heads/development",
    "SourceVersion": "5c524f62e8373ac4e290df41997bccfca4d86fa9",
    "Repository": {
      "Id": "1878cfcc-dbbf-45d8-b1b2-d3aea2d079b6",
      "Name": "Nuget"
    }
  },
  {
    "Id": 4601,
    "BuildNumber": "20200320.4",
    "Definition": {
      "Id": 66,
      "Name": "Nuget CI Build (Development)"
    },
    "StartTime": "2020-03-20T13:29:43.3248427Z",
    "FinishTime": "2020-03-20T13:34:46.420643Z",
    "RequestedBy": {
      "DisplayName": "Microsoft.VisualStudio.Services.TFS"
    },
    "Result": "succeeded",
    "SourceBranch": "refs/heads/development",
    "SourceVersion": "9c3462b5eadb1aa31c2e32e000f8f2f0376fe7bc",
    "Repository": {
      "Id": "1878cfcc-dbbf-45d8-b1b2-d3aea2d079b6",
      "Name": "Nuget"
    }
  },
  {
    "Id": 4600,
    "BuildNumber": "20200320.3",
    "Definition": {
      "Id": 66,
      "Name": "Nuget CI Build (Development)"
    },
    "StartTime": "2020-03-20T11:42:52.7026542Z",
    "FinishTime": "2020-03-20T11:49:03.9665676Z",
    "RequestedBy": {
      "DisplayName": "Microsoft.VisualStudio.Services.TFS"
    },
    "Result": "succeeded",
    "SourceBranch": "refs/heads/development",
    "SourceVersion": "1282a29d7cc1b0731adfacfc3520a737bbf67740",
    "Repository": {
      "Id": "1878cfcc-dbbf-45d8-b1b2-d3aea2d079b6",
      "Name": "Nuget"
    }
  },
  {
    "Id": 4599,
    "BuildNumber": "20200320.2",
    "Definition": {
      "Id": 66,
      "Name": "Nuget CI Build (Development)"
    },
    "StartTime": "2020-03-20T09:49:37.8070134Z",
    "FinishTime": "2020-03-20T09:54:50.2740585Z",
    "RequestedBy": {
      "DisplayName": "Microsoft.VisualStudio.Services.TFS"
    },
    "Result": "succeeded",
    "SourceBranch": "refs/heads/development",
    "SourceVersion": "5f6ffa1cce2e6c50368ed54d9d6a639a9e926098",
    "Repository": {
      "Id": "1878cfcc-dbbf-45d8-b1b2-d3aea2d079b6",
      "Name": "Nuget"
    }
  },
  {
    "Id": 4598,
    "BuildNumber": "20200320.1",
    "Definition": {
      "Id": 66,
      "Name": "Nuget CI Build (Development)"
    },
    "StartTime": "2020-03-20T08:58:28.0063243Z",
    "FinishTime": "2020-03-20T09:03:15.6106051Z",
    "RequestedBy": {
      "DisplayName": "Microsoft.VisualStudio.Services.TFS"
    },
    "Result": "succeeded",
    "SourceBranch": "refs/heads/development",
    "SourceVersion": "e7a711f8d791662dde33f10e795bbf1518dafcdd",
    "Repository": {
      "Id": "1878cfcc-dbbf-45d8-b1b2-d3aea2d079b6",
      "Name": "Nuget"
    }
  },
  {
    "Id": 4597,
    "BuildNumber": "master-10.0.20079.1",
    "Definition": {
      "Id": 72,
      "Name": "IntraOffice-Routing"
    },
    "StartTime": "2020-03-19T16:43:20.9395015Z",
    "FinishTime": "2020-03-19T16:51:59.7223103Z",
    "RequestedBy": {
      "DisplayName": "Roel de Regt"
    },
    "Result": "succeeded",
    "SourceBranch": "refs/heads/master",
    "SourceVersion": "e64e7ea2e618a6f4bdc03bed42556ec8dacdb7ce",
    "Repository": {
      "Id": "e71ab3fa-2e72-469c-b58e-ce8cd3f6795b",
      "Name": "IntraOffice-Routing"
    }
  },
  {
    "Id": 4595,
    "BuildNumber": "20200318.1",
    "Definition": {
      "Id": 75,
      "Name": "Sign API Release Build"
    },
    "StartTime": "2020-03-18T11:14:06.4775727Z",
    "FinishTime": "2020-03-18T11:17:23.3772864Z",
    "RequestedBy": {
      "DisplayName": "Mikhail.Tchesnokov"
    },
    "Result": "succeeded",
    "SourceBranch": "refs/heads/master",
    "SourceVersion": "2ea58ea68b3ef0069a7891c2136b1edf1eccd197",
    "Repository": {
      "Id": "8e1e1164-f24d-4967-9b44-c6ea43178415",
      "Name": "IntraOffice-Signing"
    }
  },
  {
    "Id": 4594,
    "BuildNumber": "20200318.1",
    "Definition": {
      "Id": 74,
      "Name": "IntraOffice-Signing CI Build (Master)"
    },
    "StartTime": "2020-03-18T11:09:35.6337803Z",
    "FinishTime": "2020-03-18T11:13:45.4051994Z",
    "RequestedBy": {
      "DisplayName": "Microsoft.VisualStudio.Services.TFS"
    },
    "Result": "succeeded",
    "SourceBranch": "refs/heads/master",
    "SourceVersion": "2ea58ea68b3ef0069a7891c2136b1edf1eccd197",
    "Repository": {
      "Id": "8e1e1164-f24d-4967-9b44-c6ea43178415",
      "Name": "IntraOffice-Signing"
    }
  },
  {
    "Id": 4593,
    "BuildNumber": "20200317.2",
    "Definition": {
      "Id": 75,
      "Name": "Sign API Release Build"
    },
    "StartTime": "2020-03-17T21:03:07.2690272Z",
    "FinishTime": "2020-03-17T21:05:47.7855779Z",
    "RequestedBy": {
      "DisplayName": "Mikhail.Tchesnokov"
    },
    "Result": "succeeded",
    "SourceBranch": "refs/heads/master",
    "SourceVersion": "d6359d2efeb5fb6670a43e97c1b013afd1bec4fa",
    "Repository": {
      "Id": "8e1e1164-f24d-4967-9b44-c6ea43178415",
      "Name": "IntraOffice-Signing"
    }
  },
  {
    "Id": 4592,
    "BuildNumber": "20200317.4",
    "Definition": {
      "Id": 74,
      "Name": "IntraOffice-Signing CI Build (Master)"
    },
    "StartTime": "2020-03-17T20:56:18.005286Z",
    "FinishTime": "2020-03-17T20:59:13.9008734Z",
    "RequestedBy": {
      "DisplayName": "Microsoft.VisualStudio.Services.TFS"
    },
    "Result": "succeeded",
    "SourceBranch": "refs/heads/master",
    "SourceVersion": "d6359d2efeb5fb6670a43e97c1b013afd1bec4fa",
    "Repository": {
      "Id": "8e1e1164-f24d-4967-9b44-c6ea43178415",
      "Name": "IntraOffice-Signing"
    }
  },
  {
    "Id": 4590,
    "BuildNumber": "development-9.6.20077.1",
    "Definition": {
      "Id": 68,
      "Name": "IntraOffice"
    },
    "StartTime": "2020-03-17T14:36:56.6468381Z",
    "FinishTime": "2020-03-17T14:48:45.5260943Z",
    "RequestedBy": {
      "DisplayName": "Roel de Regt"
    },
    "Result": "succeeded",
    "SourceBranch": "refs/heads/development",
    "SourceVersion": "9651a96cbd9b62ea86e89c8b7d96859ba514d917",
    "Repository": {
      "Id": "7e06ad15-43b5-4281-b482-152cbd8e6e06",
      "Name": "IntraOffice"
    }
  },
  {
    "Id": 4588,
    "BuildNumber": "20200317.5",
    "Definition": {
      "Id": 66,
      "Name": "Nuget CI Build (Development)"
    },
    "StartTime": "2020-03-17T13:59:36.6432726Z",
    "FinishTime": "2020-03-17T14:05:14.0426351Z",
    "RequestedBy": {
      "DisplayName": "Microsoft.VisualStudio.Services.TFS"
    },
    "Result": "succeeded",
    "SourceBranch": "refs/heads/development",
    "SourceVersion": "b1e8e2882f3105f8eb106c8495c0375787e090d7",
    "Repository": {
      "Id": "1878cfcc-dbbf-45d8-b1b2-d3aea2d079b6",
      "Name": "Nuget"
    }
  },
  {
    "Id": 4587,
    "BuildNumber": "20200317.4",
    "Definition": {
      "Id": 66,
      "Name": "Nuget CI Build (Development)"
    },
    "StartTime": "2020-03-17T13:49:40.4339499Z",
    "FinishTime": "2020-03-17T13:55:11.5801863Z",
    "RequestedBy": {
      "DisplayName": "Microsoft.VisualStudio.Services.TFS"
    },
    "Result": "succeeded",
    "SourceBranch": "refs/heads/development",
    "SourceVersion": "04f8b859e32cf2c08f62a9384aa8f099362b766a",
    "Repository": {
      "Id": "1878cfcc-dbbf-45d8-b1b2-d3aea2d079b6",
      "Name": "Nuget"
    }
  },
  {
    "Id": 4585,
    "BuildNumber": "20200317.3",
    "Definition": {
      "Id": 66,
      "Name": "Nuget CI Build (Development)"
    },
    "StartTime": "2020-03-17T13:05:12.7215595Z",
    "FinishTime": "2020-03-17T13:10:25.3711783Z",
    "RequestedBy": {
      "DisplayName": "Microsoft.VisualStudio.Services.TFS"
    },
    "Result": "succeeded",
    "SourceBranch": "refs/heads/development",
    "SourceVersion": "e5d20ec43dc03878e7d8e9f317691558b87f9f66",
    "Repository": {
      "Id": "1878cfcc-dbbf-45d8-b1b2-d3aea2d079b6",
      "Name": "Nuget"
    }
  },
  {
    "Id": 4584,
    "BuildNumber": "20200317.2",
    "Definition": {
      "Id": 66,
      "Name": "Nuget CI Build (Development)"
    },
    "StartTime": "2020-03-17T13:03:01.2547237Z",
    "FinishTime": "2020-03-17T13:08:30.7910403Z",
    "RequestedBy": {
      "DisplayName": "Microsoft.VisualStudio.Services.TFS"
    },
    "Result": "succeeded",
    "SourceBranch": "refs/heads/development",
    "SourceVersion": "825f4bb9d6e05f8dd589ccca492f3d1ed0516f2a",
    "Repository": {
      "Id": "1878cfcc-dbbf-45d8-b1b2-d3aea2d079b6",
      "Name": "Nuget"
    }
  },
  {
    "Id": 4583,
    "BuildNumber": "20200317.1",
    "Definition": {
      "Id": 74,
      "Name": "IntraOffice-Signing CI Build (Master)"
    },
    "StartTime": "2020-03-17T08:51:25.1237008Z",
    "FinishTime": "2020-03-17T08:55:03.2991003Z",
    "RequestedBy": {
      "DisplayName": "Microsoft.VisualStudio.Services.TFS"
    },
    "Result": "succeeded",
    "SourceBranch": "refs/heads/master",
    "SourceVersion": "e2b8640416e74dfcec5f666747b6e04a6a2662a0",
    "Repository": {
      "Id": "8e1e1164-f24d-4967-9b44-c6ea43178415",
      "Name": "IntraOffice-Signing"
    }
  },
  {
    "Id": 4582,
    "BuildNumber": "20200317.1",
    "Definition": {
      "Id": 66,
      "Name": "Nuget CI Build (Development)"
    },
    "StartTime": "2020-03-17T07:49:39.80328Z",
    "FinishTime": "2020-03-17T07:54:58.7950946Z",
    "RequestedBy": {
      "DisplayName": "Microsoft.VisualStudio.Services.TFS"
    },
    "Result": "succeeded",
    "SourceBranch": "refs/heads/development",
    "SourceVersion": "e68cac18437d56cac1448fb8bd1ec6a9f196e092",
    "Repository": {
      "Id": "1878cfcc-dbbf-45d8-b1b2-d3aea2d079b6",
      "Name": "Nuget"
    }
  },
  {
    "Id": 4580,
    "BuildNumber": "9.1-9.1.20076.1",
    "Definition": {
      "Id": 9,
      "Name": "Version 9 Build"
    },
    "StartTime": "2020-03-16T16:38:33.428466Z",
    "FinishTime": "2020-03-16T16:48:29.172127Z",
    "RequestedBy": {
      "DisplayName": "Corne Los"
    },
    "Result": "succeeded",
    "SourceBranch": "refs/heads/Releases/9.1",
    "SourceVersion": "fc4b9f9d01eb596c2eda2d76b9beef800b4bbf94",
    "Repository": {
      "Id": "7e06ad15-43b5-4281-b482-152cbd8e6e06",
      "Name": "IntraOffice"
    }
  },
  {
    "Id": 4579,
    "BuildNumber": "20200316.1",
    "Definition": {
      "Id": 74,
      "Name": "IntraOffice-Signing CI Build (Master)"
    },
    "StartTime": "2020-03-16T08:50:16.273046Z",
    "FinishTime": "2020-03-16T08:53:43.9116137Z",
    "RequestedBy": {
      "DisplayName": "Microsoft.VisualStudio.Services.TFS"
    },
    "Result": "succeeded",
    "SourceBranch": "refs/heads/master",
    "SourceVersion": "520c2dfc69f5fdeee435c1426b1573345dba9820",
    "Repository": {
      "Id": "8e1e1164-f24d-4967-9b44-c6ea43178415",
      "Name": "IntraOffice-Signing"
    }
  },
  {
    "Id": 4577,
    "BuildNumber": "20200313.1",
    "Definition": {
      "Id": 74,
      "Name": "IntraOffice-Signing CI Build (Master)"
    },
    "StartTime": "2020-03-13T12:20:25.1397671Z",
    "FinishTime": "2020-03-13T12:24:20.2184862Z",
    "RequestedBy": {
      "DisplayName": "Microsoft.VisualStudio.Services.TFS"
    },
    "Result": "succeeded",
    "SourceBranch": "refs/heads/master",
    "SourceVersion": "9db69403f4b065326c08daa6f38ca119df34702a",
    "Repository": {
      "Id": "8e1e1164-f24d-4967-9b44-c6ea43178415",
      "Name": "IntraOffice-Signing"
    }
  },
  {
    "Id": 4576,
    "BuildNumber": "20200312.4",
    "Definition": {
      "Id": 74,
      "Name": "IntraOffice-Signing CI Build (Master)"
    },
    "StartTime": "2020-03-12T15:58:33.7758744Z",
    "FinishTime": "2020-03-12T16:01:53.0061175Z",
    "RequestedBy": {
      "DisplayName": "Microsoft.VisualStudio.Services.TFS"
    },
    "Result": "succeeded",
    "SourceBranch": "refs/heads/master",
    "SourceVersion": "82d541db049d35733173dd35f9defa17c56c4a3a",
    "Repository": {
      "Id": "8e1e1164-f24d-4967-9b44-c6ea43178415",
      "Name": "IntraOffice-Signing"
    }
  },
  {
    "Id": 4575,
    "BuildNumber": "20200312.3",
    "Definition": {
      "Id": 74,
      "Name": "IntraOffice-Signing CI Build (Master)"
    },
    "StartTime": "2020-03-12T15:12:55.9866975Z",
    "FinishTime": "2020-03-12T15:16:21.2042521Z",
    "RequestedBy": {
      "DisplayName": "Microsoft.VisualStudio.Services.TFS"
    },
    "Result": "succeeded",
    "SourceBranch": "refs/heads/master",
    "SourceVersion": "6d24afe479634f70d26b78546666141cc1728d67",
    "Repository": {
      "Id": "8e1e1164-f24d-4967-9b44-c6ea43178415",
      "Name": "IntraOffice-Signing"
    }
  },
  {
    "Id": 4574,
    "BuildNumber": "20200312.2",
    "Definition": {
      "Id": 74,
      "Name": "IntraOffice-Signing CI Build (Master)"
    },
    "StartTime": "2020-03-12T13:42:03.1884133Z",
    "FinishTime": "2020-03-12T13:45:24.4174987Z",
    "RequestedBy": {
      "DisplayName": "Microsoft.VisualStudio.Services.TFS"
    },
    "Result": "succeeded",
    "SourceBranch": "refs/heads/master",
    "SourceVersion": "326698295826cdd8721be553bde8400f44c342ec",
    "Repository": {
      "Id": "8e1e1164-f24d-4967-9b44-c6ea43178415",
      "Name": "IntraOffice-Signing"
    }
  },
  {
    "Id": 4573,
    "BuildNumber": "9.2-9.2.20072.1",
    "Definition": {
      "Id": 9,
      "Name": "Version 9 Build"
    },
    "StartTime": "2020-03-12T12:55:30.9339371Z",
    "FinishTime": "2020-03-12T13:13:22.1203447Z",
    "RequestedBy": {
      "DisplayName": "Roel de Regt"
    },
    "Result": "succeeded",
    "SourceBranch": "refs/heads/Releases/9.2",
    "SourceVersion": "41a2ba818b00c7cfa48c314e928ce3aafd65d4d8",
    "Repository": {
      "Id": "7e06ad15-43b5-4281-b482-152cbd8e6e06",
      "Name": "IntraOffice"
    }
  },
  {
    "Id": 4572,
    "BuildNumber": "20200312.1",
    "Definition": {
      "Id": 74,
      "Name": "IntraOffice-Signing CI Build (Master)"
    },
    "StartTime": "2020-03-12T09:51:42.3169916Z",
    "FinishTime": "2020-03-12T09:55:11.2007812Z",
    "RequestedBy": {
      "DisplayName": "Microsoft.VisualStudio.Services.TFS"
    },
    "Result": "succeeded",
    "SourceBranch": "refs/heads/master",
    "SourceVersion": "eaf4bd633d44980d482bc4bf788ee88527c28d57",
    "Repository": {
      "Id": "8e1e1164-f24d-4967-9b44-c6ea43178415",
      "Name": "IntraOffice-Signing"
    }
  },
  {
    "Id": 4571,
    "BuildNumber": "20200311.8",
    "Definition": {
      "Id": 74,
      "Name": "IntraOffice-Signing CI Build (Master)"
    },
    "StartTime": "2020-03-11T19:12:29.2162386Z",
    "FinishTime": "2020-03-11T19:16:12.4202576Z",
    "RequestedBy": {
      "DisplayName": "Microsoft.VisualStudio.Services.TFS"
    },
    "Result": "succeeded",
    "SourceBranch": "refs/heads/master",
    "SourceVersion": "b3e04eb166d28500956e46c1ff464a469a098291",
    "Repository": {
      "Id": "8e1e1164-f24d-4967-9b44-c6ea43178415",
      "Name": "IntraOffice-Signing"
    }
  },
  {
    "Id": 4570,
    "BuildNumber": "20200311.7",
    "Definition": {
      "Id": 74,
      "Name": "IntraOffice-Signing CI Build (Master)"
    },
    "StartTime": "2020-03-11T19:01:47.3660107Z",
    "FinishTime": "2020-03-11T19:05:20.3956784Z",
    "RequestedBy": {
      "DisplayName": "Microsoft.VisualStudio.Services.TFS"
    },
    "Result": "succeeded",
    "SourceBranch": "refs/heads/master",
    "SourceVersion": "745a1a5de9fb64f04af16faa2efe992069f36dbf",
    "Repository": {
      "Id": "8e1e1164-f24d-4967-9b44-c6ea43178415",
      "Name": "IntraOffice-Signing"
    }
  },
  {
    "Id": 4568,
    "BuildNumber": "20200311.5",
    "Definition": {
      "Id": 74,
      "Name": "IntraOffice-Signing CI Build (Master)"
    },
    "StartTime": "2020-03-11T09:34:34.4524223Z",
    "FinishTime": "2020-03-11T09:37:55.250708Z",
    "RequestedBy": {
      "DisplayName": "Microsoft.VisualStudio.Services.TFS"
    },
    "Result": "succeeded",
    "SourceBranch": "refs/heads/master",
    "SourceVersion": "49a9acca55e055e72b9d2c061255346629fcdbf5",
    "Repository": {
      "Id": "8e1e1164-f24d-4967-9b44-c6ea43178415",
      "Name": "IntraOffice-Signing"
    }
  },
  {
    "Id": 4567,
    "BuildNumber": "20200311.4",
    "Definition": {
      "Id": 74,
      "Name": "IntraOffice-Signing CI Build (Master)"
    },
    "StartTime": "2020-03-11T09:27:21.8939772Z",
    "FinishTime": "2020-03-11T09:30:42.0486894Z",
    "RequestedBy": {
      "DisplayName": "Microsoft.VisualStudio.Services.TFS"
    },
    "Result": "succeeded",
    "SourceBranch": "refs/heads/master",
    "SourceVersion": "ca38bd4a578320d2f3693797a9d9b1ce816d78d2",
    "Repository": {
      "Id": "8e1e1164-f24d-4967-9b44-c6ea43178415",
      "Name": "IntraOffice-Signing"
    }
  },
  {
    "Id": 4566,
    "BuildNumber": "20200311.3",
    "Definition": {
      "Id": 74,
      "Name": "IntraOffice-Signing CI Build (Master)"
    },
    "StartTime": "2020-03-11T09:21:14.5784432Z",
    "FinishTime": "2020-03-11T09:24:40.1460852Z",
    "RequestedBy": {
      "DisplayName": "Microsoft.VisualStudio.Services.TFS"
    },
    "Result": "succeeded",
    "SourceBranch": "refs/heads/master",
    "SourceVersion": "e864ef180465d9e2eb3eac05b0cec0fa1bf1ab7d",
    "Repository": {
      "Id": "8e1e1164-f24d-4967-9b44-c6ea43178415",
      "Name": "IntraOffice-Signing"
    }
  },
  {
    "Id": 4560,
    "BuildNumber": "20200310.2",
    "Definition": {
      "Id": 74,
      "Name": "IntraOffice-Signing CI Build (Master)"
    },
    "StartTime": "2020-03-10T08:28:32.9345115Z",
    "FinishTime": "2020-03-10T08:31:30.8888144Z",
    "RequestedBy": {
      "DisplayName": "Microsoft.VisualStudio.Services.TFS"
    },
    "Result": "succeeded",
    "SourceBranch": "refs/heads/master",
    "SourceVersion": "734a1580793ca73e5a80fab3cbc52f7464c33eff",
    "Repository": {
      "Id": "8e1e1164-f24d-4967-9b44-c6ea43178415",
      "Name": "IntraOffice-Signing"
    }
  },
  {
    "Id": 4559,
    "BuildNumber": "20200310.1",
    "Definition": {
      "Id": 74,
      "Name": "IntraOffice-Signing CI Build (Master)"
    },
    "StartTime": "2020-03-10T08:22:57.8660186Z",
    "FinishTime": "2020-03-10T08:26:18.6574995Z",
    "RequestedBy": {
      "DisplayName": "Microsoft.VisualStudio.Services.TFS"
    },
    "Result": "succeeded",
    "SourceBranch": "refs/heads/master",
    "SourceVersion": "6a1bb8f74bb9da5f5c28b65e08d01b132e362f92",
    "Repository": {
      "Id": "8e1e1164-f24d-4967-9b44-c6ea43178415",
      "Name": "IntraOffice-Signing"
    }
  },
  {
    "Id": 4558,
    "BuildNumber": "9.2-9.2.20069.1",
    "Definition": {
      "Id": 9,
      "Name": "Version 9 Build"
    },
    "StartTime": "2020-03-09T15:44:08.0960316Z",
    "FinishTime": "2020-03-09T16:02:20.9092119Z",
    "RequestedBy": {
      "DisplayName": "Corne Los"
    },
    "Result": "succeeded",
    "SourceBranch": "refs/heads/Releases/9.2",
    "SourceVersion": "c71e1c1d025557ff150a7f7f7d89ac31d54792b2",
    "Repository": {
      "Id": "7e06ad15-43b5-4281-b482-152cbd8e6e06",
      "Name": "IntraOffice"
    }
  },
  {
    "Id": 4557,
    "BuildNumber": "20200309.3",
    "Definition": {
      "Id": 74,
      "Name": "IntraOffice-Signing CI Build (Master)"
    },
    "StartTime": "2020-03-09T14:42:55.8103428Z",
    "FinishTime": "2020-03-09T14:46:09.807154Z",
    "RequestedBy": {
      "DisplayName": "Microsoft.VisualStudio.Services.TFS"
    },
    "Result": "succeeded",
    "SourceBranch": "refs/heads/master",
    "SourceVersion": "5b8c5d09e3f67af563e94ba7ff445c1d88547b01",
    "Repository": {
      "Id": "8e1e1164-f24d-4967-9b44-c6ea43178415",
      "Name": "IntraOffice-Signing"
    }
  },
  {
    "Id": 4556,
    "BuildNumber": "20200309.2",
    "Definition": {
      "Id": 74,
      "Name": "IntraOffice-Signing CI Build (Master)"
    },
    "StartTime": "2020-03-09T14:27:23.4665935Z",
    "FinishTime": "2020-03-09T14:30:36.2980628Z",
    "RequestedBy": {
      "DisplayName": "Microsoft.VisualStudio.Services.TFS"
    },
    "Result": "succeeded",
    "SourceBranch": "refs/heads/master",
    "SourceVersion": "267ae00429b98adc1a8127112dd795893dbd998c",
    "Repository": {
      "Id": "8e1e1164-f24d-4967-9b44-c6ea43178415",
      "Name": "IntraOffice-Signing"
    }
  },
  {
    "Id": 4555,
    "BuildNumber": "20200309.1",
    "Definition": {
      "Id": 75,
      "Name": "Sign API Release Build"
    },
    "StartTime": "2020-03-09T13:48:54.8223011Z",
    "FinishTime": "2020-03-09T13:51:48.4693662Z",
    "RequestedBy": {
      "DisplayName": "Mikhail.Tchesnokov"
    },
    "Result": "succeeded",
    "SourceBranch": "refs/heads/master",
    "SourceVersion": "d2ef9fee62e0fec4eddb4240db9ba5cb1f169402",
    "Repository": {
      "Id": "8e1e1164-f24d-4967-9b44-c6ea43178415",
      "Name": "IntraOffice-Signing"
    }
  },
  {
    "Id": 4554,
    "BuildNumber": "20200309.1",
    "Definition": {
      "Id": 74,
      "Name": "IntraOffice-Signing CI Build (Master)"
    },
    "StartTime": "2020-03-09T13:35:01.4531627Z",
    "FinishTime": "2020-03-09T13:37:55.2388878Z",
    "RequestedBy": {
      "DisplayName": "Microsoft.VisualStudio.Services.TFS"
    },
    "Result": "succeeded",
    "SourceBranch": "refs/heads/master",
    "SourceVersion": "d2ef9fee62e0fec4eddb4240db9ba5cb1f169402",
    "Repository": {
      "Id": "8e1e1164-f24d-4967-9b44-c6ea43178415",
      "Name": "IntraOffice-Signing"
    }
  },
  {
    "Id": 4553,
    "BuildNumber": "20200309.3",
    "Definition": {
      "Id": 66,
      "Name": "Nuget CI Build (Development)"
    },
    "StartTime": "2020-03-09T13:09:48.3042405Z",
    "FinishTime": "2020-03-09T13:14:55.8356243Z",
    "RequestedBy": {
      "DisplayName": "Microsoft.VisualStudio.Services.TFS"
    },
    "Result": "succeeded",
    "SourceBranch": "refs/heads/development",
    "SourceVersion": "30c641e76084566fa1132d08ea30032c34c35e8b",
    "Repository": {
      "Id": "1878cfcc-dbbf-45d8-b1b2-d3aea2d079b6",
      "Name": "Nuget"
    }
  },
  {
    "Id": 4549,
    "BuildNumber": "master-10.1.20066.2",
    "Definition": {
      "Id": 69,
      "Name": "IntraOffice-Content-Repository"
    },
    "StartTime": "2020-03-06T14:20:53.8149953Z",
    "FinishTime": "2020-03-06T22:06:11.3299742Z",
    "RequestedBy": {
      "DisplayName": "Roel de Regt"
    },
    "Result": "succeeded",
    "SourceBranch": "refs/heads/master",
    "SourceVersion": "34d6a72c775a78ef12317585aa69d12f60d6f717",
    "Repository": {
      "Id": "6525cebf-c7df-4ba3-b01a-265613861b33",
      "Name": "IntraOffice-Content-Repository"
    }
  },
  {
    "Id": 4550,
    "BuildNumber": "development-9.6.20066.3",
    "Definition": {
      "Id": 68,
      "Name": "IntraOffice"
    },
    "StartTime": "2020-03-06T15:24:11.199893Z",
    "FinishTime": "2020-03-06T15:35:48.9377743Z",
    "RequestedBy": {
      "DisplayName": "Roel de Regt"
    },
    "Result": "succeeded",
    "SourceBranch": "refs/heads/development",
    "SourceVersion": "094bcf90248e8e28105f6ca48e2d7443d6d0085e",
    "Repository": {
      "Id": "7e06ad15-43b5-4281-b482-152cbd8e6e06",
      "Name": "IntraOffice"
    }
  },
  {
    "Id": 4548,
    "BuildNumber": "development-10.1.20066.1",
    "Definition": {
      "Id": 69,
      "Name": "IntraOffice-Content-Repository"
    },
    "StartTime": "2020-03-06T13:42:06.8460505Z",
    "FinishTime": "2020-03-06T13:45:36.9803614Z",
    "RequestedBy": {
      "DisplayName": "Roel de Regt"
    },
    "Result": "succeeded",
    "SourceBranch": "refs/heads/development",
    "SourceVersion": "5895d1d8018e55274d6b7b39eb18370cf939115e",
    "Repository": {
      "Id": "6525cebf-c7df-4ba3-b01a-265613861b33",
      "Name": "IntraOffice-Content-Repository"
    }
  },
  {
    "Id": 4547,
    "BuildNumber": "master-10.1.20066.1",
    "Definition": {
      "Id": 69,
      "Name": "IntraOffice-Content-Repository"
    },
    "StartTime": "2020-03-06T13:41:19.3167029Z",
    "FinishTime": "2020-03-06T13:41:37.9248218Z",
    "RequestedBy": {
      "DisplayName": "Roel de Regt"
    },
    "Result": "canceled",
    "SourceBranch": "refs/heads/master",
    "SourceVersion": "662549a00fbce54d5e92008b0602c61636251f3b",
    "Repository": {
      "Id": "6525cebf-c7df-4ba3-b01a-265613861b33",
      "Name": "IntraOffice-Content-Repository"
    }
  },
  {
    "Id": 4546,
    "BuildNumber": "20200306.5",
    "Definition": {
      "Id": 66,
      "Name": "Nuget CI Build (Development)"
    },
    "StartTime": "2020-03-06T13:14:26.6439771Z",
    "FinishTime": "2020-03-06T13:19:49.8100202Z",
    "RequestedBy": {
      "DisplayName": "Microsoft.VisualStudio.Services.TFS"
    },
    "Result": "succeeded",
    "SourceBranch": "refs/heads/development",
    "SourceVersion": "feed1490ea460e8a883ec40897bff78e82d07d9f",
    "Repository": {
      "Id": "1878cfcc-dbbf-45d8-b1b2-d3aea2d079b6",
      "Name": "Nuget"
    }
  },
  {
    "Id": 4545,
    "BuildNumber": "20200306.4",
    "Definition": {
      "Id": 66,
      "Name": "Nuget CI Build (Development)"
    },
    "StartTime": "2020-03-06T12:54:39.1753483Z",
    "FinishTime": "2020-03-06T12:59:40.3948971Z",
    "RequestedBy": {
      "DisplayName": "Microsoft.VisualStudio.Services.TFS"
    },
    "Result": "succeeded",
    "SourceBranch": "refs/heads/development",
    "SourceVersion": "eeb0afdf1684ab11f24b0a731376f77e44fd2e44",
    "Repository": {
      "Id": "1878cfcc-dbbf-45d8-b1b2-d3aea2d079b6",
      "Name": "Nuget"
    }
  },
  {
    "Id": 4544,
    "BuildNumber": "20200306.3",
    "Definition": {
      "Id": 66,
      "Name": "Nuget CI Build (Development)"
    },
    "StartTime": "2020-03-06T12:08:41.8848894Z",
    "FinishTime": "2020-03-06T12:13:40.2435563Z",
    "RequestedBy": {
      "DisplayName": "Microsoft.VisualStudio.Services.TFS"
    },
    "Result": "succeeded",
    "SourceBranch": "refs/heads/development",
    "SourceVersion": "6a27e51356ddff22063a5b1b0018838bfcd6fa2d",
    "Repository": {
      "Id": "1878cfcc-dbbf-45d8-b1b2-d3aea2d079b6",
      "Name": "Nuget"
    }
  },
  {
    "Id": 4543,
    "BuildNumber": "development-9.6.20066.2",
    "Definition": {
      "Id": 68,
      "Name": "IntraOffice"
    },
    "StartTime": "2020-03-06T10:46:36.4506113Z",
    "FinishTime": "2020-03-06T10:57:29.4593795Z",
    "RequestedBy": {
      "DisplayName": "Tjeerd de Haas"
    },
    "Result": "succeeded",
    "SourceBranch": "refs/heads/development",
    "SourceVersion": "183b84f54feafa24f1559906cdc56bf48ab8660a",
    "Repository": {
      "Id": "7e06ad15-43b5-4281-b482-152cbd8e6e06",
      "Name": "IntraOffice"
    }
  },
  {
    "Id": 4542,
    "BuildNumber": "development-9.6.20066.1",
    "Definition": {
      "Id": 68,
      "Name": "IntraOffice"
    },
    "StartTime": "2020-03-06T10:45:54.8795254Z",
    "FinishTime": "2020-03-06T10:46:30.0957565Z",
    "RequestedBy": {
      "DisplayName": "Tjeerd de Haas"
    },
    "Result": "canceled",
    "SourceBranch": "refs/heads/development",
    "SourceVersion": "985a8e97f78b9a2a2938c98a221a44a9ed2ad799",
    "Repository": {
      "Id": "7e06ad15-43b5-4281-b482-152cbd8e6e06",
      "Name": "IntraOffice"
    }
  },
  {
    "Id": 4541,
    "BuildNumber": "20200306.2",
    "Definition": {
      "Id": 66,
      "Name": "Nuget CI Build (Development)"
    },
    "StartTime": "2020-03-06T09:54:53.8563205Z",
    "FinishTime": "2020-03-06T10:00:06.9929376Z",
    "RequestedBy": {
      "DisplayName": "Microsoft.VisualStudio.Services.TFS"
    },
    "Result": "succeeded",
    "SourceBranch": "refs/heads/development",
    "SourceVersion": "11f691ab626662d5550dc0cc21ca1ba1ed93d81c",
    "Repository": {
      "Id": "1878cfcc-dbbf-45d8-b1b2-d3aea2d079b6",
      "Name": "Nuget"
    }
  },
  {
    "Id": 4540,
    "BuildNumber": "20200306.1",
    "Definition": {
      "Id": 66,
      "Name": "Nuget CI Build (Development)"
    },
    "StartTime": "2020-03-06T08:58:20.071236Z",
    "FinishTime": "2020-03-06T09:03:17.1167125Z",
    "RequestedBy": {
      "DisplayName": "Microsoft.VisualStudio.Services.TFS"
    },
    "Result": "succeeded",
    "SourceBranch": "refs/heads/development",
    "SourceVersion": "45a1cd927cf26ca054ab44276ea181dbe47f6bde",
    "Repository": {
      "Id": "1878cfcc-dbbf-45d8-b1b2-d3aea2d079b6",
      "Name": "Nuget"
    }
  },
  {
    "Id": 4539,
    "BuildNumber": "20200305.3",
    "Definition": {
      "Id": 66,
      "Name": "Nuget CI Build (Development)"
    },
    "StartTime": "2020-03-05T15:12:22.1850585Z",
    "FinishTime": "2020-03-05T15:17:34.3564208Z",
    "RequestedBy": {
      "DisplayName": "Microsoft.VisualStudio.Services.TFS"
    },
    "Result": "succeeded",
    "SourceBranch": "refs/heads/development",
    "SourceVersion": "d2807f1516e7f3d6d513660fc1e1251ba4c5f20d",
    "Repository": {
      "Id": "1878cfcc-dbbf-45d8-b1b2-d3aea2d079b6",
      "Name": "Nuget"
    }
  },
  {
    "Id": 4538,
    "BuildNumber": "20200305.2",
    "Definition": {
      "Id": 66,
      "Name": "Nuget CI Build (Development)"
    },
    "StartTime": "2020-03-05T13:50:43.6886598Z",
    "FinishTime": "2020-03-05T13:56:22.0765513Z",
    "RequestedBy": {
      "DisplayName": "Microsoft.VisualStudio.Services.TFS"
    },
    "Result": "succeeded",
    "SourceBranch": "refs/heads/development",
    "SourceVersion": "d809bd62840bb5350332f332015b3f39f32ec914",
    "Repository": {
      "Id": "1878cfcc-dbbf-45d8-b1b2-d3aea2d079b6",
      "Name": "Nuget"
    }
  },
  {
    "Id": 4536,
    "BuildNumber": "20200304.3",
    "Definition": {
      "Id": 66,
      "Name": "Nuget CI Build (Development)"
    },
    "StartTime": "2020-03-04T15:42:35.1324197Z",
    "FinishTime": "2020-03-04T15:47:40.8621224Z",
    "RequestedBy": {
      "DisplayName": "Microsoft.VisualStudio.Services.TFS"
    },
    "Result": "succeeded",
    "SourceBranch": "refs/heads/development",
    "SourceVersion": "9c8c6dad58944007b6431e6d8ddad9acea343e17",
    "Repository": {
      "Id": "1878cfcc-dbbf-45d8-b1b2-d3aea2d079b6",
      "Name": "Nuget"
    }
  },
  {
    "Id": 4533,
    "BuildNumber": "9.1-9.1.20064.2",
    "Definition": {
      "Id": 9,
      "Name": "Version 9 Build"
    },
    "StartTime": "2020-03-04T14:25:13.8841121Z",
    "FinishTime": "2020-03-04T14:35:27.3647682Z",
    "RequestedBy": {
      "DisplayName": "Corne Los"
    },
    "Result": "succeeded",
    "SourceBranch": "refs/heads/Releases/9.1",
    "SourceVersion": "f0980c63641ba66b43f0063f9f6ac5aac35dc4ac",
    "Repository": {
      "Id": "7e06ad15-43b5-4281-b482-152cbd8e6e06",
      "Name": "IntraOffice"
    }
  },
  {
    "Id": 4532,
    "BuildNumber": "9.2-9.2.20064.1",
    "Definition": {
      "Id": 9,
      "Name": "Version 9 Build"
    },
    "StartTime": "2020-03-04T09:36:00.4255611Z",
    "FinishTime": "2020-03-04T09:53:43.1479162Z",
    "RequestedBy": {
      "DisplayName": "Roel de Regt"
    },
    "Result": "succeeded",
    "SourceBranch": "refs/heads/Releases/9.2",
    "SourceVersion": "79b7ad3b3980b95eff8aefc75037f7f94a402f4d",
    "Repository": {
      "Id": "7e06ad15-43b5-4281-b482-152cbd8e6e06",
      "Name": "IntraOffice"
    }
  },
  {
    "Id": 4531,
    "BuildNumber": "9.1-9.1.20064.1",
    "Definition": {
      "Id": 9,
      "Name": "Version 9 Build"
    },
    "StartTime": "2020-03-04T08:48:32.3518184Z",
    "FinishTime": "2020-03-04T08:59:23.4660316Z",
    "RequestedBy": {
      "DisplayName": "Corne Los"
    },
    "Result": "succeeded",
    "SourceBranch": "refs/heads/Releases/9.1",
    "SourceVersion": "c332746bfe3c335fb1c739f51d02060eaf87d58d",
    "Repository": {
      "Id": "7e06ad15-43b5-4281-b482-152cbd8e6e06",
      "Name": "IntraOffice"
    }
  },
  {
    "Id": 4530,
    "BuildNumber": "20200303.5",
    "Definition": {
      "Id": 66,
      "Name": "Nuget CI Build (Development)"
    },
    "StartTime": "2020-03-03T14:29:53.8705465Z",
    "FinishTime": "2020-03-03T14:35:41.1123913Z",
    "RequestedBy": {
      "DisplayName": "Mikhail.Tchesnokov"
    },
    "Result": "succeeded",
    "SourceBranch": "refs/heads/development",
    "SourceVersion": "9843822b8cdde86b995fc147a78243fc7cf96c73",
    "Repository": {
      "Id": "1878cfcc-dbbf-45d8-b1b2-d3aea2d079b6",
      "Name": "Nuget"
    }
  },
  {
    "Id": 4529,
    "BuildNumber": "20200303.4",
    "Definition": {
      "Id": 66,
      "Name": "Nuget CI Build (Development)"
    },
    "StartTime": "2020-03-03T14:20:22.8357731Z",
    "FinishTime": "2020-03-03T14:24:36.0702359Z",
    "RequestedBy": {
      "DisplayName": "Microsoft.VisualStudio.Services.TFS"
    },
    "Result": "succeeded",
    "SourceBranch": "refs/heads/development",
    "SourceVersion": "9843822b8cdde86b995fc147a78243fc7cf96c73",
    "Repository": {
      "Id": "1878cfcc-dbbf-45d8-b1b2-d3aea2d079b6",
      "Name": "Nuget"
    }
  },
  {
    "Id": 4528,
    "BuildNumber": "20200303.3",
    "Definition": {
      "Id": 66,
      "Name": "Nuget CI Build (Development)"
    },
    "StartTime": "2020-03-03T14:19:03.3387693Z",
    "FinishTime": "2020-03-03T14:23:09.4851225Z",
    "RequestedBy": {
      "DisplayName": "Microsoft.VisualStudio.Services.TFS"
    },
    "Result": "succeeded",
    "SourceBranch": "refs/heads/development",
    "SourceVersion": "d153858e842890b2c66ff4946392bef228dbaf74",
    "Repository": {
      "Id": "1878cfcc-dbbf-45d8-b1b2-d3aea2d079b6",
      "Name": "Nuget"
    }
  },
  {
    "Id": 4527,
    "BuildNumber": "20200303.2",
    "Definition": {
      "Id": 66,
      "Name": "Nuget CI Build (Development)"
    },
    "StartTime": "2020-03-03T12:44:20.1463435Z",
    "FinishTime": "2020-03-03T12:48:36.0983797Z",
    "RequestedBy": {
      "DisplayName": "Microsoft.VisualStudio.Services.TFS"
    },
    "Result": "succeeded",
    "SourceBranch": "refs/heads/development",
    "SourceVersion": "c9d1aa77a22dc5188dd825656715cd928141f11b",
    "Repository": {
      "Id": "1878cfcc-dbbf-45d8-b1b2-d3aea2d079b6",
      "Name": "Nuget"
    }
  },
  {
    "Id": 4526,
    "BuildNumber": "20200303.1",
    "Definition": {
      "Id": 66,
      "Name": "Nuget CI Build (Development)"
    },
    "StartTime": "2020-03-03T08:47:53.8458055Z",
    "FinishTime": "2020-03-03T08:52:00.005123Z",
    "RequestedBy": {
      "DisplayName": "Microsoft.VisualStudio.Services.TFS"
    },
    "Result": "succeeded",
    "SourceBranch": "refs/heads/development",
    "SourceVersion": "011d411cf2c4b9285ef565d62173a4a861434481",
    "Repository": {
      "Id": "1878cfcc-dbbf-45d8-b1b2-d3aea2d079b6",
      "Name": "Nuget"
    }
  },
  {
    "Id": 4525,
    "BuildNumber": "20200302.16",
    "Definition": {
      "Id": 66,
      "Name": "Nuget CI Build (Development)"
    },
    "StartTime": "2020-03-02T14:05:12.5454501Z",
    "FinishTime": "2020-03-02T14:08:56.0309237Z",
    "RequestedBy": {
      "DisplayName": "Microsoft.VisualStudio.Services.TFS"
    },
    "Result": "succeeded",
    "SourceBranch": "refs/heads/development",
    "SourceVersion": "88f938ef2568682f26934c1720c5b309e14f3f6d",
    "Repository": {
      "Id": "1878cfcc-dbbf-45d8-b1b2-d3aea2d079b6",
      "Name": "Nuget"
    }
  },
  {
    "Id": 4521,
    "BuildNumber": "20200302.12",
    "Definition": {
      "Id": 66,
      "Name": "Nuget CI Build (Development)"
    },
    "StartTime": "2020-03-02T12:27:14.5192991Z",
    "FinishTime": "2020-03-02T12:29:46.8501373Z",
    "RequestedBy": {
      "DisplayName": "Mikhail.Tchesnokov"
    },
    "Result": "succeeded",
    "SourceBranch": "refs/heads/development",
    "SourceVersion": "e4946f74966bf4b2c71018b1d2c9cec8c8506a66",
    "Repository": {
      "Id": "1878cfcc-dbbf-45d8-b1b2-d3aea2d079b6",
      "Name": "Nuget"
    }
  },
  {
    "Id": 4520,
    "BuildNumber": "20200302.11",
    "Definition": {
      "Id": 66,
      "Name": "Nuget CI Build (Development)"
    },
    "StartTime": "2020-03-02T12:23:48.8924286Z",
    "FinishTime": "2020-03-02T12:25:37.4387415Z",
    "RequestedBy": {
      "DisplayName": "Mikhail.Tchesnokov"
    },
    "Result": "succeeded",
    "SourceBranch": "refs/heads/development",
    "SourceVersion": "e4946f74966bf4b2c71018b1d2c9cec8c8506a66",
    "Repository": {
      "Id": "1878cfcc-dbbf-45d8-b1b2-d3aea2d079b6",
      "Name": "Nuget"
    }
  },
  {
    "Id": 4519,
    "BuildNumber": "20200302.10",
    "Definition": {
      "Id": 66,
      "Name": "Nuget CI Build (Development)"
    },
    "StartTime": "2020-03-02T12:20:55.2942883Z",
    "FinishTime": "2020-03-02T12:22:51.1284778Z",
    "RequestedBy": {
      "DisplayName": "Microsoft.VisualStudio.Services.TFS"
    },
    "Result": "succeeded",
    "SourceBranch": "refs/heads/development",
    "SourceVersion": "e4946f74966bf4b2c71018b1d2c9cec8c8506a66",
    "Repository": {
      "Id": "1878cfcc-dbbf-45d8-b1b2-d3aea2d079b6",
      "Name": "Nuget"
    }
  },
  {
    "Id": 4509,
    "BuildNumber": "9.1-9.1.20059.1",
    "Definition": {
      "Id": 9,
      "Name": "Version 9 Build"
    },
    "StartTime": "2020-02-28T08:46:31.5251913Z",
    "FinishTime": "2020-02-28T08:56:24.9413876Z",
    "RequestedBy": {
      "DisplayName": "Corne Los"
    },
    "Result": "succeeded",
    "SourceBranch": "refs/heads/Releases/9.1",
    "SourceVersion": "f156d2845415967b86bd83d9a3104bd5f684ba54",
    "Repository": {
      "Id": "7e06ad15-43b5-4281-b482-152cbd8e6e06",
      "Name": "IntraOffice"
    }
  },
  {
    "Id": 4508,
    "BuildNumber": "9.1-9.1.20058.4",
    "Definition": {
      "Id": 9,
      "Name": "Version 9 Build"
    },
    "StartTime": "2020-02-27T15:24:28.5006621Z",
    "FinishTime": "2020-02-27T15:34:14.3573352Z",
    "RequestedBy": {
      "DisplayName": "Corne Los"
    },
    "Result": "succeeded",
    "SourceBranch": "refs/heads/Releases/9.1",
    "SourceVersion": "ac931e5be8359dfd73c2e0f36696c8ea1034278a",
    "Repository": {
      "Id": "7e06ad15-43b5-4281-b482-152cbd8e6e06",
      "Name": "IntraOffice"
    }
  },
  {
    "Id": 4507,
    "BuildNumber": "9.1-9.1.20058.3",
    "Definition": {
      "Id": 9,
      "Name": "Version 9 Build"
    },
    "StartTime": "2020-02-27T15:14:04.4468893Z",
    "FinishTime": "2020-02-27T15:22:02.2452903Z",
    "RequestedBy": {
      "DisplayName": "Corne Los"
    },
    "Result": "failed",
    "SourceBranch": "refs/heads/Releases/9.1",
    "SourceVersion": "bf837f8734670b08263e5465ca750a594ae29b6c",
    "Repository": {
      "Id": "7e06ad15-43b5-4281-b482-152cbd8e6e06",
      "Name": "IntraOffice"
    }
  },
  {
    "Id": 4506,
    "BuildNumber": "9.1-9.1.20058.2",
    "Definition": {
      "Id": 9,
      "Name": "Version 9 Build"
    },
    "StartTime": "2020-02-27T14:59:49.5896601Z",
    "FinishTime": "2020-02-27T15:01:25.0105779Z",
    "RequestedBy": {
      "DisplayName": "Corne Los"
    },
    "Result": "failed",
    "SourceBranch": "refs/heads/Releases/9.1",
    "SourceVersion": "032565476a133c5c682fe9d0c4d8c394b3ed4a7f",
    "Repository": {
      "Id": "7e06ad15-43b5-4281-b482-152cbd8e6e06",
      "Name": "IntraOffice"
    }
  },
  {
    "Id": 4504,
    "BuildNumber": "9.1.20058.3",
    "Definition": {
      "Id": 32,
      "Name": "Version 9.0-9.4 Build"
    },
    "StartTime": "2020-02-27T14:28:36.8173148Z",
    "FinishTime": "2020-02-27T14:36:25.395219Z",
    "RequestedBy": {
      "DisplayName": "Corne Los"
    },
    "Result": "failed",
    "SourceBranch": "refs/heads/Releases/9.1",
    "SourceVersion": "bc2a4a8e337f41345b7ea0cc986fb2c16cda4d6e",
    "Repository": {
      "Id": "7e06ad15-43b5-4281-b482-152cbd8e6e06",
      "Name": "IntraOffice"
    }
  },
  {
    "Id": 4503,
    "BuildNumber": "9.1.20058.2",
    "Definition": {
      "Id": 32,
      "Name": "Version 9.0-9.4 Build"
    },
    "StartTime": "2020-02-27T14:21:07.8540501Z",
    "FinishTime": "2020-02-27T14:22:40.9333532Z",
    "RequestedBy": {
      "DisplayName": "Corne Los"
    },
    "Result": "failed",
    "SourceBranch": "refs/heads/Releases/9.1",
    "SourceVersion": "bc2a4a8e337f41345b7ea0cc986fb2c16cda4d6e",
    "Repository": {
      "Id": "7e06ad15-43b5-4281-b482-152cbd8e6e06",
      "Name": "IntraOffice"
    }
  },
  {
    "Id": 4502,
    "BuildNumber": "9.1.20058.1",
    "Definition": {
      "Id": 32,
      "Name": "Version 9.0-9.4 Build"
    },
    "StartTime": "2020-02-27T13:51:26.2696901Z",
    "FinishTime": "2020-02-27T13:53:27.9275305Z",
    "RequestedBy": {
      "DisplayName": "Corne Los"
    },
    "Result": "failed",
    "SourceBranch": "refs/heads/Releases/9.1",
    "SourceVersion": "bc2a4a8e337f41345b7ea0cc986fb2c16cda4d6e",
    "Repository": {
      "Id": "7e06ad15-43b5-4281-b482-152cbd8e6e06",
      "Name": "IntraOffice"
    }
  },
  {
    "Id": 4501,
    "BuildNumber": "9.1-9.1.20058.1",
    "Definition": {
      "Id": 9,
      "Name": "Version 9 Build"
    },
    "StartTime": "2020-02-27T13:44:42.9691855Z",
    "FinishTime": "2020-02-27T13:46:53.2768868Z",
    "RequestedBy": {
      "DisplayName": "Corne Los"
    },
    "Result": "failed",
    "SourceBranch": "refs/heads/Releases/9.1",
    "SourceVersion": "bc2a4a8e337f41345b7ea0cc986fb2c16cda4d6e",
    "Repository": {
      "Id": "7e06ad15-43b5-4281-b482-152cbd8e6e06",
      "Name": "IntraOffice"
    }
  },
  {
    "Id": 4500,
    "BuildNumber": "development-10.0.20058.1",
    "Definition": {
      "Id": 64,
      "Name": "IntraOffice-Archive"
    },
    "StartTime": "2020-02-27T10:21:07.0952603Z",
    "FinishTime": "2020-02-27T10:42:02.1981097Z",
    "RequestedBy": {
      "DisplayName": "Roel de Regt"
    },
    "Result": "succeeded",
    "SourceBranch": "refs/heads/development",
    "SourceVersion": "3f6edc8eb2a39ead1788efcf7f85b245f8a49b52",
    "Repository": {
      "Id": "8541db83-41d5-4826-8a79-2b517964e5d1",
      "Name": "IntraOffice-Archive"
    }
  },
  {
    "Id": 4496,
    "BuildNumber": "development-10.0.20057.2",
    "Definition": {
      "Id": 64,
      "Name": "IntraOffice-Archive"
    },
    "StartTime": "2020-02-26T15:20:56.5870459Z",
    "FinishTime": "2020-02-26T15:41:45.1599436Z",
    "RequestedBy": {
      "DisplayName": "Roel de Regt"
    },
    "Result": "succeeded",
    "SourceBranch": "refs/heads/development",
    "SourceVersion": "41ef2deee93db8f83a9c299dbeb4781bc797175c",
    "Repository": {
      "Id": "8541db83-41d5-4826-8a79-2b517964e5d1",
      "Name": "IntraOffice-Archive"
    }
  },
  {
    "Id": 4494,
    "BuildNumber": "development-10.0.20057.1",
    "Definition": {
      "Id": 64,
      "Name": "IntraOffice-Archive"
    },
    "StartTime": "2020-02-26T14:04:44.7582743Z",
    "FinishTime": "2020-02-26T14:07:35.2879618Z",
    "RequestedBy": {
      "DisplayName": "Roel de Regt"
    },
    "Result": "failed",
    "SourceBranch": "refs/heads/development",
    "SourceVersion": "decf2356cc0506adb54e682e86b5ee6f598d40ad",
    "Repository": {
      "Id": "8541db83-41d5-4826-8a79-2b517964e5d1",
      "Name": "IntraOffice-Archive"
    }
  },
  {
    "Id": 4493,
    "BuildNumber": "20200225.3",
    "Definition": {
      "Id": 66,
      "Name": "Nuget CI Build (Development)"
    },
    "StartTime": "2020-02-25T14:34:21.0392392Z",
    "FinishTime": "2020-02-25T14:48:31.0920648Z",
    "RequestedBy": {
      "DisplayName": "Microsoft.VisualStudio.Services.TFS"
    },
    "Result": "succeeded",
    "SourceBranch": "refs/heads/development",
    "SourceVersion": "027978a743f5d5d03293a9026c8fb8d3b43ef46b",
    "Repository": {
      "Id": "1878cfcc-dbbf-45d8-b1b2-d3aea2d079b6",
      "Name": "Nuget"
    }
  },
  {
    "Id": 4492,
    "BuildNumber": "development-10.0.20056.6",
    "Definition": {
      "Id": 64,
      "Name": "IntraOffice-Archive"
    },
    "StartTime": "2020-02-25T13:34:36.1467389Z",
    "FinishTime": "2020-02-25T13:36:44.3718221Z",
    "RequestedBy": {
      "DisplayName": "Corne Los"
    },
    "Result": "failed",
    "SourceBranch": "refs/heads/development",
    "SourceVersion": "f8b765335dfe5fdbccf10e2c5b196ea6f6b8c01a",
    "Repository": {
      "Id": "8541db83-41d5-4826-8a79-2b517964e5d1",
      "Name": "IntraOffice-Archive"
    }
  },
  {
    "Id": 4491,
    "BuildNumber": "20200225.4",
    "Definition": {
      "Id": 74,
      "Name": "IntraOffice-Signing CI Build (Master)"
    },
    "StartTime": "2020-02-25T13:01:23.1096657Z",
    "FinishTime": "2020-02-25T13:03:14.2892397Z",
    "RequestedBy": {
      "DisplayName": "Microsoft.VisualStudio.Services.TFS"
    },
    "Result": "succeeded",
    "SourceBranch": "refs/heads/master",
    "SourceVersion": "d8b360b156f64542b2ece9ccad13075ebea90618",
    "Repository": {
      "Id": "8e1e1164-f24d-4967-9b44-c6ea43178415",
      "Name": "IntraOffice-Signing"
    }
  },
  {
    "Id": 4490,
    "BuildNumber": "20200225.3",
    "Definition": {
      "Id": 74,
      "Name": "IntraOffice-Signing CI Build (Master)"
    },
    "StartTime": "2020-02-25T11:20:28.6318079Z",
    "FinishTime": "2020-02-25T11:22:22.6867526Z",
    "RequestedBy": {
      "DisplayName": "Microsoft.VisualStudio.Services.TFS"
    },
    "Result": "succeeded",
    "SourceBranch": "refs/heads/master",
    "SourceVersion": "0551eccb64768ec2c23d1d13770f8e74a52b27fb",
    "Repository": {
      "Id": "8e1e1164-f24d-4967-9b44-c6ea43178415",
      "Name": "IntraOffice-Signing"
    }
  },
  {
    "Id": 4489,
    "BuildNumber": "20200225.2",
    "Definition": {
      "Id": 74,
      "Name": "IntraOffice-Signing CI Build (Master)"
    },
    "StartTime": "2020-02-25T10:54:09.5736358Z",
    "FinishTime": "2020-02-25T10:56:21.5737125Z",
    "RequestedBy": {
      "DisplayName": "Microsoft.VisualStudio.Services.TFS"
    },
    "Result": "succeeded",
    "SourceBranch": "refs/heads/master",
    "SourceVersion": "e7aacf3b0cd24d598345d6b06b2ee8a21e8f8cb4",
    "Repository": {
      "Id": "8e1e1164-f24d-4967-9b44-c6ea43178415",
      "Name": "IntraOffice-Signing"
    }
  },
  {
    "Id": 4488,
    "BuildNumber": "development-10.0.20056.5",
    "Definition": {
      "Id": 64,
      "Name": "IntraOffice-Archive"
    },
    "StartTime": "2020-02-25T10:47:47.4128505Z",
    "FinishTime": "2020-02-25T10:51:27.7157003Z",
    "RequestedBy": {
      "DisplayName": "Corne Los"
    },
    "Result": "failed",
    "SourceBranch": "refs/heads/development",
    "SourceVersion": "f8b765335dfe5fdbccf10e2c5b196ea6f6b8c01a",
    "Repository": {
      "Id": "8541db83-41d5-4826-8a79-2b517964e5d1",
      "Name": "IntraOffice-Archive"
    }
  },
  {
    "Id": 4487,
    "BuildNumber": "20200225.2",
    "Definition": {
      "Id": 66,
      "Name": "Nuget CI Build (Development)"
    },
    "StartTime": "2020-02-25T10:34:27.0415136Z",
    "FinishTime": "2020-02-25T10:48:52.9395419Z",
    "RequestedBy": {
      "DisplayName": "Microsoft.VisualStudio.Services.TFS"
    },
    "Result": "succeeded",
    "SourceBranch": "refs/heads/development",
    "SourceVersion": "63c0fd220e18afea06e733a06eb0b0aa15ad3b6b",
    "Repository": {
      "Id": "1878cfcc-dbbf-45d8-b1b2-d3aea2d079b6",
      "Name": "Nuget"
    }
  },
  {
    "Id": 4486,
    "BuildNumber": "development-10.0.20056.4",
    "Definition": {
      "Id": 64,
      "Name": "IntraOffice-Archive"
    },
    "StartTime": "2020-02-25T10:21:44.9443816Z",
    "FinishTime": "2020-02-25T10:31:45.7478776Z",
    "RequestedBy": {
      "DisplayName": "Corne Los"
    },
    "Result": "failed",
    "SourceBranch": "refs/heads/development",
    "SourceVersion": "f8b765335dfe5fdbccf10e2c5b196ea6f6b8c01a",
    "Repository": {
      "Id": "8541db83-41d5-4826-8a79-2b517964e5d1",
      "Name": "IntraOffice-Archive"
    }
  },
  {
    "Id": 4485,
    "BuildNumber": "20200225.1",
    "Definition": {
      "Id": 66,
      "Name": "Nuget CI Build (Development)"
    },
    "StartTime": "2020-02-25T09:47:17.1825873Z",
    "FinishTime": "2020-02-25T10:01:27.6085081Z",
    "RequestedBy": {
      "DisplayName": "Microsoft.VisualStudio.Services.TFS"
    },
    "Result": "succeeded",
    "SourceBranch": "refs/heads/development",
    "SourceVersion": "5c7ba41ef89e32f467fbc275cfdfa70c4c5c798a",
    "Repository": {
      "Id": "1878cfcc-dbbf-45d8-b1b2-d3aea2d079b6",
      "Name": "Nuget"
    }
  },
  {
    "Id": 4484,
    "BuildNumber": "development-10.0.20056.3",
    "Definition": {
      "Id": 64,
      "Name": "IntraOffice-Archive"
    },
    "StartTime": "2020-02-25T08:42:07.4144015Z",
    "FinishTime": "2020-02-25T08:44:11.5690195Z",
    "RequestedBy": {
      "DisplayName": "Corne Los"
    },
    "Result": "failed",
    "SourceBranch": "refs/heads/development",
    "SourceVersion": "f8b765335dfe5fdbccf10e2c5b196ea6f6b8c01a",
    "Repository": {
      "Id": "8541db83-41d5-4826-8a79-2b517964e5d1",
      "Name": "IntraOffice-Archive"
    }
  },
  {
    "Id": 4483,
    "BuildNumber": "development-10.0.20056.2",
    "Definition": {
      "Id": 64,
      "Name": "IntraOffice-Archive"
    },
    "StartTime": "2020-02-25T08:28:10.4909328Z",
    "FinishTime": "2020-02-25T08:30:16.2543963Z",
    "RequestedBy": {
      "DisplayName": "Corne Los"
    },
    "Result": "failed",
    "SourceBranch": "refs/heads/development",
    "SourceVersion": "f8b765335dfe5fdbccf10e2c5b196ea6f6b8c01a",
    "Repository": {
      "Id": "8541db83-41d5-4826-8a79-2b517964e5d1",
      "Name": "IntraOffice-Archive"
    }
  },
  {
    "Id": 4482,
    "BuildNumber": "development-10.0.20056.1",
    "Definition": {
      "Id": 64,
      "Name": "IntraOffice-Archive"
    },
    "StartTime": "2020-02-25T08:12:07.1182495Z",
    "FinishTime": "2020-02-25T08:14:45.7466428Z",
    "RequestedBy": {
      "DisplayName": "Corne Los"
    },
    "Result": "failed",
    "SourceBranch": "refs/heads/development",
    "SourceVersion": "f8b765335dfe5fdbccf10e2c5b196ea6f6b8c01a",
    "Repository": {
      "Id": "8541db83-41d5-4826-8a79-2b517964e5d1",
      "Name": "IntraOffice-Archive"
    }
  },
  {
    "Id": 4481,
    "BuildNumber": "20200225.1",
    "Definition": {
      "Id": 74,
      "Name": "IntraOffice-Signing CI Build (Master)"
    },
    "StartTime": "2020-02-25T07:26:50.9528168Z",
    "FinishTime": "2020-02-25T07:29:15.2302468Z",
    "RequestedBy": {
      "DisplayName": "Microsoft.VisualStudio.Services.TFS"
    },
    "Result": "succeeded",
    "SourceBranch": "refs/heads/master",
    "SourceVersion": "e86b3adad0258b27772d08d9241cf393e27c4ea9",
    "Repository": {
      "Id": "8e1e1164-f24d-4967-9b44-c6ea43178415",
      "Name": "IntraOffice-Signing"
    }
  },
  {
    "Id": 4480,
    "BuildNumber": "20200224.2",
    "Definition": {
      "Id": 74,
      "Name": "IntraOffice-Signing CI Build (Master)"
    },
    "StartTime": "2020-02-24T15:33:04.5553563Z",
    "FinishTime": "2020-02-24T15:35:19.6833323Z",
    "RequestedBy": {
      "DisplayName": "Microsoft.VisualStudio.Services.TFS"
    },
    "Result": "succeeded",
    "SourceBranch": "refs/heads/master",
    "SourceVersion": "8d3e8f374a8c4eca870d332bcea58907d3df2709",
    "Repository": {
      "Id": "8e1e1164-f24d-4967-9b44-c6ea43178415",
      "Name": "IntraOffice-Signing"
    }
  },
  {
    "Id": 4463,
    "BuildNumber": "master-9.6.20050.1",
    "Definition": {
      "Id": 9,
      "Name": "Version 9 Build"
    },
    "StartTime": "2020-02-19T12:45:43.3638553Z",
    "FinishTime": "2020-02-19T13:05:03.9354219Z",
    "RequestedBy": {
      "DisplayName": "Eric Goldstein"
    },
    "Result": "succeeded",
    "SourceBranch": "refs/heads/master",
    "SourceVersion": "b94630a7e411c3469d27b44668bbbab2c61562d2",
    "Repository": {
      "Id": "7e06ad15-43b5-4281-b482-152cbd8e6e06",
      "Name": "IntraOffice"
    }
  },
  {
    "Id": 4459,
    "BuildNumber": "development-9.6.20049.1",
    "Definition": {
      "Id": 68,
      "Name": "IntraOffice"
    },
    "StartTime": "2020-02-18T12:36:58.6883325Z",
    "FinishTime": "2020-02-18T12:54:57.5179915Z",
    "RequestedBy": {
      "DisplayName": "Roel de Regt"
    },
    "Result": "succeeded",
    "SourceBranch": "refs/heads/development",
    "SourceVersion": "c178efaf4a185e1410a62ee85449234fa7978a48",
    "Repository": {
      "Id": "7e06ad15-43b5-4281-b482-152cbd8e6e06",
      "Name": "IntraOffice"
    }
  },
  {
    "Id": 4452,
    "BuildNumber": "master-10.1.20048.1",
    "Definition": {
      "Id": 69,
      "Name": "IntraOffice-Content-Repository"
    },
    "StartTime": "2020-02-17T14:09:23.3594195Z",
    "FinishTime": "2020-02-17T14:19:28.2211662Z",
    "RequestedBy": {
      "DisplayName": "Roel de Regt"
    },
    "Result": "succeeded",
    "SourceBranch": "refs/heads/master",
    "SourceVersion": "662549a00fbce54d5e92008b0602c61636251f3b",
    "Repository": {
      "Id": "6525cebf-c7df-4ba3-b01a-265613861b33",
      "Name": "IntraOffice-Content-Repository"
    }
  },
  {
    "Id": 4436,
    "BuildNumber": "20200214.1",
    "Definition": {
      "Id": 28,
      "Name": "Identity Server"
    },
    "StartTime": "2020-02-14T09:32:00.6627558Z",
    "FinishTime": "2020-02-14T09:36:47.1158689Z",
    "RequestedBy": {
      "DisplayName": "Mikhail.Tchesnokov"
    },
    "Result": "succeeded",
    "SourceBranch": "refs/heads/master",
    "SourceVersion": "b35bc9dc6a7723884e2bfb2f7e9cb83fb59785cf",
    "Repository": {
      "Id": "4d45f1cb-3e01-4fcb-aac0-f7b35c5f3a0c",
      "Name": "IntraOffice2018"
    }
  },
  {
    "Id": 4435,
    "BuildNumber": "20200214.1",
    "Definition": {
      "Id": 8,
      "Name": "IntraOffice2018 CI Build (Master)"
    },
    "StartTime": "2020-02-14T09:23:30.4179501Z",
    "FinishTime": "2020-02-14T09:35:02.6590011Z",
    "RequestedBy": {
      "DisplayName": "Microsoft.VisualStudio.Services.TFS"
    },
    "Result": "succeeded",
    "SourceBranch": "refs/heads/master",
    "SourceVersion": "b35bc9dc6a7723884e2bfb2f7e9cb83fb59785cf",
    "Repository": {
      "Id": "4d45f1cb-3e01-4fcb-aac0-f7b35c5f3a0c",
      "Name": "IntraOffice2018"
    }
  },
  {
    "Id": 4434,
    "BuildNumber": "20200214.1",
    "Definition": {
      "Id": 26,
      "Name": "IntraOffice2018 CI Build (Development)"
    },
    "StartTime": "2020-02-14T09:20:29.036691Z",
    "FinishTime": "2020-02-14T09:30:10.7711416Z",
    "RequestedBy": {
      "DisplayName": "Microsoft.VisualStudio.Services.TFS"
    },
    "Result": "succeeded",
    "SourceBranch": "refs/heads/development",
    "SourceVersion": "b35bc9dc6a7723884e2bfb2f7e9cb83fb59785cf",
    "Repository": {
      "Id": "4d45f1cb-3e01-4fcb-aac0-f7b35c5f3a0c",
      "Name": "IntraOffice2018"
    }
  },
  {
    "Id": 4430,
    "BuildNumber": "20200213.1",
    "Definition": {
      "Id": 8,
      "Name": "IntraOffice2018 CI Build (Master)"
    },
    "StartTime": "2020-02-13T15:07:02.6151335Z",
    "FinishTime": "2020-02-13T15:16:20.5485073Z",
    "RequestedBy": {
      "DisplayName": "Microsoft.VisualStudio.Services.TFS"
    },
    "Result": "succeeded",
    "SourceBranch": "refs/heads/master",
    "SourceVersion": "2b2c89ad0c1d7de1cbdf790cda6a18507e4695f9",
    "Repository": {
      "Id": "4d45f1cb-3e01-4fcb-aac0-f7b35c5f3a0c",
      "Name": "IntraOffice2018"
    }
  },
  {
    "Id": 4431,
    "BuildNumber": "20200213.1",
    "Definition": {
      "Id": 28,
      "Name": "Identity Server"
    },
    "StartTime": "2020-02-13T15:11:48.3427535Z",
    "FinishTime": "2020-02-13T15:15:53.678225Z",
    "RequestedBy": {
      "DisplayName": "Mikhail.Tchesnokov"
    },
    "Result": "succeeded",
    "SourceBranch": "refs/heads/master",
    "SourceVersion": "2b2c89ad0c1d7de1cbdf790cda6a18507e4695f9",
    "Repository": {
      "Id": "4d45f1cb-3e01-4fcb-aac0-f7b35c5f3a0c",
      "Name": "IntraOffice2018"
    }
  },
  {
    "Id": 4429,
    "BuildNumber": "20200213.2",
    "Definition": {
      "Id": 26,
      "Name": "IntraOffice2018 CI Build (Development)"
    },
    "StartTime": "2020-02-13T15:01:15.2858135Z",
    "FinishTime": "2020-02-13T15:10:24.7560175Z",
    "RequestedBy": {
      "DisplayName": "Microsoft.VisualStudio.Services.TFS"
    },
    "Result": "succeeded",
    "SourceBranch": "refs/heads/development",
    "SourceVersion": "2b2c89ad0c1d7de1cbdf790cda6a18507e4695f9",
    "Repository": {
      "Id": "4d45f1cb-3e01-4fcb-aac0-f7b35c5f3a0c",
      "Name": "IntraOffice2018"
    }
  },
  {
    "Id": 4428,
    "BuildNumber": "20200213.1",
    "Definition": {
      "Id": 26,
      "Name": "IntraOffice2018 CI Build (Development)"
    },
    "StartTime": "2020-02-13T10:06:17.3186506Z",
    "FinishTime": "2020-02-13T10:16:12.0783499Z",
    "RequestedBy": {
      "DisplayName": "Microsoft.VisualStudio.Services.TFS"
    },
    "Result": "succeeded",
    "SourceBranch": "refs/heads/development",
    "SourceVersion": "e361062be8663c450b4899a107724b14ec5b9f5f",
    "Repository": {
      "Id": "4d45f1cb-3e01-4fcb-aac0-f7b35c5f3a0c",
      "Name": "IntraOffice2018"
    }
  },
  {
    "Id": 4414,
    "BuildNumber": "development-9.6.20042.2",
    "Definition": {
      "Id": 68,
      "Name": "IntraOffice"
    },
    "StartTime": "2020-02-11T13:18:03.4232998Z",
    "FinishTime": "2020-02-11T13:29:05.668187Z",
    "RequestedBy": {
      "DisplayName": "Tjeerd de Haas"
    },
    "Result": "succeeded",
    "SourceBranch": "refs/heads/development",
    "SourceVersion": "c542a8d224d3bcf2495e33709842a77ca1410930",
    "Repository": {
      "Id": "7e06ad15-43b5-4281-b482-152cbd8e6e06",
      "Name": "IntraOffice"
    }
  },
  {
    "Id": 4413,
    "BuildNumber": "master-10.0.20042.1",
    "Definition": {
      "Id": 69,
      "Name": "IntraOffice-Content-Repository"
    },
    "StartTime": "2020-02-11T13:17:13.6976315Z",
    "FinishTime": "2020-02-11T13:22:06.9013237Z",
    "RequestedBy": {
      "DisplayName": "Tjeerd de Haas"
    },
    "Result": "succeeded",
    "SourceBranch": "refs/heads/master",
    "SourceVersion": "ec58e129d9ed2c23d7346a216a8243794a3b2a4f",
    "Repository": {
      "Id": "6525cebf-c7df-4ba3-b01a-265613861b33",
      "Name": "IntraOffice-Content-Repository"
    }
  },
  {
    "Id": 4411,
    "BuildNumber": "development-9.6.20042.1",
    "Definition": {
      "Id": 68,
      "Name": "IntraOffice"
    },
    "StartTime": "2020-02-11T09:48:14.9840487Z",
    "FinishTime": "2020-02-11T10:00:11.6690502Z",
    "RequestedBy": {
      "DisplayName": "Tjeerd de Haas"
    },
    "Result": "succeeded",
    "SourceBranch": "refs/heads/development",
    "SourceVersion": "efc79cc08a588e3d32c095f3fb0fb764ada49858",
    "Repository": {
      "Id": "7e06ad15-43b5-4281-b482-152cbd8e6e06",
      "Name": "IntraOffice"
    }
  },
  {
    "Id": 4406,
    "BuildNumber": "development-10.0.20041.1",
    "Definition": {
      "Id": 64,
      "Name": "IntraOffice-Archive"
    },
    "StartTime": "2020-02-10T13:19:12.8392969Z",
    "FinishTime": "2020-02-10T13:40:58.3236377Z",
    "RequestedBy": {
      "DisplayName": "Roel de Regt"
    },
    "Result": "succeeded",
    "SourceBranch": "refs/heads/development",
    "SourceVersion": "fe351961a2ba0e3caed7eec75996de29030077b1",
    "Repository": {
      "Id": "8541db83-41d5-4826-8a79-2b517964e5d1",
      "Name": "IntraOffice-Archive"
    }
  },
  {
    "Id": 4405,
    "BuildNumber": "development-9.6.20041.1",
    "Definition": {
      "Id": 68,
      "Name": "IntraOffice"
    },
    "StartTime": "2020-02-10T08:41:57.7086942Z",
    "FinishTime": "2020-02-10T08:54:56.5049194Z",
    "RequestedBy": {
      "DisplayName": "Tjeerd de Haas"
    },
    "Result": "succeeded",
    "SourceBranch": "refs/heads/development",
    "SourceVersion": "5583c9160365f4ab5250902b436530d12ba7df5b",
    "Repository": {
      "Id": "7e06ad15-43b5-4281-b482-152cbd8e6e06",
      "Name": "IntraOffice"
    }
  },
  {
    "Id": 4404,
    "BuildNumber": "10.0.25-master-20038-01",
    "Definition": {
      "Id": 63,
      "Name": "IntraOffice-Base"
    },
    "StartTime": "2020-02-07T14:26:40.0778928Z",
    "FinishTime": "2020-02-07T14:36:20.432805Z",
    "RequestedBy": {
      "DisplayName": "Roel de Regt"
    },
    "Result": "succeeded",
    "SourceBranch": "refs/heads/master",
    "SourceVersion": "47d9a1dc0e8fadf6be76f1dad6f51092260b3ed5",
    "Repository": {
      "Id": "cf29d81d-13bf-481c-9fd4-cbee9ea05961",
      "Name": "IntraOffice-Base"
    }
  },
  {
    "Id": 4402,
    "BuildNumber": "10.0.24-master-20038-01",
    "Definition": {
      "Id": 63,
      "Name": "IntraOffice-Base"
    },
    "StartTime": "2020-02-07T09:26:00.8252979Z",
    "FinishTime": "2020-02-07T09:34:32.7820234Z",
    "RequestedBy": {
      "DisplayName": "Roel de Regt"
    },
    "Result": "succeeded",
    "SourceBranch": "refs/heads/master",
    "SourceVersion": "b83a647543362bafeb32efab6cc13210f065867f",
    "Repository": {
      "Id": "cf29d81d-13bf-481c-9fd4-cbee9ea05961",
      "Name": "IntraOffice-Base"
    }
  },
  {
    "Id": 4401,
    "BuildNumber": "20200207.1",
    "Definition": {
      "Id": 56,
      "Name": "EnvelopesRegister CI Build (Development)"
    },
    "StartTime": "2020-02-07T08:58:21.0861728Z",
    "FinishTime": "2020-02-07T09:00:59.0995736Z",
    "RequestedBy": {
      "DisplayName": "Microsoft.VisualStudio.Services.TFS"
    },
    "Result": "succeeded",
    "SourceBranch": "refs/heads/development",
    "SourceVersion": "45e586fb4f63aa4372a35e9bcdc5e9bbd9724f0c",
    "Repository": {
      "Id": "af0ffbfd-f163-4846-89e3-3e3f27f7a2e1",
      "Name": "EnvelopesRegister"
    }
  },
  {
    "Id": 4395,
    "BuildNumber": "10.0.23-master-20034-01",
    "Definition": {
      "Id": 63,
      "Name": "IntraOffice-Base"
    },
    "StartTime": "2020-02-03T15:30:19.1214394Z",
    "FinishTime": "2020-02-03T15:52:26.3903368Z",
    "RequestedBy": {
      "DisplayName": "Roel de Regt"
    },
    "Result": "succeeded",
    "SourceBranch": "refs/heads/master",
    "SourceVersion": "16da166ec9e331b8f6623944b4d739373cb82208",
    "Repository": {
      "Id": "cf29d81d-13bf-481c-9fd4-cbee9ea05961",
      "Name": "IntraOffice-Base"
    }
  },
  {
    "Id": 4394,
    "BuildNumber": "development-9.6.20034.4",
    "Definition": {
      "Id": 68,
      "Name": "IntraOffice"
    },
    "StartTime": "2020-02-03T13:59:37.089051Z",
    "FinishTime": "2020-02-03T14:10:50.3205462Z",
    "RequestedBy": {
      "DisplayName": "Tjeerd de Haas"
    },
    "Result": "succeeded",
    "SourceBranch": "refs/heads/development",
    "SourceVersion": "b6f32491f36e528888392aad950bd19ce8e93bcb",
    "Repository": {
      "Id": "7e06ad15-43b5-4281-b482-152cbd8e6e06",
      "Name": "IntraOffice"
    }
  },
  {
    "Id": 4393,
    "BuildNumber": "20200203.1",
    "Definition": {
      "Id": 51,
      "Name": "EnvelopesRegister Release Build"
    },
    "StartTime": "2020-02-03T13:49:59.577118Z",
    "FinishTime": "2020-02-03T13:57:27.7267581Z",
    "RequestedBy": {
      "DisplayName": "Mikhail.Tchesnokov"
    },
    "Result": "succeeded",
    "SourceBranch": "refs/heads/master",
    "SourceVersion": "45e586fb4f63aa4372a35e9bcdc5e9bbd9724f0c",
    "Repository": {
      "Id": "af0ffbfd-f163-4846-89e3-3e3f27f7a2e1",
      "Name": "EnvelopesRegister"
    }
  },
  {
    "Id": 4392,
    "BuildNumber": "20200203.1",
    "Definition": {
      "Id": 50,
      "Name": "EnvelopesRegister CI Build (Master)"
    },
    "StartTime": "2020-02-03T13:46:34.4893522Z",
    "FinishTime": "2020-02-03T13:48:59.3117352Z",
    "RequestedBy": {
      "DisplayName": "Microsoft.VisualStudio.Services.TFS"
    },
    "Result": "succeeded",
    "SourceBranch": "refs/heads/master",
    "SourceVersion": "45e586fb4f63aa4372a35e9bcdc5e9bbd9724f0c",
    "Repository": {
      "Id": "af0ffbfd-f163-4846-89e3-3e3f27f7a2e1",
      "Name": "EnvelopesRegister"
    }
  },
  {
    "Id": 4389,
    "BuildNumber": "development-9.6.20034.2",
    "Definition": {
      "Id": 68,
      "Name": "IntraOffice"
    },
    "StartTime": "2020-02-03T10:27:43.0462558Z",
    "FinishTime": "2020-02-03T10:38:47.9916122Z",
    "RequestedBy": {
      "DisplayName": "Tjeerd de Haas"
    },
    "Result": "succeeded",
    "SourceBranch": "refs/heads/development",
    "SourceVersion": "9ca30220b832fa2905bb629fd527c23925a3ece0",
    "Repository": {
      "Id": "7e06ad15-43b5-4281-b482-152cbd8e6e06",
      "Name": "IntraOffice"
    }
  },
  {
    "Id": 4385,
    "BuildNumber": "20200131.5",
    "Definition": {
      "Id": 8,
      "Name": "IntraOffice2018 CI Build (Master)"
    },
[...]
  "HelpLink": null,
  "Source": "Tch.VstsClient",
  "HResult": -2146233088
}
]]></output>
                  </test-case>
                  <test-case id="1-1010" name="Bad_Repository_Id" fullname="Tch.VstsClient.IntTests.UseCases.Repositories.ListBranches.UnhappyTests.Bad_Repository_Id" methodname="Bad_Repository_Id" classname="Tch.VstsClient.IntTests.UseCases.Repositories.ListBranches.UnhappyTests" runstate="Runnable" seed="1817676433" result="Passed" start-time="2020-03-25 20:48:26Z" end-time="2020-03-25 20:48:27Z" duration="0.219522" asserts="1">
                    <properties />
                    <output><![CDATA[{
  "ProjectName": "IntraOffice",
  "RepositoryId": "abcd",
  "Message": "Requested repository cannot be found",
  "Data": {},
  "InnerException": null,
  "StackTrace": "   bij Tch.VstsClient.Services.Helpers.LocalExceptionService.TryMatch[TTargetException](BadStatusCodeReturned originalException, Object context) in c:\\GitHub\\Vsts-client\\Src\\Services\\Helpers\\LocalExceptionService.cs:regel 43\r\n   bij Tch.VstsClient.Services.RepositoriesService.<GetAllBranches>d__10.MoveNext() in c:\\GitHub\\Vsts-client\\Src\\Services\\RepositoriesService.cs:regel 88\r\n--- Einde van stacktracering vanaf vorige locatie waar uitzondering is opgetreden ---\r\n   bij System.Runtime.ExceptionServices.ExceptionDispatchInfo.Throw()\r\n   bij System.Runtime.CompilerServices.TaskAwaiter.HandleNonSuccessAndDebuggerNotification(Task task)\r\n   bij NUnit.Framework.Internal.TaskAwaitAdapter.GenericAdapter`1.BlockUntilCompleted() in D:\\a\\1\\s\\src\\NUnitFramework\\framework\\Internal\\TaskAwaitAdapter.cs:regel 95\r\n   bij NUnit.Framework.Internal.AsyncToSyncAdapter.Await(Func`1 invoke) in D:\\a\\1\\s\\src\\NUnitFramework\\framework\\Internal\\AsyncToSyncAdapter.cs:regel 60\r\n   bij NUnit.Framework.Assert.ThrowsAsync(IResolveConstraint expression, AsyncTestDelegate code, String message, Object[] args) in D:\\a\\1\\s\\src\\NUnitFramework\\framework\\Assert.Exceptions.Async.cs:regel 48",
  "HelpLink": null,
  "Source": "Tch.VstsClient",
  "HResult": -2146233088
}
]]></output>
                  </test-case>
                </test-suite>
              </test-suite>
              <test-suite type="TestSuite" id="1-1048" name="ListCommits" fullname="Tch.VstsClient.IntTests.UseCases.Repositories.ListCommits" runstate="Runnable" testcasecount="4" result="Passed" start-time="2020-03-25 20:48:10Z" end-time="2020-03-25 20:48:28Z" duration="17.880267" total="4" passed="4" failed="0" warnings="0" inconclusive="0" skipped="0" asserts="4">
                <properties />
                <test-suite type="TestFixture" id="1-1011" name="HappyTests" fullname="Tch.VstsClient.IntTests.UseCases.Repositories.ListCommits.HappyTests" classname="Tch.VstsClient.IntTests.UseCases.Repositories.ListCommits.HappyTests" runstate="Explicit" testcasecount="1" result="Passed" start-time="2020-03-25 20:48:27Z" end-time="2020-03-25 20:48:27Z" duration="0.319800" total="1" passed="1" failed="0" warnings="0" inconclusive="0" skipped="0" asserts="1">
                  <properties>
                    <property name="Category" value="IntegrationTest" />
                  </properties>
                  <test-case id="1-1012" name="Happy_Case" fullname="Tch.VstsClient.IntTests.UseCases.Repositories.ListCommits.HappyTests.Happy_Case" methodname="Happy_Case" classname="Tch.VstsClient.IntTests.UseCases.Repositories.ListCommits.HappyTests" runstate="Runnable" seed="599554807" result="Passed" start-time="2020-03-25 20:48:27Z" end-time="2020-03-25 20:48:27Z" duration="0.318610" asserts="1">
                    <properties />
                    <output><![CDATA[Project: IntraOffice
Repository: demo
[
  {
    "Id": "f5d7c1b911c3b9a705956e4da892840938ca3bfd",
    "Author": "Roel de Regt",
    "Date": "2018-05-17T09:24:35Z",
    "Comment": "Initial commit"
  }
]
]]></output>
                  </test-case>
                </test-suite>
                <test-suite type="TestFixture" id="1-1013" name="UnhappyTests" fullname="Tch.VstsClient.IntTests.UseCases.Repositories.ListCommits.UnhappyTests" classname="Tch.VstsClient.IntTests.UseCases.Repositories.ListCommits.UnhappyTests" runstate="Explicit" testcasecount="3" result="Passed" start-time="2020-03-25 20:48:27Z" end-time="2020-03-25 20:48:28Z" duration="0.939522" total="3" passed="3" failed="0" warnings="0" inconclusive="0" skipped="0" asserts="3">
                  <properties>
                    <property name="Category" value="IntegrationTest" />
                  </properties>
                  <test-case id="1-1016" name="Bad_Branch_Name" fullname="Tch.VstsClient.IntTests.UseCases.Repositories.ListCommits.UnhappyTests.Bad_Branch_Name" methodname="Bad_Branch_Name" classname="Tch.VstsClient.IntTests.UseCases.Repositories.ListCommits.UnhappyTests" runstate="Runnable" seed="651654556" result="Passed" start-time="2020-03-25 20:48:27Z" end-time="2020-03-25 20:48:27Z" duration="0.263975" asserts="1">
                    <properties />
                    <output><![CDATA[{
  "ProjectName": "IntraOffice",
  "RepositoryId": "b37816bb-d2c3-4ec5-b18a-0716d7c36c71",
  "BranchName": "abcd",
  "Message": "Requested repository cannot be found",
  "Data": {},
  "InnerException": null,
  "StackTrace": "   bij Tch.VstsClient.Services.Helpers.LocalExceptionService.TryMatch[TTargetException](BadStatusCodeReturned originalException, Object context) in c:\\GitHub\\Vsts-client\\Src\\Services\\Helpers\\LocalExceptionService.cs:regel 43\r\n   bij Tch.VstsClient.Services.RepositoriesService.<GetAllCommits>d__11.MoveNext() in c:\\GitHub\\Vsts-client\\Src\\Services\\RepositoriesService.cs:regel 105\r\n--- Einde van stacktracering vanaf vorige locatie waar uitzondering is opgetreden ---\r\n   bij System.Runtime.ExceptionServices.ExceptionDispatchInfo.Throw()\r\n   bij System.Runtime.CompilerServices.TaskAwaiter.HandleNonSuccessAndDebuggerNotification(Task task)\r\n   bij NUnit.Framework.Internal.TaskAwaitAdapter.GenericAdapter`1.BlockUntilCompleted() in D:\\a\\1\\s\\src\\NUnitFramework\\framework\\Internal\\TaskAwaitAdapter.cs:regel 95\r\n   bij NUnit.Framework.Internal.AsyncToSyncAdapter.Await(Func`1 invoke) in D:\\a\\1\\s\\src\\NUnitFramework\\framework\\Internal\\AsyncToSyncAdapter.cs:regel 60\r\n   bij NUnit.Framework.Assert.ThrowsAsync(IResolveConstraint expression, AsyncTestDelegate code, String message, Object[] args) in D:\\a\\1\\s\\src\\NUnitFramework\\framework\\Assert.Exceptions.Async.cs:regel 48",
  "HelpLink": null,
  "Source": "Tch.VstsClient",
  "HResult": -2146233088
}
]]></output>
                  </test-case>
                  <test-case id="1-1014" name="Bad_Project_Name" fullname="Tch.VstsClient.IntTests.UseCases.Repositories.ListCommits.UnhappyTests.Bad_Project_Name" methodname="Bad_Project_Name" classname="Tch.VstsClient.IntTests.UseCases.Repositories.ListCommits.UnhappyTests" runstate="Runnable" seed="240464906" result="Passed" start-time="2020-03-25 20:48:27Z" end-time="2020-03-25 20:48:28Z" duration="0.444688" asserts="1">
                    <properties />
                    <output><![CDATA[{
  "ProjectName": "abcd",
  "Message": "Requested project cannot be found",
  "Data": {},
  "InnerException": null,
  "StackTrace": "   bij Tch.VstsClient.Services.Helpers.LocalExceptionService.TryMatch[TTargetException](BadStatusCodeReturned originalException, Object context) in c:\\GitHub\\Vsts-client\\Src\\Services\\Helpers\\LocalExceptionService.cs:regel 43\r\n   bij Tch.VstsClient.Services.RepositoriesService.<GetAllCommits>d__11.MoveNext() in c:\\GitHub\\Vsts-client\\Src\\Services\\RepositoriesService.cs:regel 103\r\n--- Einde van stacktracering vanaf vorige locatie waar uitzondering is opgetreden ---\r\n   bij System.Runtime.ExceptionServices.ExceptionDispatchInfo.Throw()\r\n   bij System.Runtime.CompilerServices.TaskAwaiter.HandleNonSuccessAndDebuggerNotification(Task task)\r\n   bij NUnit.Framework.Internal.TaskAwaitAdapter.GenericAdapter`1.BlockUntilCompleted() in D:\\a\\1\\s\\src\\NUnitFramework\\framework\\Internal\\TaskAwaitAdapter.cs:regel 95\r\n   bij NUnit.Framework.Internal.AsyncToSyncAdapter.Await(Func`1 invoke) in D:\\a\\1\\s\\src\\NUnitFramework\\framework\\Internal\\AsyncToSyncAdapter.cs:regel 60\r\n   bij NUnit.Framework.Assert.ThrowsAsync(IResolveConstraint expression, AsyncTestDelegate code, String message, Object[] args) in D:\\a\\1\\s\\src\\NUnitFramework\\framework\\Assert.Exceptions.Async.cs:regel 48",
  "HelpLink": null,
  "Source": "Tch.VstsClient",
  "HResult": -2146233088
}
]]></output>
                  </test-case>
                  <test-case id="1-1015" name="Bad_Repository_Id" fullname="Tch.VstsClient.IntTests.UseCases.Repositories.ListCommits.UnhappyTests.Bad_Repository_Id" methodname="Bad_Repository_Id" classname="Tch.VstsClient.IntTests.UseCases.Repositories.ListCommits.UnhappyTests" runstate="Runnable" seed="1990093971" result="Passed" start-time="2020-03-25 20:48:28Z" end-time="2020-03-25 20:48:28Z" duration="0.229598" asserts="1">
                    <properties />
                    <output><![CDATA[{
  "ProjectName": "IntraOffice",
  "RepositoryId": "abcd",
  "Message": "Requested repository cannot be found",
  "Data": {},
  "InnerException": null,
  "StackTrace": "   bij Tch.VstsClient.Services.Helpers.LocalExceptionService.TryMatch[TTargetException](BadStatusCodeReturned originalException, Object context) in c:\\GitHub\\Vsts-client\\Src\\Services\\Helpers\\LocalExceptionService.cs:regel 43\r\n   bij Tch.VstsClient.Services.RepositoriesService.<GetAllCommits>d__11.MoveNext() in c:\\GitHub\\Vsts-client\\Src\\Services\\RepositoriesService.cs:regel 104\r\n--- Einde van stacktracering vanaf vorige locatie waar uitzondering is opgetreden ---\r\n   bij System.Runtime.ExceptionServices.ExceptionDispatchInfo.Throw()\r\n   bij System.Runtime.CompilerServices.TaskAwaiter.HandleNonSuccessAndDebuggerNotification(Task task)\r\n   bij NUnit.Framework.Internal.TaskAwaitAdapter.GenericAdapter`1.BlockUntilCompleted() in D:\\a\\1\\s\\src\\NUnitFramework\\framework\\Internal\\TaskAwaitAdapter.cs:regel 95\r\n   bij NUnit.Framework.Internal.AsyncToSyncAdapter.Await(Func`1 invoke) in D:\\a\\1\\s\\src\\NUnitFramework\\framework\\Internal\\AsyncToSyncAdapter.cs:regel 60\r\n   bij NUnit.Framework.Assert.ThrowsAsync(IResolveConstraint expression, AsyncTestDelegate code, String message, Object[] args) in D:\\a\\1\\s\\src\\NUnitFramework\\framework\\Assert.Exceptions.Async.cs:regel 48",
  "HelpLink": null,
  "Source": "Tch.VstsClient",
  "HResult": -2146233088
}
]]></output>
                  </test-case>
                </test-suite>
              </test-suite>
              <test-suite type="TestSuite" id="1-1046" name="ListRepositories" fullname="Tch.VstsClient.IntTests.UseCases.Repositories.ListRepositories" runstate="Runnable" testcasecount="2" result="Passed" start-time="2020-03-25 20:48:10Z" end-time="2020-03-25 20:48:28Z" duration="18.111452" total="2" passed="2" failed="0" warnings="0" inconclusive="0" skipped="0" asserts="2">
                <properties />
                <test-suite type="TestFixture" id="1-1002" name="HappyTests" fullname="Tch.VstsClient.IntTests.UseCases.Repositories.ListRepositories.HappyTests" classname="Tch.VstsClient.IntTests.UseCases.Repositories.ListRepositories.HappyTests" runstate="Explicit" testcasecount="1" result="Passed" start-time="2020-03-25 20:48:28Z" end-time="2020-03-25 20:48:28Z" duration="0.166550" total="1" passed="1" failed="0" warnings="0" inconclusive="0" skipped="0" asserts="1">
                  <properties>
                    <property name="Category" value="IntegrationTest" />
                  </properties>
                  <test-case id="1-1003" name="Happy_Case" fullname="Tch.VstsClient.IntTests.UseCases.Repositories.ListRepositories.HappyTests.Happy_Case" methodname="Happy_Case" classname="Tch.VstsClient.IntTests.UseCases.Repositories.ListRepositories.HappyTests" runstate="Runnable" seed="1666447666" result="Passed" start-time="2020-03-25 20:48:28Z" end-time="2020-03-25 20:48:28Z" duration="0.165192" asserts="1">
                    <properties />
                    <output><![CDATA[[
  {
    "Id": "b37816bb-d2c3-4ec5-b18a-0716d7c36c71",
    "Name": "demo"
  },
  {
    "Id": "3df75da0-433e-47a2-a7ba-101c9a378642",
    "Name": "wiki"
  },
  {
    "Id": "7e06ad15-43b5-4281-b482-152cbd8e6e06",
    "Name": "IntraOffice"
  },
  {
    "Id": "b2208378-7225-4927-820c-17214967ca58",
    "Name": "carerix"
  },
  {
    "Id": "574c2a8f-dc58-4775-a7e4-1af8de71c12b",
    "Name": "raet"
  },
  {
    "Id": "82ad3047-31a7-4f65-9668-1b9a0773b6b8",
    "Name": "solipsis"
  },
  {
    "Id": "6525cebf-c7df-4ba3-b01a-265613861b33",
    "Name": "IntraOffice-Content-Repository"
  },
  {
    "Id": "98b03a2e-8b65-4221-a082-28cdf66b674d",
    "Name": "IntraOffice-Legacy"
  },
  {
    "Id": "8541db83-41d5-4826-8a79-2b517964e5d1",
    "Name": "IntraOffice-Archive"
  },
  {
    "Id": "70969d8d-9750-4936-b134-2c69c9f0e9f9",
    "Name": "accenture"
  },
  {
    "Id": "592deb78-bb09-44bb-becb-3134aebbae00",
    "Name": "sales"
  },
  {
    "Id": "af0ffbfd-f163-4846-89e3-3e3f27f7a2e1",
    "Name": "EnvelopesRegister"
  },
  {
    "Id": "1d6e4407-422d-4a5a-b650-408d64d352b4",
    "Name": "support-website"
  },
  {
    "Id": "8c32b160-74a3-4277-bb34-43ce2dd6eed6",
    "Name": "IntraOffice Audit"
  },
  {
    "Id": "038e3de4-cd0b-41f3-98ab-47272281fd81",
    "Name": "ubn"
  },
  {
    "Id": "da6b4844-d8ec-4bc3-b796-47b505cc7609",
    "Name": "inperson"
  },
  {
    "Id": "057ede52-60a7-400e-8a99-48b327275755",
    "Name": "amstelveen"
  },
  {
    "Id": "1979dcd0-a3e6-41a9-bf14-4ff96aa710ff",
    "Name": "intervalservices"
  },
  {
    "Id": "5b007b56-373d-4089-a7f1-52f8f5b20a1d",
    "Name": "Document Creation"
  },
  {
    "Id": "fcbf51e1-f8d0-4418-a001-5d53756028ea",
    "Name": "depot"
  },
  {
    "Id": "11294157-35bc-42d6-a13c-60104248c206",
    "Name": "Angle-BootstrapAdminTemplate"
  },
  {
    "Id": "ce375f5d-b0f8-40dd-b339-63d20fc9c13f",
    "Name": "acme"
  },
  {
    "Id": "c05312ef-c86d-44c6-ade0-6ecc8f600e74",
    "Name": "olympia"
  },
  {
    "Id": "7dd26c04-17a5-4eea-b775-707ea73e49bd",
    "Name": "dit"
  },
  {
    "Id": "07ff19ec-0184-47fc-9f9e-708f3c934049",
    "Name": "azure"
  },
  {
    "Id": "c013db00-43d1-40bd-bdcb-772cafe43e3b",
    "Name": "IntraOffice Depot"
  },
  {
    "Id": "3dfd01c4-995a-4638-9b6e-82c098141d8b",
    "Name": "adp-nl"
  },
  {
    "Id": "74104824-5eb4-456c-831f-83129a062913",
    "Name": "humares"
  },
  {
    "Id": "e51f2861-9b14-410c-a5b3-84660413a9e8",
    "Name": "wagenhof"
  },
  {
    "Id": "36920328-2759-4097-af98-889834e16b8b",
    "Name": "sherpa"
  },
  {
    "Id": "076c9846-f259-4531-b8c4-8b9e9053e074",
    "Name": "centric"
  },
  {
    "Id": "ae4c1774-a3a1-4b69-b45a-8fe1aa0ace17",
    "Name": "Krabbl"
  },
  {
    "Id": "e00262b4-56a6-45ac-942d-936535e4350e",
    "Name": "Routing Management Portal"
  },
  {
    "Id": "173da0b9-3970-4891-a480-93813e5e134d",
    "Name": "Development"
  },
  {
    "Id": "e874efba-fb92-48ba-bf6b-972ed7ab2132",
    "Name": "susa"
  },
  {
    "Id": "9705976d-359a-4f71-8c54-9f291f01c8aa",
    "Name": "digitalsigning"
  },
  {
    "Id": "cc9b1504-9a78-49d6-92fd-bfd96f3a0fb0",
    "Name": "Monitoring"
  },
  {
    "Id": "81a4badc-5500-47b5-9a1e-bfdd3efd4143",
    "Name": "bluegarden"
  },
  {
    "Id": "9e345f69-3f8e-4235-9d95-bff003d683ce",
    "Name": "Zuidgeest"
  },
  {
    "Id": "7efd6a07-8775-4f55-a233-c53439f63453",
    "Name": "DocumentApi"
  },
  {
    "Id": "8e1e1164-f24d-4967-9b44-c6ea43178415",
    "Name": "IntraOffice-Signing"
  },
  {
    "Id": "cf29d81d-13bf-481c-9fd4-cbee9ea05961",
    "Name": "IntraOffice-Base"
  },
  {
    "Id": "746ebc7c-aae3-40ee-85e2-cc7e38a23a7a",
    "Name": "sheerenloo"
  },
  {
    "Id": "e71ab3fa-2e72-469c-b58e-ce8cd3f6795b",
    "Name": "IntraOffice-Routing"
  },
  {
    "Id": "1878cfcc-dbbf-45d8-b1b2-d3aea2d079b6",
    "Name": "Nuget"
  },
  {
    "Id": "679b9a7c-1b0d-49cd-8162-d479aa4076b2",
    "Name": "bpd"
  },
  {
    "Id": "e6d94765-79a8-4c35-ab43-d70d25762bfd",
    "Name": "ntree"
  },
  {
    "Id": "d353a231-91e0-48ab-8129-e376e016e0dd",
    "Name": "IntraOffice-Routing-Portal"
  },
  {
    "Id": "cc1f5d45-d40b-427c-9d57-f2a8aeaa4f43",
    "Name": "alfa"
  },
  {
    "Id": "81c0387e-3794-43f5-9bbe-f556f5b008ba",
    "Name": "otto"
  },
  {
    "Id": "4d45f1cb-3e01-4fcb-aac0-f7b35c5f3a0c",
    "Name": "IntraOffice2018"
  },
  {
    "Id": "3de1e094-ee35-4f73-aff6-fa7c46391bc9",
    "Name": "actiefwerkt"
  },
  {
    "Id": "bc5a01cb-3b65-4983-8bd2-fd53fcd862a0",
    "Name": "IntraOffice-Service-Fabric"
  },
  {
    "Id": "ac9349de-f7c9-4aa5-911d-ffd49fc78313",
    "Name": "adp-it"
  }
]
]]></output>
                  </test-case>
                </test-suite>
                <test-suite type="TestFixture" id="1-1004" name="UnhappyTests" fullname="Tch.VstsClient.IntTests.UseCases.Repositories.ListRepositories.UnhappyTests" classname="Tch.VstsClient.IntTests.UseCases.Repositories.ListRepositories.UnhappyTests" runstate="Explicit" testcasecount="1" result="Passed" start-time="2020-03-25 20:48:28Z" end-time="2020-03-25 20:48:28Z" duration="0.064587" total="1" passed="1" failed="0" warnings="0" inconclusive="0" skipped="0" asserts="1">
                  <properties>
                    <property name="Category" value="IntegrationTest" />
                  </properties>
                  <test-case id="1-1005" name="Bad_Project_Name" fullname="Tch.VstsClient.IntTests.UseCases.Repositories.ListRepositories.UnhappyTests.Bad_Project_Name" methodname="Bad_Project_Name" classname="Tch.VstsClient.IntTests.UseCases.Repositories.ListRepositories.UnhappyTests" runstate="Runnable" seed="1432453953" result="Passed" start-time="2020-03-25 20:48:28Z" end-time="2020-03-25 20:48:28Z" duration="0.061437" asserts="1">
                    <properties />
                    <output><![CDATA[{
  "ProjectName": "abcd",
  "Message": "Requested project cannot be found",
  "Data": {},
  "InnerException": null,
  "StackTrace": "   bij Tch.VstsClient.Services.Helpers.LocalExceptionService.TryMatch[TTargetException](BadStatusCodeReturned originalException, Object context) in c:\\GitHub\\Vsts-client\\Src\\Services\\Helpers\\LocalExceptionService.cs:regel 43\r\n   bij Tch.VstsClient.Services.RepositoriesService.<GetAllGitRepositories>d__9.MoveNext() in c:\\GitHub\\Vsts-client\\Src\\Services\\RepositoriesService.cs:regel 73\r\n--- Einde van stacktracering vanaf vorige locatie waar uitzondering is opgetreden ---\r\n   bij System.Runtime.ExceptionServices.ExceptionDispatchInfo.Throw()\r\n   bij System.Runtime.CompilerServices.TaskAwaiter.HandleNonSuccessAndDebuggerNotification(Task task)\r\n   bij NUnit.Framework.Internal.TaskAwaitAdapter.GenericAdapter`1.BlockUntilCompleted() in D:\\a\\1\\s\\src\\NUnitFramework\\framework\\Internal\\TaskAwaitAdapter.cs:regel 95\r\n   bij NUnit.Framework.Internal.AsyncToSyncAdapter.Await(Func`1 invoke) in D:\\a\\1\\s\\src\\NUnitFramework\\framework\\Internal\\AsyncToSyncAdapter.cs:regel 60\r\n   bij NUnit.Framework.Assert.ThrowsAsync(IResolveConstraint expression, AsyncTestDelegate code, String message, Object[] args) in D:\\a\\1\\s\\src\\NUnitFramework\\framework\\Assert.Exceptions.Async.cs:regel 48",
  "HelpLink": null,
  "Source": "Tch.VstsClient",
  "HResult": -2146233088
}
]]></output>
                  </test-case>
                </test-suite>
              </test-suite>
            </test-suite>
          </test-suite>
        </test-suite>
      </test-suite>
    </test-suite>
  </test-suite>
</test-run>