<?xml version="1.0" encoding="utf-8" standalone="no"?>
<test-run id="2" testcasecount="19" result="Passed" total="19" passed="19" failed="0" inconclusive="0" skipped="0" asserts="19" engine-version="3.9.0.0" clr-version="4.0.30319.42000" start-time="2020-01-30 11:00:23Z" end-time="2020-01-30 11:00:47Z" duration="23.946037">
  <command-line><![CDATA["nunit3-console"  Mtch.VstsClient.IntTests.csproj --where "cat==IntegrationTest"]]></command-line>
  <filter>
    <cat>IntegrationTest</cat>
  </filter>
  <test-suite type="Assembly" id="1-1033" name="Mtch.VstsClient.IntTests.dll" fullname="C:\GitHub\VstsClient\Tests\Mtch.VstsClient.IntTests\bin\Debug\Mtch.VstsClient.IntTests.dll" runstate="Runnable" testcasecount="19" result="Passed" start-time="2020-01-30 11:00:24Z" end-time="2020-01-30 11:00:47Z" duration="22.439491" total="19" passed="19" failed="0" warnings="0" inconclusive="0" skipped="0" asserts="19">
    <environment framework-version="3.12.0.0" clr-version="4.0.30319.42000" os-version="Microsoft Windows NT 10.0.14393.0" platform="Win32NT" cwd="C:\GitHub\VstsClient\Tests\Mtch.VstsClient.IntTests" machine-name="W10ID09" user="tchesnokov" user-domain="BRAKEL" culture="en-NL" uiculture="nl-NL" os-architecture="x64" />
    <settings>
      <setting name="BasePath" value="C:\GitHub\VstsClient\Tests\Mtch.VstsClient.IntTests\bin\Debug\" />
      <setting name="DisposeRunners" value="True" />
      <setting name="WorkDirectory" value="C:\GitHub\VstsClient\Tests\Mtch.VstsClient.IntTests" />
      <setting name="ImageRuntimeVersion" value="4.0.30319" />
      <setting name="ImageTargetFrameworkName" value=".NETFramework,Version=v4.7.2" />
      <setting name="ImageRequiresX86" value="False" />
      <setting name="ImageRequiresDefaultAppDomainAssemblyResolver" value="False" />
      <setting name="NumberOfTestWorkers" value="8" />
    </settings>
    <properties>
      <property name="_PID" value="15496" />
      <property name="_APPDOMAIN" value="domain-7dd2f324-Mtch.VstsClient.IntTests.csproj" />
    </properties>
    <test-suite type="TestSuite" id="1-1034" name="Mtch" fullname="Mtch" runstate="Runnable" testcasecount="19" result="Passed" start-time="2020-01-30 11:00:24Z" end-time="2020-01-30 11:00:47Z" duration="22.422680" total="19" passed="19" failed="0" warnings="0" inconclusive="0" skipped="0" asserts="19">
      <properties />
      <test-suite type="TestSuite" id="1-1035" name="VstsClient" fullname="Mtch.VstsClient" runstate="Runnable" testcasecount="19" result="Passed" start-time="2020-01-30 11:00:24Z" end-time="2020-01-30 11:00:47Z" duration="22.422179" total="19" passed="19" failed="0" warnings="0" inconclusive="0" skipped="0" asserts="19">
        <properties />
        <test-suite type="TestSuite" id="1-1036" name="IntTests" fullname="Mtch.VstsClient.IntTests" runstate="Runnable" testcasecount="19" result="Passed" start-time="2020-01-30 11:00:24Z" end-time="2020-01-30 11:00:47Z" duration="22.422170" total="19" passed="19" failed="0" warnings="0" inconclusive="0" skipped="0" asserts="19">
          <properties />
          <test-suite type="TestSuite" id="1-1037" name="UseCases" fullname="Mtch.VstsClient.IntTests.UseCases" runstate="Runnable" testcasecount="19" result="Passed" start-time="2020-01-30 11:00:24Z" end-time="2020-01-30 11:00:47Z" duration="22.422166" total="19" passed="19" failed="0" warnings="0" inconclusive="0" skipped="0" asserts="19">
            <properties />
            <test-suite type="TestSuite" id="1-1049" name="Builds" fullname="Mtch.VstsClient.IntTests.UseCases.Builds" runstate="Runnable" testcasecount="6" result="Passed" start-time="2020-01-30 11:00:24Z" end-time="2020-01-30 11:00:43Z" duration="18.123039" total="6" passed="6" failed="0" warnings="0" inconclusive="0" skipped="0" asserts="6">
              <properties />
              <test-suite type="TestSuite" id="1-1051" name="ListBuildDefinitions" fullname="Mtch.VstsClient.IntTests.UseCases.Builds.ListBuildDefinitions" runstate="Runnable" testcasecount="2" result="Passed" start-time="2020-01-30 11:00:24Z" end-time="2020-01-30 11:00:30Z" duration="5.965111" total="2" passed="2" failed="0" warnings="0" inconclusive="0" skipped="0" asserts="2">
                <properties />
                <test-suite type="TestFixture" id="1-1029" name="HappyTests" fullname="Mtch.VstsClient.IntTests.UseCases.Builds.ListBuildDefinitions.HappyTests" classname="Mtch.VstsClient.IntTests.UseCases.Builds.ListBuildDefinitions.HappyTests" runstate="Runnable" testcasecount="1" result="Passed" start-time="2020-01-30 11:00:25Z" end-time="2020-01-30 11:00:30Z" duration="5.271038" total="1" passed="1" failed="0" warnings="0" inconclusive="0" skipped="0" asserts="1">
                  <properties>
                    <property name="Category" value="IntegrationTest" />
                  </properties>
                  <test-case id="1-1030" name="Good_Project_Name" fullname="Mtch.VstsClient.IntTests.UseCases.Builds.ListBuildDefinitions.HappyTests.Good_Project_Name" methodname="Good_Project_Name" classname="Mtch.VstsClient.IntTests.UseCases.Builds.ListBuildDefinitions.HappyTests" runstate="Runnable" seed="266439734" result="Passed" start-time="2020-01-30 11:00:25Z" end-time="2020-01-30 11:00:30Z" duration="5.101130" asserts="1">
                    <properties />
                    <output><![CDATA[[
  "IntraOffice2018 CI Build (Master)",
  "Identity Server",
  "EnvelopesRegister CI Build (Development)",
  "Nuget CI Build (Master)",
  "EnvelopesRegister Release Build",
  "EnvelopesRegister CI Build (Master)",
  "IntraOffice",
  "Nuget CI Build (Development)",
  "Version 9 Build",
  "IntraOffice-Base",
  "IntraOffice-Content-Repository",
  "SmsFunction Azure CI",
  "AuditFunction Azure CI",
  "SendGridReceiver - CI",
  "IntraOffice-Routing",
  "IntraOffice-Routing-Portal",
  "Document API Release Build",
  "DocumentApi CI Build (Master)",
  "DocumentApi CI Build (Development)",
  "IntraOffice2018 CI Build (Development)",
  "IntraOffice-Archive",
  "IntraOffice-Content-Repository (old)",
  "Document API Nightly Build (Master)",
  "Archive RAET REST API (Iopk)",
  "Version 9 Azure Build",
  "Archive Shared REST API (WebDeploy)",
  "Version 9 Azure Build and Test",
  "MonitorCM - CI",
  "Routing Shared REST API (WebDeploy)",
  "Version 10 Build",
  "Routing Management Portal",
  "Depot Portal Backend",
  "Depot Portal Frontend",
  "Version 9.0-9.4 Azure Build",
  "DEPRECATED Routing Shared REST API (WebDeploy)-Old",
  "IntraOffice Service Fabric build",
  "sms-service-digitalsigning - CI",
  "Version 8 Build",
  "Version 7 Build"
]
]]></output>
                  </test-case>
                </test-suite>
                <test-suite type="TestFixture" id="1-1031" name="UnhappyTests" fullname="Mtch.VstsClient.IntTests.UseCases.Builds.ListBuildDefinitions.UnhappyTests" classname="Mtch.VstsClient.IntTests.UseCases.Builds.ListBuildDefinitions.UnhappyTests" runstate="Runnable" testcasecount="1" result="Passed" start-time="2020-01-30 11:00:30Z" end-time="2020-01-30 11:00:30Z" duration="0.686649" total="1" passed="1" failed="0" warnings="0" inconclusive="0" skipped="0" asserts="1">
                  <properties>
                    <property name="Category" value="IntegrationTest" />
                  </properties>
                  <test-case id="1-1032" name="Bad_Project_Name" fullname="Mtch.VstsClient.IntTests.UseCases.Builds.ListBuildDefinitions.UnhappyTests.Bad_Project_Name" methodname="Bad_Project_Name" classname="Mtch.VstsClient.IntTests.UseCases.Builds.ListBuildDefinitions.UnhappyTests" runstate="Runnable" seed="317264440" result="Passed" start-time="2020-01-30 11:00:30Z" end-time="2020-01-30 11:00:30Z" duration="0.684890" asserts="1">
                    <properties />
                    <output><![CDATA[{
  "ProjectName": "abc",
  "Message": "Requested project cannot be found",
  "Data": {},
  "InnerException": null,
  "StackTrace": "   bij Mtch.VstsClient.Services.BuildsService.<GetAllBuilds>d__4.MoveNext() in c:\\GitHub\\VstsClient\\Src\\Services\\BuildsService.cs:regel 50\r\n--- Einde van stacktracering vanaf vorige locatie waar uitzondering is opgetreden ---\r\n   bij System.Runtime.ExceptionServices.ExceptionDispatchInfo.Throw()\r\n   bij System.Runtime.CompilerServices.TaskAwaiter.HandleNonSuccessAndDebuggerNotification(Task task)\r\n   bij System.Runtime.CompilerServices.TaskAwaiter`1.GetResult()\r\n   bij Mtch.VstsClient.Services.BuildsService.<GetAllBuildDefinitionNames>d__5.MoveNext() in c:\\GitHub\\VstsClient\\Src\\Services\\BuildsService.cs:regel 63\r\n--- Einde van stacktracering vanaf vorige locatie waar uitzondering is opgetreden ---\r\n   bij System.Runtime.ExceptionServices.ExceptionDispatchInfo.Throw()\r\n   bij System.Runtime.CompilerServices.TaskAwaiter.HandleNonSuccessAndDebuggerNotification(Task task)\r\n   bij NUnit.Framework.Internal.TaskAwaitAdapter.GenericAdapter`1.BlockUntilCompleted() in D:\\a\\1\\s\\src\\NUnitFramework\\framework\\Internal\\TaskAwaitAdapter.cs:regel 95\r\n   bij NUnit.Framework.Internal.AsyncToSyncAdapter.Await(Func`1 invoke) in D:\\a\\1\\s\\src\\NUnitFramework\\framework\\Internal\\AsyncToSyncAdapter.cs:regel 60\r\n   bij NUnit.Framework.Assert.ThrowsAsync(IResolveConstraint expression, AsyncTestDelegate code, String message, Object[] args) in D:\\a\\1\\s\\src\\NUnitFramework\\framework\\Assert.Exceptions.Async.cs:regel 48",
  "HelpLink": null,
  "Source": "Mtch.VstsClient",
  "HResult": -2146233088
}
]]></output>
                  </test-case>
                </test-suite>
              </test-suite>
              <test-suite type="TestSuite" id="1-1050" name="ListBuilds" fullname="Mtch.VstsClient.IntTests.UseCases.Builds.ListBuilds" runstate="Runnable" testcasecount="4" result="Passed" start-time="2020-01-30 11:00:24Z" end-time="2020-01-30 11:00:43Z" duration="18.123019" total="4" passed="4" failed="0" warnings="0" inconclusive="0" skipped="0" asserts="4">
                <properties />
                <test-suite type="TestFixture" id="1-1023" name="HappyTests" fullname="Mtch.VstsClient.IntTests.UseCases.Builds.ListBuilds.HappyTests" classname="Mtch.VstsClient.IntTests.UseCases.Builds.ListBuilds.HappyTests" runstate="Runnable" testcasecount="2" result="Passed" start-time="2020-01-30 11:00:30Z" end-time="2020-01-30 11:00:39Z" duration="8.678850" total="2" passed="2" failed="0" warnings="0" inconclusive="0" skipped="0" asserts="2">
                  <properties>
                    <property name="Category" value="IntegrationTest" />
                  </properties>
                  <test-case id="1-1024" name="Get_All_Builds" fullname="Mtch.VstsClient.IntTests.UseCases.Builds.ListBuilds.HappyTests.Get_All_Builds" methodname="Get_All_Builds" classname="Mtch.VstsClient.IntTests.UseCases.Builds.ListBuilds.HappyTests" runstate="Runnable" seed="1923574369" result="Passed" start-time="2020-01-30 11:00:30Z" end-time="2020-01-30 11:00:34Z" duration="3.576429" asserts="1">
                    <properties />
                    <output><![CDATA[[
  {
    "BuildNumber": "20200129.2",
    "Definition": {
      "Name": "IntraOffice2018 CI Build (Master)"
    },
    "StartTime": "2020-01-29T15:25:28.0288022Z",
    "FinishTime": "2020-01-29T15:29:21.6627165Z",
    "RequestedBy": {
      "DisplayName": "Microsoft.VisualStudio.Services.TFS"
    },
    "Result": "failed",
    "SourceBranch": "refs/heads/master",
    "SourceVersion": "51b9a15fdd41dee3a5ff560542c69d93666df5aa",
    "Repository": {
      "Id": "4d45f1cb-3e01-4fcb-aac0-f7b35c5f3a0c",
      "Name": "IntraOffice2018"
    }
  },
  {
    "BuildNumber": "20200129.2",
    "Definition": {
      "Name": "Identity Server"
    },
    "StartTime": "2020-01-29T15:25:52.7545942Z",
    "FinishTime": "2020-01-29T15:27:24.1633647Z",
    "RequestedBy": {
      "DisplayName": "Tjeerd de Haas"
    },
    "Result": "succeeded",
    "SourceBranch": "refs/heads/master",
    "SourceVersion": "51b9a15fdd41dee3a5ff560542c69d93666df5aa",
    "Repository": {
      "Id": "4d45f1cb-3e01-4fcb-aac0-f7b35c5f3a0c",
      "Name": "IntraOffice2018"
    }
  },
  {
    "BuildNumber": "20200129.1",
    "Definition": {
      "Name": "Identity Server"
    },
    "StartTime": "2020-01-29T13:07:31.0016955Z",
    "FinishTime": "2020-01-29T13:09:26.13332Z",
    "RequestedBy": {
      "DisplayName": "Tjeerd de Haas"
    },
    "Result": "succeeded",
    "SourceBranch": "refs/heads/master",
    "SourceVersion": "c059318403815ecff13810bdf1489fbfae7a5eba",
    "Repository": {
      "Id": "4d45f1cb-3e01-4fcb-aac0-f7b35c5f3a0c",
      "Name": "IntraOffice2018"
    }
  },
  {
    "BuildNumber": "20200129.1",
    "Definition": {
      "Name": "IntraOffice2018 CI Build (Master)"
    },
    "StartTime": "2020-01-29T12:54:51.4937295Z",
    "FinishTime": "2020-01-29T12:58:45.8319416Z",
    "RequestedBy": {
      "DisplayName": "Microsoft.VisualStudio.Services.TFS"
    },
    "Result": "failed",
    "SourceBranch": "refs/heads/master",
    "SourceVersion": "c059318403815ecff13810bdf1489fbfae7a5eba",
    "Repository": {
      "Id": "4d45f1cb-3e01-4fcb-aac0-f7b35c5f3a0c",
      "Name": "IntraOffice2018"
    }
  },
  {
    "BuildNumber": "20200129.1",
    "Definition": {
      "Name": "EnvelopesRegister CI Build (Development)"
    },
    "StartTime": "2020-01-29T10:00:49.0430726Z",
    "FinishTime": "2020-01-29T10:03:04.7326524Z",
    "RequestedBy": {
      "DisplayName": "Microsoft.VisualStudio.Services.TFS"
    },
    "Result": "succeeded",
    "SourceBranch": "refs/heads/development",
    "SourceVersion": "0c17e0598e90a1ce93f9820fe28d01f5bb5f8006",
    "Repository": {
      "Id": "af0ffbfd-f163-4846-89e3-3e3f27f7a2e1",
      "Name": "EnvelopesRegister"
    }
  },
  {
    "BuildNumber": "20200129.1",
    "Definition": {
      "Name": "Nuget CI Build (Master)"
    },
    "StartTime": "2020-01-29T08:48:46.454126Z",
    "FinishTime": "2020-01-29T09:03:06.607069Z",
    "RequestedBy": {
      "DisplayName": "Microsoft.VisualStudio.Services.TFS"
    },
    "Result": "succeeded",
    "SourceBranch": "refs/heads/master",
    "SourceVersion": "42f619b41ce5ec3def4f6104f992a6685833ccf1",
    "Repository": {
      "Id": "1878cfcc-dbbf-45d8-b1b2-d3aea2d079b6",
      "Name": "Nuget"
    }
  },
  {
    "BuildNumber": "20200128.3",
    "Definition": {
      "Name": "EnvelopesRegister Release Build"
    },
    "StartTime": "2020-01-28T19:35:08.962284Z",
    "FinishTime": "2020-01-28T19:41:52.0910221Z",
    "RequestedBy": {
      "DisplayName": "Mikhail.Tchesnokov"
    },
    "Result": "succeeded",
    "SourceBranch": "refs/heads/master",
    "SourceVersion": "0c17e0598e90a1ce93f9820fe28d01f5bb5f8006",
    "Repository": {
      "Id": "af0ffbfd-f163-4846-89e3-3e3f27f7a2e1",
      "Name": "EnvelopesRegister"
    }
  },
  {
    "BuildNumber": "20200128.3",
    "Definition": {
      "Name": "EnvelopesRegister CI Build (Master)"
    },
    "StartTime": "2020-01-28T19:27:26.5722456Z",
    "FinishTime": "2020-01-28T19:30:35.8729921Z",
    "RequestedBy": {
      "DisplayName": "Microsoft.VisualStudio.Services.TFS"
    },
    "Result": "succeeded",
    "SourceBranch": "refs/heads/master",
    "SourceVersion": "0c17e0598e90a1ce93f9820fe28d01f5bb5f8006",
    "Repository": {
      "Id": "af0ffbfd-f163-4846-89e3-3e3f27f7a2e1",
      "Name": "EnvelopesRegister"
    }
  },
  {
    "BuildNumber": "20200128.2",
    "Definition": {
      "Name": "EnvelopesRegister Release Build"
    },
    "StartTime": "2020-01-28T12:50:30.6544087Z",
    "FinishTime": "2020-01-28T12:57:21.7489197Z",
    "RequestedBy": {
      "DisplayName": "Mikhail.Tchesnokov"
    },
    "Result": "succeeded",
    "SourceBranch": "refs/heads/master",
    "SourceVersion": "57953b6791404ca4a97dbc4d232ae45411914f1d",
    "Repository": {
      "Id": "af0ffbfd-f163-4846-89e3-3e3f27f7a2e1",
      "Name": "EnvelopesRegister"
    }
  },
  {
    "BuildNumber": "20200128.1",
    "Definition": {
      "Name": "EnvelopesRegister Release Build"
    },
    "StartTime": "2020-01-28T12:01:18.7726743Z",
    "FinishTime": "2020-01-28T12:07:57.3619383Z",
    "RequestedBy": {
      "DisplayName": "Mikhail.Tchesnokov"
    },
    "Result": "succeeded",
    "SourceBranch": "refs/heads/master",
    "SourceVersion": "57953b6791404ca4a97dbc4d232ae45411914f1d",
    "Repository": {
      "Id": "af0ffbfd-f163-4846-89e3-3e3f27f7a2e1",
      "Name": "EnvelopesRegister"
    }
  },
  {
    "BuildNumber": "20200128.2",
    "Definition": {
      "Name": "EnvelopesRegister CI Build (Master)"
    },
    "StartTime": "2020-01-28T11:55:26.8826112Z",
    "FinishTime": "2020-01-28T11:57:25.1557498Z",
    "RequestedBy": {
      "DisplayName": "Microsoft.VisualStudio.Services.TFS"
    },
    "Result": "succeeded",
    "SourceBranch": "refs/heads/master",
    "SourceVersion": "57953b6791404ca4a97dbc4d232ae45411914f1d",
    "Repository": {
      "Id": "af0ffbfd-f163-4846-89e3-3e3f27f7a2e1",
      "Name": "EnvelopesRegister"
    }
  },
  {
    "BuildNumber": "development-9.6.20028.1",
    "Definition": {
      "Name": "IntraOffice"
    },
    "StartTime": "2020-01-28T10:09:16.9111368Z",
    "FinishTime": "2020-01-28T10:21:34.0181072Z",
    "RequestedBy": {
      "DisplayName": "Tjeerd de Haas"
    },
    "Result": "succeeded",
    "SourceBranch": "refs/heads/development",
    "SourceVersion": "b5b5cacf7a692357e90c3e419b86ca7c5dc840ba",
    "Repository": {
      "Id": "7e06ad15-43b5-4281-b482-152cbd8e6e06",
      "Name": "IntraOffice"
    }
  },
  {
    "BuildNumber": "20200128.1",
    "Definition": {
      "Name": "EnvelopesRegister CI Build (Master)"
    },
    "StartTime": "2020-01-28T09:12:13.180881Z",
    "FinishTime": "2020-01-28T09:14:17.5124373Z",
    "RequestedBy": {
      "DisplayName": "Microsoft.VisualStudio.Services.TFS"
    },
    "Result": "succeeded",
    "SourceBranch": "refs/heads/master",
    "SourceVersion": "c9b2c728146de81460624e2e7e1510e1271f6ade",
    "Repository": {
      "Id": "af0ffbfd-f163-4846-89e3-3e3f27f7a2e1",
      "Name": "EnvelopesRegister"
    }
  },
  {
    "BuildNumber": "20200127.3",
    "Definition": {
      "Name": "EnvelopesRegister CI Build (Master)"
    },
    "StartTime": "2020-01-27T14:57:33.0856468Z",
    "FinishTime": "2020-01-27T15:00:11.5559982Z",
    "RequestedBy": {
      "DisplayName": "Microsoft.VisualStudio.Services.TFS"
    },
    "Result": "succeeded",
    "SourceBranch": "refs/heads/master",
    "SourceVersion": "bc63055ef163ffb6e467ded0ceff659aff5a1db8",
    "Repository": {
      "Id": "af0ffbfd-f163-4846-89e3-3e3f27f7a2e1",
      "Name": "EnvelopesRegister"
    }
  },
  {
    "BuildNumber": "20200127.2",
    "Definition": {
      "Name": "EnvelopesRegister CI Build (Master)"
    },
    "StartTime": "2020-01-27T14:53:07.3038506Z",
    "FinishTime": "2020-01-27T14:55:44.7965722Z",
    "RequestedBy": {
      "DisplayName": "Mikhail.Tchesnokov"
    },
    "Result": "succeeded",
    "SourceBranch": "refs/heads/master",
    "SourceVersion": "00a8108ae41e105ff7e13b835d65cff01dc30ce6",
    "Repository": {
      "Id": "af0ffbfd-f163-4846-89e3-3e3f27f7a2e1",
      "Name": "EnvelopesRegister"
    }
  },
  {
    "BuildNumber": "20200127.6",
    "Definition": {
      "Name": "EnvelopesRegister CI Build (Development)"
    },
    "StartTime": "2020-01-27T14:45:52.593358Z",
    "FinishTime": "2020-01-27T14:48:17.4446755Z",
    "RequestedBy": {
      "DisplayName": "Microsoft.VisualStudio.Services.TFS"
    },
    "Result": "succeeded",
    "SourceBranch": "refs/heads/development",
    "SourceVersion": "00a8108ae41e105ff7e13b835d65cff01dc30ce6",
    "Repository": {
      "Id": "af0ffbfd-f163-4846-89e3-3e3f27f7a2e1",
      "Name": "EnvelopesRegister"
    }
  },
  {
    "BuildNumber": "20200127.5",
    "Definition": {
      "Name": "EnvelopesRegister CI Build (Development)"
    },
    "StartTime": "2020-01-27T14:34:35.7111076Z",
    "FinishTime": "2020-01-27T14:36:46.4106484Z",
    "RequestedBy": {
      "DisplayName": "Mikhail.Tchesnokov"
    },
    "Result": "succeeded",
    "SourceBranch": "refs/heads/development",
    "SourceVersion": "9743f4e58f4dc08da6d8ae7f691a6a1543a64b05",
    "Repository": {
      "Id": "af0ffbfd-f163-4846-89e3-3e3f27f7a2e1",
      "Name": "EnvelopesRegister"
    }
  },
  {
    "BuildNumber": "20200127.4",
    "Definition": {
      "Name": "EnvelopesRegister CI Build (Development)"
    },
    "StartTime": "2020-01-27T14:22:02.2138524Z",
    "FinishTime": "2020-01-27T14:24:12.5517225Z",
    "RequestedBy": {
      "DisplayName": "Mikhail.Tchesnokov"
    },
    "Result": "succeeded",
    "SourceBranch": "refs/heads/development",
    "SourceVersion": "9743f4e58f4dc08da6d8ae7f691a6a1543a64b05",
    "Repository": {
      "Id": "af0ffbfd-f163-4846-89e3-3e3f27f7a2e1",
      "Name": "EnvelopesRegister"
    }
  },
  {
    "BuildNumber": "20200127.3",
    "Definition": {
      "Name": "EnvelopesRegister CI Build (Development)"
    },
    "StartTime": "2020-01-27T14:14:01.923093Z",
    "FinishTime": "2020-01-27T14:15:40.0857829Z",
    "RequestedBy": {
      "DisplayName": "Mikhail.Tchesnokov"
    },
    "Result": "succeeded",
    "SourceBranch": "refs/heads/development",
    "SourceVersion": "9743f4e58f4dc08da6d8ae7f691a6a1543a64b05",
    "Repository": {
      "Id": "af0ffbfd-f163-4846-89e3-3e3f27f7a2e1",
      "Name": "EnvelopesRegister"
    }
  },
  {
    "BuildNumber": "20200127.2",
    "Definition": {
      "Name": "EnvelopesRegister CI Build (Development)"
    },
    "StartTime": "2020-01-27T13:50:59.7866886Z",
    "FinishTime": "2020-01-27T13:53:14.0334928Z",
    "RequestedBy": {
      "DisplayName": "Mikhail.Tchesnokov"
    },
    "Result": "succeeded",
    "SourceBranch": "refs/heads/development",
    "SourceVersion": "9743f4e58f4dc08da6d8ae7f691a6a1543a64b05",
    "Repository": {
      "Id": "af0ffbfd-f163-4846-89e3-3e3f27f7a2e1",
      "Name": "EnvelopesRegister"
    }
  },
  {
    "BuildNumber": "20200127.1",
    "Definition": {
      "Name": "Nuget CI Build (Development)"
    },
    "StartTime": "2020-01-27T13:32:18.7822542Z",
    "FinishTime": "2020-01-27T13:45:58.5847473Z",
    "RequestedBy": {
      "DisplayName": "Microsoft.VisualStudio.Services.TFS"
    },
    "Result": "succeeded",
    "SourceBranch": "refs/heads/development",
    "SourceVersion": "42f619b41ce5ec3def4f6104f992a6685833ccf1",
    "Repository": {
      "Id": "1878cfcc-dbbf-45d8-b1b2-d3aea2d079b6",
      "Name": "Nuget"
    }
  },
  {
    "BuildNumber": "20200127.1",
    "Definition": {
      "Name": "EnvelopesRegister CI Build (Development)"
    },
    "StartTime": "2020-01-27T13:31:26.0452185Z",
    "FinishTime": "2020-01-27T13:34:35.4546981Z",
    "RequestedBy": {
      "DisplayName": "Microsoft.VisualStudio.Services.TFS"
    },
    "Result": "succeeded",
    "SourceBranch": "refs/heads/development",
    "SourceVersion": "9743f4e58f4dc08da6d8ae7f691a6a1543a64b05",
    "Repository": {
      "Id": "af0ffbfd-f163-4846-89e3-3e3f27f7a2e1",
      "Name": "EnvelopesRegister"
    }
  },
  {
    "BuildNumber": "development-9.6.20024.1",
    "Definition": {
      "Name": "Version 9 Build"
    },
    "StartTime": "2020-01-24T11:05:55.9754468Z",
    "FinishTime": "2020-01-24T11:28:19.5361334Z",
    "RequestedBy": {
      "DisplayName": "Tjeerd de Haas"
    },
    "Result": "succeeded",
    "SourceBranch": "refs/heads/development",
    "SourceVersion": "ff6d843d6d0a571b143ae73eca923d22d5b28942",
    "Repository": {
      "Id": "7e06ad15-43b5-4281-b482-152cbd8e6e06",
      "Name": "IntraOffice"
    }
  },
  {
    "BuildNumber": "20200124.3",
    "Definition": {
      "Name": "Nuget CI Build (Development)"
    },
    "StartTime": "2020-01-24T09:52:10.1099152Z",
    "FinishTime": "2020-01-24T10:05:34.0056436Z",
    "RequestedBy": {
      "DisplayName": "Microsoft.VisualStudio.Services.TFS"
    },
    "Result": "succeeded",
    "SourceBranch": "refs/heads/development",
    "SourceVersion": "e7cb6b12ecf77d8cc23672a45b7aede43f17dff7",
    "Repository": {
      "Id": "1878cfcc-dbbf-45d8-b1b2-d3aea2d079b6",
      "Name": "Nuget"
    }
  },
  {
    "BuildNumber": "20200124.2",
    "Definition": {
      "Name": "Nuget CI Build (Development)"
    },
    "StartTime": "2020-01-24T09:41:17.5689669Z",
    "FinishTime": "2020-01-24T09:55:17.4352625Z",
    "RequestedBy": {
      "DisplayName": "Microsoft.VisualStudio.Services.TFS"
    },
    "Result": "succeeded",
    "SourceBranch": "refs/heads/development",
    "SourceVersion": "ca5c0bfb3ddc698a19e92480da85df46fd4e22c4",
    "Repository": {
      "Id": "1878cfcc-dbbf-45d8-b1b2-d3aea2d079b6",
      "Name": "Nuget"
    }
  },
  {
    "BuildNumber": "20200124.1",
    "Definition": {
      "Name": "Nuget CI Build (Development)"
    },
    "StartTime": "2020-01-24T08:50:03.5650056Z",
    "FinishTime": "2020-01-24T09:04:31.5413529Z",
    "RequestedBy": {
      "DisplayName": "Microsoft.VisualStudio.Services.TFS"
    },
    "Result": "succeeded",
    "SourceBranch": "refs/heads/development",
    "SourceVersion": "af0698692bf58b578a4f4e47c46c2ed3c3af3e21",
    "Repository": {
      "Id": "1878cfcc-dbbf-45d8-b1b2-d3aea2d079b6",
      "Name": "Nuget"
    }
  },
  {
    "BuildNumber": "20200123.6",
    "Definition": {
      "Name": "Nuget CI Build (Development)"
    },
    "StartTime": "2020-01-23T14:48:18.8657796Z",
    "FinishTime": "2020-01-23T15:01:09.3734524Z",
    "RequestedBy": {
      "DisplayName": "Microsoft.VisualStudio.Services.TFS"
    },
    "Result": "succeeded",
    "SourceBranch": "refs/heads/development",
    "SourceVersion": "7e41978ee361a3137e1e040a0c68248599f51f35",
    "Repository": {
      "Id": "1878cfcc-dbbf-45d8-b1b2-d3aea2d079b6",
      "Name": "Nuget"
    }
  },
  {
    "BuildNumber": "20200123.4",
    "Definition": {
      "Name": "EnvelopesRegister CI Build (Development)"
    },
    "StartTime": "2020-01-23T13:48:57.8798145Z",
    "FinishTime": "2020-01-23T13:50:33.6550744Z",
    "RequestedBy": {
      "DisplayName": "Mikhail.Tchesnokov"
    },
    "Result": "succeeded",
    "SourceBranch": "refs/heads/development",
    "SourceVersion": "6f2cac935f96c742990acde60dee7a5ff7d14ffe",
    "Repository": {
      "Id": "af0ffbfd-f163-4846-89e3-3e3f27f7a2e1",
      "Name": "EnvelopesRegister"
    }
  },
  {
    "BuildNumber": "development-9.6.20021.1",
    "Definition": {
      "Name": "IntraOffice"
    },
    "StartTime": "2020-01-21T10:28:25.955329Z",
    "FinishTime": "2020-01-21T10:40:02.6268068Z",
    "RequestedBy": {
      "DisplayName": "Corne Los"
    },
    "Result": "succeeded",
    "SourceBranch": "refs/heads/development",
    "SourceVersion": "8cd275eb3db3cc384c649198bc8a3e1ff4cdab2a",
    "Repository": {
      "Id": "7e06ad15-43b5-4281-b482-152cbd8e6e06",
      "Name": "IntraOffice"
    }
  },
  {
    "BuildNumber": "10.0.22-master-20017-01",
    "Definition": {
      "Name": "IntraOffice-Base"
    },
    "StartTime": "2020-01-17T11:36:40.7907999Z",
    "FinishTime": "2020-01-17T12:51:16.7291679Z",
    "RequestedBy": {
      "DisplayName": "Roel de Regt"
    },
    "Result": "succeeded",
    "SourceBranch": "refs/heads/master",
    "SourceVersion": "e6ab260f4bcc83137a8a1c7c20d3f1e9ea90e36f",
    "Repository": {
      "Id": "cf29d81d-13bf-481c-9fd4-cbee9ea05961",
      "Name": "IntraOffice-Base"
    }
  },
  {
    "BuildNumber": "10.0.21-master-20017-01",
    "Definition": {
      "Name": "IntraOffice-Base"
    },
    "StartTime": "2020-01-17T10:56:36.850932Z",
    "FinishTime": "2020-01-17T11:26:11.777331Z",
    "RequestedBy": {
      "DisplayName": "Roel de Regt"
    },
    "Result": "succeeded",
    "SourceBranch": "refs/heads/master",
    "SourceVersion": "a83e7f2637f424e12d4b4801db1434592ab3cb65",
    "Repository": {
      "Id": "cf29d81d-13bf-481c-9fd4-cbee9ea05961",
      "Name": "IntraOffice-Base"
    }
  },
  {
    "BuildNumber": "20200117.1",
    "Definition": {
      "Name": "Nuget CI Build (Master)"
    },
    "StartTime": "2020-01-17T10:58:20.3459448Z",
    "FinishTime": "2020-01-17T11:11:32.4778458Z",
    "RequestedBy": {
      "DisplayName": "Microsoft.VisualStudio.Services.TFS"
    },
    "Result": "succeeded",
    "SourceBranch": "refs/heads/master",
    "SourceVersion": "90911c3c4651115b1374efa16a135dc2108eeb28",
    "Repository": {
      "Id": "1878cfcc-dbbf-45d8-b1b2-d3aea2d079b6",
      "Name": "Nuget"
    }
  },
  {
    "BuildNumber": "10.0.21-development-20017-01",
    "Definition": {
      "Name": "IntraOffice-Base"
    },
    "StartTime": "2020-01-17T10:49:50.9427185Z",
    "FinishTime": "2020-01-17T10:52:31.2656579Z",
    "RequestedBy": {
      "DisplayName": "Roel de Regt"
    },
    "Result": "succeeded",
    "SourceBranch": "refs/heads/development",
    "SourceVersion": "adb717bf3eab38db5e6100f1e59c88fb24a87315",
    "Repository": {
      "Id": "cf29d81d-13bf-481c-9fd4-cbee9ea05961",
      "Name": "IntraOffice-Base"
    }
  },
  {
    "BuildNumber": "20200117.2",
    "Definition": {
      "Name": "Nuget CI Build (Development)"
    },
    "StartTime": "2020-01-17T10:18:48.7144674Z",
    "FinishTime": "2020-01-17T10:32:16.7154684Z",
    "RequestedBy": {
      "DisplayName": "Microsoft.VisualStudio.Services.TFS"
    },
    "Result": "succeeded",
    "SourceBranch": "refs/heads/development",
    "SourceVersion": "90911c3c4651115b1374efa16a135dc2108eeb28",
    "Repository": {
      "Id": "1878cfcc-dbbf-45d8-b1b2-d3aea2d079b6",
      "Name": "Nuget"
    }
  },
  {
    "BuildNumber": "20200117.3",
    "Definition": {
      "Name": "EnvelopesRegister CI Build (Development)"
    },
    "StartTime": "2020-01-17T10:17:30.1860156Z",
    "FinishTime": "2020-01-17T10:20:59.5176469Z",
    "RequestedBy": {
      "DisplayName": "Microsoft.VisualStudio.Services.TFS"
    },
    "Result": "succeeded",
    "SourceBranch": "refs/heads/development",
    "SourceVersion": "e725bbf3a2d882ed555fc4d5dcdcaa6f57cf9f6c",
    "Repository": {
      "Id": "af0ffbfd-f163-4846-89e3-3e3f27f7a2e1",
      "Name": "EnvelopesRegister"
    }
  },
  {
    "BuildNumber": "master-10.0.20016.1",
    "Definition": {
      "Name": "IntraOffice-Content-Repository"
    },
    "StartTime": "2020-01-16T15:56:23.9398336Z",
    "FinishTime": "2020-01-16T16:02:06.0658089Z",
    "RequestedBy": {
      "DisplayName": "Roel de Regt"
    },
    "Result": "succeeded",
    "SourceBranch": "refs/heads/master",
    "SourceVersion": "ec58e129d9ed2c23d7346a216a8243794a3b2a4f",
    "Repository": {
      "Id": "6525cebf-c7df-4ba3-b01a-265613861b33",
      "Name": "IntraOffice-Content-Repository"
    }
  },
  {
    "BuildNumber": "master-10.0.19351.2",
    "Definition": {
      "Name": "IntraOffice-Content-Repository"
    },
    "StartTime": "2020-01-16T15:24:02.4923272Z",
    "FinishTime": "2020-01-16T15:24:51.3808915Z",
    "RequestedBy": {
      "DisplayName": "Roel de Regt"
    },
    "Result": "failed",
    "SourceBranch": "refs/heads/master",
    "SourceVersion": "705d9a1c0f9f076893d0b54c61847ca53ddeb6a4",
    "Repository": {
      "Id": "6525cebf-c7df-4ba3-b01a-265613861b33",
      "Name": "IntraOffice-Content-Repository"
    }
  },
  {
    "BuildNumber": "20200116.2",
    "Definition": {
      "Name": "Nuget CI Build (Master)"
    },
    "StartTime": "2020-01-16T07:35:24.1918421Z",
    "FinishTime": "2020-01-16T07:48:09.0754356Z",
    "RequestedBy": {
      "DisplayName": "admin"
    },
    "Result": "succeeded",
    "SourceBranch": "refs/heads/master",
    "SourceVersion": "8b1f3b60f20cd7ff395abc75476116b05a7bf822",
    "Repository": {
      "Id": "1878cfcc-dbbf-45d8-b1b2-d3aea2d079b6",
      "Name": "Nuget"
    }
  },
  {
    "BuildNumber": "20200115.6",
    "Definition": {
      "Name": "Nuget CI Build (Development)"
    },
    "StartTime": "2020-01-15T19:23:29.4329618Z",
    "FinishTime": "2020-01-15T19:37:29.8508093Z",
    "RequestedBy": {
      "DisplayName": "Microsoft.VisualStudio.Services.TFS"
    },
    "Result": "succeeded",
    "SourceBranch": "refs/heads/development",
    "SourceVersion": "8b1f3b60f20cd7ff395abc75476116b05a7bf822",
    "Repository": {
      "Id": "1878cfcc-dbbf-45d8-b1b2-d3aea2d079b6",
      "Name": "Nuget"
    }
  },
  {
    "BuildNumber": "20200115.4",
    "Definition": {
      "Name": "EnvelopesRegister CI Build (Development)"
    },
    "StartTime": "2020-01-15T19:12:26.4966136Z",
    "FinishTime": "2020-01-15T19:15:45.9147815Z",
    "RequestedBy": {
      "DisplayName": "admin"
    },
    "Result": "succeeded",
    "SourceBranch": "refs/heads/development",
    "SourceVersion": "360f28044f2228c0d4758748807b5ddebd7a3950",
    "Repository": {
      "Id": "af0ffbfd-f163-4846-89e3-3e3f27f7a2e1",
      "Name": "EnvelopesRegister"
    }
  },
  {
    "BuildNumber": "20200115.3",
    "Definition": {
      "Name": "EnvelopesRegister CI Build (Development)"
    },
    "StartTime": "2020-01-15T19:03:50.2315191Z",
    "FinishTime": "2020-01-15T19:07:12.3060786Z",
    "RequestedBy": {
      "DisplayName": "admin"
    },
    "Result": "succeeded",
    "SourceBranch": "refs/heads/development",
    "SourceVersion": "360f28044f2228c0d4758748807b5ddebd7a3950",
    "Repository": {
      "Id": "af0ffbfd-f163-4846-89e3-3e3f27f7a2e1",
      "Name": "EnvelopesRegister"
    }
  },
  {
    "BuildNumber": "20200115.2",
    "Definition": {
      "Name": "EnvelopesRegister CI Build (Development)"
    },
    "StartTime": "2020-01-15T14:13:39.2400297Z",
    "FinishTime": "2020-01-15T14:17:10.599717Z",
    "RequestedBy": {
      "DisplayName": "Microsoft.VisualStudio.Services.TFS"
    },
    "Result": "succeeded",
    "SourceBranch": "refs/heads/development",
    "SourceVersion": "360f28044f2228c0d4758748807b5ddebd7a3950",
    "Repository": {
      "Id": "af0ffbfd-f163-4846-89e3-3e3f27f7a2e1",
      "Name": "EnvelopesRegister"
    }
  },
  {
    "BuildNumber": "20200113.2",
    "Definition": {
      "Name": "SmsFunction Azure CI"
    },
    "StartTime": "2020-01-13T15:11:07.1334524Z",
    "FinishTime": "2020-01-13T15:14:24.9235191Z",
    "RequestedBy": {
      "DisplayName": "Microsoft.VisualStudio.Services.TFS"
    },
    "Result": "succeeded",
    "SourceBranch": "refs/heads/master",
    "SourceVersion": "8f5312607938bc36dad7878e61ed5a1a9463d67f",
    "Repository": {
      "Id": "bc5a01cb-3b65-4983-8bd2-fd53fcd862a0",
      "Name": "IntraOffice-Service-Fabric"
    }
  },
  {
    "BuildNumber": "20200113.2",
    "Definition": {
      "Name": "AuditFunction Azure CI"
    },
    "StartTime": "2020-01-13T15:11:06.5828565Z",
    "FinishTime": "2020-01-13T15:13:46.6371278Z",
    "RequestedBy": {
      "DisplayName": "Microsoft.VisualStudio.Services.TFS"
    },
    "Result": "succeeded",
    "SourceBranch": "refs/heads/master",
    "SourceVersion": "8f5312607938bc36dad7878e61ed5a1a9463d67f",
    "Repository": {
      "Id": "bc5a01cb-3b65-4983-8bd2-fd53fcd862a0",
      "Name": "IntraOffice-Service-Fabric"
    }
  },
  {
    "BuildNumber": "20200113.1",
    "Definition": {
      "Name": "SmsFunction Azure CI"
    },
    "StartTime": "2020-01-13T13:55:07.4017503Z",
    "FinishTime": "2020-01-13T13:58:07.0045698Z",
    "RequestedBy": {
      "DisplayName": "Microsoft.VisualStudio.Services.TFS"
    },
    "Result": "succeeded",
    "SourceBranch": "refs/heads/master",
    "SourceVersion": "3c9e36af9e6bfc0181ebf7f0da3ec18b6408dca4",
    "Repository": {
      "Id": "bc5a01cb-3b65-4983-8bd2-fd53fcd862a0",
      "Name": "IntraOffice-Service-Fabric"
    }
  },
  {
    "BuildNumber": "20200113.1",
    "Definition": {
      "Name": "AuditFunction Azure CI"
    },
    "StartTime": "2020-01-13T13:55:08.0690189Z",
    "FinishTime": "2020-01-13T13:57:44.5981145Z",
    "RequestedBy": {
      "DisplayName": "Microsoft.VisualStudio.Services.TFS"
    },
    "Result": "succeeded",
    "SourceBranch": "refs/heads/master",
    "SourceVersion": "3c9e36af9e6bfc0181ebf7f0da3ec18b6408dca4",
    "Repository": {
      "Id": "bc5a01cb-3b65-4983-8bd2-fd53fcd862a0",
      "Name": "IntraOffice-Service-Fabric"
    }
  },
  {
    "BuildNumber": "development-9.6.20010.2",
    "Definition": {
      "Name": "Version 9 Build"
    },
    "StartTime": "2020-01-10T15:07:05.7426682Z",
    "FinishTime": "2020-01-10T15:07:38.7797379Z",
    "RequestedBy": {
      "DisplayName": "Tjeerd de Haas"
    },
    "Result": "canceled",
    "SourceBranch": "refs/heads/development",
    "SourceVersion": "190696e4781d43d9cac1a2a7376be619356e571d",
    "Repository": {
      "Id": "7e06ad15-43b5-4281-b482-152cbd8e6e06",
      "Name": "IntraOffice"
    }
  },
  {
    "BuildNumber": "development-9.6.20010.1",
    "Definition": {
      "Name": "Version 9 Build"
    },
    "StartTime": "2020-01-10T12:54:24.9588511Z",
    "FinishTime": "2020-01-10T13:14:40.3475502Z",
    "RequestedBy": {
      "DisplayName": "Tjeerd de Haas"
    },
    "Result": "succeeded",
    "SourceBranch": "refs/heads/development",
    "SourceVersion": "27152ebc16758b3c02cbec3041bfc8537571ce9e",
    "Repository": {
      "Id": "7e06ad15-43b5-4281-b482-152cbd8e6e06",
      "Name": "IntraOffice"
    }
  },
  {
    "BuildNumber": "development-9.6.20010.2",
    "Definition": {
      "Name": "IntraOffice"
    },
    "StartTime": "2020-01-10T10:48:26.9066357Z",
    "FinishTime": "2020-01-10T11:00:54.5032582Z",
    "RequestedBy": {
      "DisplayName": "Roel de Regt"
    },
    "Result": "succeeded",
    "SourceBranch": "refs/heads/development",
    "SourceVersion": "27152ebc16758b3c02cbec3041bfc8537571ce9e",
    "Repository": {
      "Id": "7e06ad15-43b5-4281-b482-152cbd8e6e06",
      "Name": "IntraOffice"
    }
  },
  {
    "BuildNumber": "20200110.3",
    "Definition": {
      "Name": "SendGridReceiver - CI"
    },
    "StartTime": "2020-01-10T10:47:32.6139323Z",
    "FinishTime": "2020-01-10T10:51:18.5861226Z",
    "RequestedBy": {
      "DisplayName": "Microsoft.VisualStudio.Services.TFS"
    },
    "Result": "succeeded",
    "SourceBranch": "refs/heads/development",
    "SourceVersion": "27152ebc16758b3c02cbec3041bfc8537571ce9e",
    "Repository": {
      "Id": "7e06ad15-43b5-4281-b482-152cbd8e6e06",
      "Name": "IntraOffice"
    }
  },
  {
    "BuildNumber": "20200110.2",
    "Definition": {
      "Name": "SendGridReceiver - CI"
    },
    "StartTime": "2020-01-10T10:43:48.6593334Z",
    "FinishTime": "2020-01-10T10:47:16.8663239Z",
    "RequestedBy": {
      "DisplayName": "Microsoft.VisualStudio.Services.TFS"
    },
    "Result": "succeeded",
    "SourceBranch": "refs/heads/development",
    "SourceVersion": "e43b34d0ce49e59f4273e658d9b6a09b7dc7cd41",
    "Repository": {
      "Id": "7e06ad15-43b5-4281-b482-152cbd8e6e06",
      "Name": "IntraOffice"
    }
  },
  {
    "BuildNumber": "development-9.6.20010.1",
    "Definition": {
      "Name": "IntraOffice"
    },
    "StartTime": "2020-01-10T10:44:46.7966667Z",
    "FinishTime": "2020-01-10T10:44:46.7966667Z",
    "RequestedBy": {
      "DisplayName": "Corne Los"
    },
    "Result": "failed",
    "SourceBranch": "refs/heads/development",
    "SourceVersion": "e43b34d0ce49e59f4273e658d9b6a09b7dc7cd41",
    "Repository": {
      "Id": "7e06ad15-43b5-4281-b482-152cbd8e6e06",
      "Name": "IntraOffice"
    }
  },
  {
    "BuildNumber": "20200110.1",
    "Definition": {
      "Name": "SendGridReceiver - CI"
    },
    "StartTime": "2020-01-10T10:40:06.1466861Z",
    "FinishTime": "2020-01-10T10:43:34.7959632Z",
    "RequestedBy": {
      "DisplayName": "Microsoft.VisualStudio.Services.TFS"
    },
    "Result": "succeeded",
    "SourceBranch": "refs/heads/development",
    "SourceVersion": "c16509c888cbdc7f2d012f2bf6d36edfe5adbab4",
    "Repository": {
      "Id": "7e06ad15-43b5-4281-b482-152cbd8e6e06",
      "Name": "IntraOffice"
    }
  },
  {
    "BuildNumber": "9.2-9.2.20009.5",
    "Definition": {
      "Name": "Version 9 Build"
    },
    "StartTime": "2020-01-09T15:43:55.830267Z",
    "FinishTime": "2020-01-09T16:01:27.5200515Z",
    "RequestedBy": {
      "DisplayName": "Roel de Regt"
    },
    "Result": "succeeded",
    "SourceBranch": "refs/heads/Releases/9.2",
    "SourceVersion": "43e00d2eef1a75216180b60dc7322e865f867ad9",
    "Repository": {
      "Id": "7e06ad15-43b5-4281-b482-152cbd8e6e06",
      "Name": "IntraOffice"
    }
  },
  {
    "BuildNumber": "9.2-9.2.20009.4",
    "Definition": {
      "Name": "Version 9 Build"
    },
    "StartTime": "2020-01-09T15:09:35.703512Z",
    "FinishTime": "2020-01-09T15:25:50.8173565Z",
    "RequestedBy": {
      "DisplayName": "Roel de Regt"
    },
    "Result": "failed",
    "SourceBranch": "refs/heads/Releases/9.2",
    "SourceVersion": "43e00d2eef1a75216180b60dc7322e865f867ad9",
    "Repository": {
      "Id": "7e06ad15-43b5-4281-b482-152cbd8e6e06",
      "Name": "IntraOffice"
    }
  },
  {
    "BuildNumber": "9.2-9.2.20009.3",
    "Definition": {
      "Name": "Version 9 Build"
    },
    "StartTime": "2020-01-09T14:42:05.2186844Z",
    "FinishTime": "2020-01-09T14:43:58.2061071Z",
    "RequestedBy": {
      "DisplayName": "Roel de Regt"
    },
    "Result": "failed",
    "SourceBranch": "refs/heads/Releases/9.2",
    "SourceVersion": "aa2322336e769a65c4099b30fe3e8e95e5815e20",
    "Repository": {
      "Id": "7e06ad15-43b5-4281-b482-152cbd8e6e06",
      "Name": "IntraOffice"
    }
  },
  {
    "BuildNumber": "9.2-9.6.20009.2",
    "Definition": {
      "Name": "Version 9 Build"
    },
    "StartTime": "2020-01-09T14:41:15.7399412Z",
    "FinishTime": "2020-01-09T14:41:35.6643111Z",
    "RequestedBy": {
      "DisplayName": "Roel de Regt"
    },
    "Result": "canceled",
    "SourceBranch": "refs/heads/Releases/9.2",
    "SourceVersion": "aa2322336e769a65c4099b30fe3e8e95e5815e20",
    "Repository": {
      "Id": "7e06ad15-43b5-4281-b482-152cbd8e6e06",
      "Name": "IntraOffice"
    }
  },
  {
    "BuildNumber": "9.2-9.2.20009.2",
    "Definition": {
      "Name": "Version 9 Build"
    },
    "StartTime": "2020-01-09T14:30:53.8647192Z",
    "FinishTime": "2020-01-09T14:33:13.5951028Z",
    "RequestedBy": {
      "DisplayName": "Roel de Regt"
    },
    "Result": "failed",
    "SourceBranch": "refs/heads/Releases/9.2",
    "SourceVersion": "aa2322336e769a65c4099b30fe3e8e95e5815e20",
    "Repository": {
      "Id": "7e06ad15-43b5-4281-b482-152cbd8e6e06",
      "Name": "IntraOffice"
    }
  },
  {
    "BuildNumber": "9.2-9.2.20009.1",
    "Definition": {
      "Name": "Version 9 Build"
    },
    "StartTime": "2020-01-09T14:13:26.5003201Z",
    "FinishTime": "2020-01-09T14:13:26.5003201Z",
    "RequestedBy": {
      "DisplayName": "Roel de Regt"
    },
    "Result": "canceled",
    "SourceBranch": "refs/heads/Releases/9.2",
    "SourceVersion": "aa2322336e769a65c4099b30fe3e8e95e5815e20",
    "Repository": {
      "Id": "7e06ad15-43b5-4281-b482-152cbd8e6e06",
      "Name": "IntraOffice"
    }
  },
  {
    "BuildNumber": "9.2-9.6.20009.1",
    "Definition": {
      "Name": "Version 9 Build"
    },
    "StartTime": "2020-01-09T14:08:42.2324804Z",
    "FinishTime": "2020-01-09T14:08:52.5394575Z",
    "RequestedBy": {
      "DisplayName": "Roel de Regt"
    },
    "Result": "canceled",
    "SourceBranch": "refs/heads/Releases/9.2",
    "SourceVersion": "aa2322336e769a65c4099b30fe3e8e95e5815e20",
    "Repository": {
      "Id": "7e06ad15-43b5-4281-b482-152cbd8e6e06",
      "Name": "IntraOffice"
    }
  },
  {
    "BuildNumber": "20200108.2",
    "Definition": {
      "Name": "SendGridReceiver - CI"
    },
    "StartTime": "2020-01-08T13:17:30.3451144Z",
    "FinishTime": "2020-01-08T13:20:54.383574Z",
    "RequestedBy": {
      "DisplayName": "Microsoft.VisualStudio.Services.TFS"
    },
    "Result": "succeeded",
    "SourceBranch": "refs/heads/development",
    "SourceVersion": "ea71ee30f66f5cda4faea84017a2b18d8f735542",
    "Repository": {
      "Id": "7e06ad15-43b5-4281-b482-152cbd8e6e06",
      "Name": "IntraOffice"
    }
  },
  {
    "BuildNumber": "20200108.1",
    "Definition": {
      "Name": "SendGridReceiver - CI"
    },
    "StartTime": "2020-01-08T13:09:39.1163813Z",
    "FinishTime": "2020-01-08T13:12:46.0181008Z",
    "RequestedBy": {
      "DisplayName": "Microsoft.VisualStudio.Services.TFS"
    },
    "Result": "succeeded",
    "SourceBranch": "refs/heads/development",
    "SourceVersion": "bc957e3d65a906ad752b2d4bab48087dd4cfc854",
    "Repository": {
      "Id": "7e06ad15-43b5-4281-b482-152cbd8e6e06",
      "Name": "IntraOffice"
    }
  },
  {
    "BuildNumber": "multilingual-10.0.20007.4",
    "Definition": {
      "Name": "IntraOffice-Routing"
    },
    "StartTime": "2020-01-07T16:20:08.6752313Z",
    "FinishTime": "2020-01-07T16:27:35.1141096Z",
    "RequestedBy": {
      "DisplayName": "Roel de Regt"
    },
    "Result": "succeeded",
    "SourceBranch": "refs/heads/multilingual",
    "SourceVersion": "0c282933dc38fd854fea91fd0e52c79a1eda3163",
    "Repository": {
      "Id": "e71ab3fa-2e72-469c-b58e-ce8cd3f6795b",
      "Name": "IntraOffice-Routing"
    }
  },
  {
    "BuildNumber": "multilingual-10.0.20007.3",
    "Definition": {
      "Name": "IntraOffice-Routing"
    },
    "StartTime": "2020-01-07T15:26:03.5908208Z",
    "FinishTime": "2020-01-07T15:34:27.1176577Z",
    "RequestedBy": {
      "DisplayName": "Roel de Regt"
    },
    "Result": "succeeded",
    "SourceBranch": "refs/heads/multilingual",
    "SourceVersion": "34eb32710865aea288fc864292591e25b83c0c1e",
    "Repository": {
      "Id": "e71ab3fa-2e72-469c-b58e-ce8cd3f6795b",
      "Name": "IntraOffice-Routing"
    }
  },
  {
    "BuildNumber": "multilingual-10.0.20007.2",
    "Definition": {
      "Name": "IntraOffice-Routing"
    },
    "StartTime": "2020-01-07T14:58:36.8971374Z",
    "FinishTime": "2020-01-07T15:05:25.2483498Z",
    "RequestedBy": {
      "DisplayName": "Roel de Regt"
    },
    "Result": "succeeded",
    "SourceBranch": "refs/heads/multilingual",
    "SourceVersion": "40f0638a4a5c94f5386a26889a78c4fa879627d0",
    "Repository": {
      "Id": "e71ab3fa-2e72-469c-b58e-ce8cd3f6795b",
      "Name": "IntraOffice-Routing"
    }
  },
  {
    "BuildNumber": "multilingual-10.0.20007.1",
    "Definition": {
      "Name": "IntraOffice-Routing"
    },
    "StartTime": "2020-01-07T13:56:12.9046385Z",
    "FinishTime": "2020-01-07T14:03:57.8030819Z",
    "RequestedBy": {
      "DisplayName": "Roel de Regt"
    },
    "Result": "succeeded",
    "SourceBranch": "refs/heads/multilingual",
    "SourceVersion": "621e94c5226714cd4e76df2c82c4fa1ecbf88c57",
    "Repository": {
      "Id": "e71ab3fa-2e72-469c-b58e-ce8cd3f6795b",
      "Name": "IntraOffice-Routing"
    }
  },
  {
    "BuildNumber": "20200107.1",
    "Definition": {
      "Name": "IntraOffice2018 CI Build (Master)"
    },
    "StartTime": "2020-01-07T09:23:37.7014998Z",
    "FinishTime": "2020-01-07T09:32:29.0422876Z",
    "RequestedBy": {
      "DisplayName": "Microsoft.VisualStudio.Services.TFS"
    },
    "Result": "succeeded",
    "SourceBranch": "refs/heads/master",
    "SourceVersion": "f2423784442c02c576a76a603f5f74daf2ee8f33",
    "Repository": {
      "Id": "4d45f1cb-3e01-4fcb-aac0-f7b35c5f3a0c",
      "Name": "IntraOffice2018"
    }
  },
  {
    "BuildNumber": "20200107.2",
    "Definition": {
      "Name": "Identity Server"
    },
    "StartTime": "2020-01-07T09:24:12.1498921Z",
    "FinishTime": "2020-01-07T09:25:50.9796392Z",
    "RequestedBy": {
      "DisplayName": "Tjeerd de Haas"
    },
    "Result": "succeeded",
    "SourceBranch": "refs/heads/master",
    "SourceVersion": "f2423784442c02c576a76a603f5f74daf2ee8f33",
    "Repository": {
      "Id": "4d45f1cb-3e01-4fcb-aac0-f7b35c5f3a0c",
      "Name": "IntraOffice2018"
    }
  },
  {
    "BuildNumber": "20200107.1",
    "Definition": {
      "Name": "Identity Server"
    },
    "StartTime": "2020-01-07T08:38:34.8204408Z",
    "FinishTime": "2020-01-07T08:41:50.4107642Z",
    "RequestedBy": {
      "DisplayName": "Tjeerd de Haas"
    },
    "Result": "succeeded",
    "SourceBranch": "refs/heads/master",
    "SourceVersion": "1321ee94749490b9f3ae2eb764b4ddd5551158b0",
    "Repository": {
      "Id": "4d45f1cb-3e01-4fcb-aac0-f7b35c5f3a0c",
      "Name": "IntraOffice2018"
    }
  },
  {
    "BuildNumber": "20200106.1",
    "Definition": {
      "Name": "IntraOffice2018 CI Build (Master)"
    },
    "StartTime": "2020-01-06T14:44:46.3734412Z",
    "FinishTime": "2020-01-06T14:53:39.5222813Z",
    "RequestedBy": {
      "DisplayName": "Microsoft.VisualStudio.Services.TFS"
    },
    "Result": "succeeded",
    "SourceBranch": "refs/heads/master",
    "SourceVersion": "1321ee94749490b9f3ae2eb764b4ddd5551158b0",
    "Repository": {
      "Id": "4d45f1cb-3e01-4fcb-aac0-f7b35c5f3a0c",
      "Name": "IntraOffice2018"
    }
  },
  {
    "BuildNumber": "20200106.1",
    "Definition": {
      "Name": "EnvelopesRegister CI Build (Development)"
    },
    "StartTime": "2020-01-06T13:35:39.7194665Z",
    "FinishTime": "2020-01-06T13:40:04.49261Z",
    "RequestedBy": {
      "DisplayName": "Microsoft.VisualStudio.Services.TFS"
    },
    "Result": "succeeded",
    "SourceBranch": "refs/heads/development",
    "SourceVersion": "abbf5e78b3bbc858f48da15ab00b9a9586806ee3",
    "Repository": {
      "Id": "af0ffbfd-f163-4846-89e3-3e3f27f7a2e1",
      "Name": "EnvelopesRegister"
    }
  },
  {
    "BuildNumber": "development-9.6.20006.3",
    "Definition": {
      "Name": "Version 9 Build"
    },
    "StartTime": "2020-01-06T11:23:55.1663073Z",
    "FinishTime": "2020-01-06T11:26:13.6725016Z",
    "RequestedBy": {
      "DisplayName": "Tjeerd de Haas"
    },
    "Result": "failed",
    "SourceBranch": "refs/heads/development",
    "SourceVersion": "53c260c01b3195ff33c5684237ca3d4ac7b953b2",
    "Repository": {
      "Id": "7e06ad15-43b5-4281-b482-152cbd8e6e06",
      "Name": "IntraOffice"
    }
  },
  {
    "BuildNumber": "development-9.6.20006.2",
    "Definition": {
      "Name": "Version 9 Build"
    },
    "StartTime": "2020-01-06T11:23:39.0456867Z",
    "FinishTime": "2020-01-06T11:23:39.0456867Z",
    "RequestedBy": {
      "DisplayName": "Tjeerd de Haas"
    },
    "Result": "canceled",
    "SourceBranch": "refs/heads/development",
    "SourceVersion": "53c260c01b3195ff33c5684237ca3d4ac7b953b2",
    "Repository": {
      "Id": "7e06ad15-43b5-4281-b482-152cbd8e6e06",
      "Name": "IntraOffice"
    }
  },
  {
    "BuildNumber": "development-9.6.20006.1",
    "Definition": {
      "Name": "Version 9 Build"
    },
    "StartTime": "2020-01-06T11:20:31.4749078Z",
    "FinishTime": "2020-01-06T11:20:31.4749078Z",
    "RequestedBy": {
      "DisplayName": "Tjeerd de Haas"
    },
    "Result": "canceled",
    "SourceBranch": "refs/heads/development",
    "SourceVersion": "53c260c01b3195ff33c5684237ca3d4ac7b953b2",
    "Repository": {
      "Id": "7e06ad15-43b5-4281-b482-152cbd8e6e06",
      "Name": "IntraOffice"
    }
  },
  {
    "BuildNumber": "20200106.1",
    "Definition": {
      "Name": "AuditFunction Azure CI"
    },
    "StartTime": "2020-01-06T09:17:11.4895328Z",
    "FinishTime": "2020-01-06T09:20:04.1902807Z",
    "RequestedBy": {
      "DisplayName": "Microsoft.VisualStudio.Services.TFS"
    },
    "Result": "succeeded",
    "SourceBranch": "refs/heads/master",
    "SourceVersion": "e2a97c4e76cb900733046b95971c37e8e012be8d",
    "Repository": {
      "Id": "bc5a01cb-3b65-4983-8bd2-fd53fcd862a0",
      "Name": "IntraOffice-Service-Fabric"
    }
  },
  {
    "BuildNumber": "20200106.1",
    "Definition": {
      "Name": "SmsFunction Azure CI"
    },
    "StartTime": "2020-01-06T09:17:09.5245182Z",
    "FinishTime": "2020-01-06T09:20:02.9478665Z",
    "RequestedBy": {
      "DisplayName": "Microsoft.VisualStudio.Services.TFS"
    },
    "Result": "succeeded",
    "SourceBranch": "refs/heads/master",
    "SourceVersion": "e2a97c4e76cb900733046b95971c37e8e012be8d",
    "Repository": {
      "Id": "bc5a01cb-3b65-4983-8bd2-fd53fcd862a0",
      "Name": "IntraOffice-Service-Fabric"
    }
  },
  {
    "BuildNumber": "20200103.1",
    "Definition": {
      "Name": "EnvelopesRegister CI Build (Development)"
    },
    "StartTime": "2020-01-03T09:04:02.2631995Z",
    "FinishTime": "2020-01-03T09:07:44.7600647Z",
    "RequestedBy": {
      "DisplayName": "Microsoft.VisualStudio.Services.TFS"
    },
    "Result": "succeeded",
    "SourceBranch": "refs/heads/development",
    "SourceVersion": "c7d11cab01aae150969d46cfc4124da74954b86f",
    "Repository": {
      "Id": "af0ffbfd-f163-4846-89e3-3e3f27f7a2e1",
      "Name": "EnvelopesRegister"
    }
  },
  {
    "BuildNumber": "20200102.2",
    "Definition": {
      "Name": "Nuget CI Build (Development)"
    },
    "StartTime": "2020-01-02T14:33:22.6843842Z",
    "FinishTime": "2020-01-02T14:48:55.1929544Z",
    "RequestedBy": {
      "DisplayName": "Microsoft.VisualStudio.Services.TFS"
    },
    "Result": "succeeded",
    "SourceBranch": "refs/heads/development",
    "SourceVersion": "a679564058cec2983dee73a85a77e73abf683725",
    "Repository": {
      "Id": "1878cfcc-dbbf-45d8-b1b2-d3aea2d079b6",
      "Name": "Nuget"
    }
  },
  {
    "BuildNumber": "20200102.2",
    "Definition": {
      "Name": "EnvelopesRegister CI Build (Development)"
    },
    "StartTime": "2020-01-02T14:24:09.3409801Z",
    "FinishTime": "2020-01-02T14:27:53.4716263Z",
    "RequestedBy": {
      "DisplayName": "Microsoft.VisualStudio.Services.TFS"
    },
    "Result": "succeeded",
    "SourceBranch": "refs/heads/development",
    "SourceVersion": "9a137dc1e2138047f19776557962018eb42aa41c",
    "Repository": {
      "Id": "af0ffbfd-f163-4846-89e3-3e3f27f7a2e1",
      "Name": "EnvelopesRegister"
    }
  },
  {
    "BuildNumber": "20200102.1",
    "Definition": {
      "Name": "SendGridReceiver - CI"
    },
    "StartTime": "2020-01-02T10:23:02.2660411Z",
    "FinishTime": "2020-01-02T10:26:04.064516Z",
    "RequestedBy": {
      "DisplayName": "Microsoft.VisualStudio.Services.TFS"
    },
    "Result": "succeeded",
    "SourceBranch": "refs/heads/development",
    "SourceVersion": "53c260c01b3195ff33c5684237ca3d4ac7b953b2",
    "Repository": {
      "Id": "7e06ad15-43b5-4281-b482-152cbd8e6e06",
      "Name": "IntraOffice"
    }
  },
  {
    "BuildNumber": "20200102.1",
    "Definition": {
      "Name": "Nuget CI Build (Master)"
    },
    "StartTime": "2020-01-02T09:44:56.1718103Z",
    "FinishTime": "2020-01-02T09:59:57.1479091Z",
    "RequestedBy": {
      "DisplayName": "Microsoft.VisualStudio.Services.TFS"
    },
    "Result": "succeeded",
    "SourceBranch": "refs/heads/master",
    "SourceVersion": "4ddf3c61fa8714b2cca83806dd1353f6c3d42fc8",
    "Repository": {
      "Id": "1878cfcc-dbbf-45d8-b1b2-d3aea2d079b6",
      "Name": "Nuget"
    }
  },
  {
    "BuildNumber": "20200102.1",
    "Definition": {
      "Name": "Nuget CI Build (Development)"
    },
    "StartTime": "2020-01-02T09:06:27.0345895Z",
    "FinishTime": "2020-01-02T09:20:49.0026106Z",
    "RequestedBy": {
      "DisplayName": "Microsoft.VisualStudio.Services.TFS"
    },
    "Result": "succeeded",
    "SourceBranch": "refs/heads/development",
    "SourceVersion": "4ddf3c61fa8714b2cca83806dd1353f6c3d42fc8",
    "Repository": {
      "Id": "1878cfcc-dbbf-45d8-b1b2-d3aea2d079b6",
      "Name": "Nuget"
    }
  },
  {
    "BuildNumber": "20200102.1",
    "Definition": {
      "Name": "EnvelopesRegister CI Build (Development)"
    },
    "StartTime": "2020-01-02T09:11:59.3901455Z",
    "FinishTime": "2020-01-02T09:16:00.6185916Z",
    "RequestedBy": {
      "DisplayName": "Microsoft.VisualStudio.Services.TFS"
    },
    "Result": "succeeded",
    "SourceBranch": "refs/heads/development",
    "SourceVersion": "f9d41adccfafca71cb19251fe98cb84df3652b1d",
    "Repository": {
      "Id": "af0ffbfd-f163-4846-89e3-3e3f27f7a2e1",
      "Name": "EnvelopesRegister"
    }
  },
  {
    "BuildNumber": "master-10.0.19351.1",
    "Definition": {
      "Name": "IntraOffice-Content-Repository"
    },
    "StartTime": "2019-12-17T12:47:40.1382228Z",
    "FinishTime": "2019-12-31T12:50:29.2754835Z",
    "RequestedBy": {
      "DisplayName": "Roel de Regt"
    },
    "Result": "failed",
    "SourceBranch": "refs/heads/master",
    "SourceVersion": "6326fcc6bcf016cbee4e5369f45c9552336003f6",
    "Repository": {
      "Id": "6525cebf-c7df-4ba3-b01a-265613861b33",
      "Name": "IntraOffice-Content-Repository"
    }
  },
  {
    "BuildNumber": "20191230.1",
    "Definition": {
      "Name": "SendGridReceiver - CI"
    },
    "StartTime": "2019-12-30T10:52:14.7789225Z",
    "FinishTime": "2019-12-30T10:55:04.4373285Z",
    "RequestedBy": {
      "DisplayName": "Microsoft.VisualStudio.Services.TFS"
    },
    "Result": "succeeded",
    "SourceBranch": "refs/heads/development",
    "SourceVersion": "a27e5465a76255f56f3898b26a7bf38de6bc3f01",
    "Repository": {
      "Id": "7e06ad15-43b5-4281-b482-152cbd8e6e06",
      "Name": "IntraOffice"
    }
  },
  {
    "BuildNumber": "20191224.3",
    "Definition": {
      "Name": "IntraOffice-Routing-Portal"
    },
    "StartTime": "2019-12-24T07:45:03.1185473Z",
    "FinishTime": "2019-12-24T07:50:52.2683953Z",
    "RequestedBy": {
      "DisplayName": "Corne Los"
    },
    "Result": "succeeded",
    "SourceBranch": "refs/heads/master",
    "SourceVersion": "24c84e79d113efa29cf5fe85ee35b8b1307aa53b",
    "Repository": {
      "Id": "d353a231-91e0-48ab-8129-e376e016e0dd",
      "Name": "IntraOffice-Routing-Portal"
    }
  },
  {
    "BuildNumber": "20191224.2",
    "Definition": {
      "Name": "IntraOffice-Routing-Portal"
    },
    "StartTime": "2019-12-24T07:30:26.3284327Z",
    "FinishTime": "2019-12-24T07:37:18.7614134Z",
    "RequestedBy": {
      "DisplayName": "Corne Los"
    },
    "Result": "succeeded",
    "SourceBranch": "refs/heads/master",
    "SourceVersion": "22d81bb7ddaa827d2edb36d954148908cca46b40",
    "Repository": {
      "Id": "d353a231-91e0-48ab-8129-e376e016e0dd",
      "Name": "IntraOffice-Routing-Portal"
    }
  },
  {
    "BuildNumber": "20191223.15",
    "Definition": {
      "Name": "IntraOffice-Routing-Portal"
    },
    "StartTime": "2019-12-23T16:04:42.4925301Z",
    "FinishTime": "2019-12-23T16:05:57.822471Z",
    "RequestedBy": {
      "DisplayName": "Corne Los"
    },
    "Result": "succeeded",
    "SourceBranch": "refs/heads/master",
    "SourceVersion": "134629390917ce7261eb9bc4c8b7a907a668a768",
    "Repository": {
      "Id": "d353a231-91e0-48ab-8129-e376e016e0dd",
      "Name": "IntraOffice-Routing-Portal"
    }
  },
  {
    "BuildNumber": "20191223.1",
    "Definition": {
      "Name": "SendGridReceiver - CI"
    },
    "StartTime": "2019-12-23T13:30:34.7527755Z",
    "FinishTime": "2019-12-23T13:33:27.775026Z",
    "RequestedBy": {
      "DisplayName": "Microsoft.VisualStudio.Services.TFS"
    },
    "Result": "succeeded",
    "SourceBranch": "refs/heads/development",
    "SourceVersion": "2a3346b5a508a57f8140a61fffbad89017954a71",
    "Repository": {
      "Id": "7e06ad15-43b5-4281-b482-152cbd8e6e06",
      "Name": "IntraOffice"
    }
  },
  {
    "BuildNumber": "master-10.0.19354.13",
    "Definition": {
      "Name": "IntraOffice-Routing"
    },
    "StartTime": "2019-12-20T15:20:48.4339675Z",
    "FinishTime": "2019-12-20T15:27:11.0311676Z",
    "RequestedBy": {
      "DisplayName": "Corne Los"
    },
    "Result": "succeeded",
    "SourceBranch": "refs/heads/master",
    "SourceVersion": "d6bea51b59da86f8e5ccc1abf3a947c0cc0036de",
    "Repository": {
      "Id": "e71ab3fa-2e72-469c-b58e-ce8cd3f6795b",
      "Name": "IntraOffice-Routing"
    }
  },
  {
    "BuildNumber": "master-10.0.19354.7",
    "Definition": {
      "Name": "IntraOffice-Routing"
    },
    "StartTime": "2019-12-20T13:12:21.4160316Z",
    "FinishTime": "2019-12-20T13:19:15.9264282Z",
    "RequestedBy": {
      "DisplayName": "Corne Los"
    },
    "Result": "succeeded",
    "SourceBranch": "refs/heads/master",
    "SourceVersion": "bfb88ae8fe93fa240d54d3cd818099feaf9a5960",
    "Repository": {
      "Id": "e71ab3fa-2e72-469c-b58e-ce8cd3f6795b",
      "Name": "IntraOffice-Routing"
    }
  },
  {
    "BuildNumber": "master-10.0.19354.6",
    "Definition": {
      "Name": "IntraOffice-Routing"
    },
    "StartTime": "2019-12-20T10:51:33.6242178Z",
    "FinishTime": "2019-12-20T10:57:32.9068324Z",
    "RequestedBy": {
      "DisplayName": "Corne Los"
    },
    "Result": "succeeded",
    "SourceBranch": "refs/heads/master",
    "SourceVersion": "f70c36a929bc0fad3997d42da3bda2f125495b2b",
    "Repository": {
      "Id": "e71ab3fa-2e72-469c-b58e-ce8cd3f6795b",
      "Name": "IntraOffice-Routing"
    }
  },
  {
    "BuildNumber": "20191218.3",
    "Definition": {
      "Name": "SendGridReceiver - CI"
    },
    "StartTime": "2019-12-18T14:41:44.1607274Z",
    "FinishTime": "2019-12-18T14:45:59.4209846Z",
    "RequestedBy": {
      "DisplayName": "Microsoft.VisualStudio.Services.TFS"
    },
    "Result": "succeeded",
    "SourceBranch": "refs/heads/development",
    "SourceVersion": "93c9099a305c0443c896567fe435d52b849a281c",
    "Repository": {
      "Id": "7e06ad15-43b5-4281-b482-152cbd8e6e06",
      "Name": "IntraOffice"
    }
  },
  {
    "BuildNumber": "20191218.2",
    "Definition": {
      "Name": "SendGridReceiver - CI"
    },
    "StartTime": "2019-12-18T13:34:36.0683123Z",
    "FinishTime": "2019-12-18T13:37:58.1284802Z",
    "RequestedBy": {
      "DisplayName": "Microsoft.VisualStudio.Services.TFS"
    },
    "Result": "succeeded",
    "SourceBranch": "refs/heads/development",
    "SourceVersion": "dee2d97d48357f93568a8534074f7934b44e4045",
    "Repository": {
      "Id": "7e06ad15-43b5-4281-b482-152cbd8e6e06",
      "Name": "IntraOffice"
    }
  },
  {
    "BuildNumber": "20191218.1",
    "Definition": {
      "Name": "SendGridReceiver - CI"
    },
    "StartTime": "2019-12-18T10:58:45.8956423Z",
    "FinishTime": "2019-12-18T11:01:39.7316812Z",
    "RequestedBy": {
      "DisplayName": "Microsoft.VisualStudio.Services.TFS"
    },
    "Result": "succeeded",
    "SourceBranch": "refs/heads/development",
    "SourceVersion": "2fbf60ea380b904d2f5ea4431d1de47c8c668220",
    "Repository": {
      "Id": "7e06ad15-43b5-4281-b482-152cbd8e6e06",
      "Name": "IntraOffice"
    }
  },
  {
    "BuildNumber": "20191217.4",
    "Definition": {
      "Name": "SendGridReceiver - CI"
    },
    "StartTime": "2019-12-17T16:17:21.9796222Z",
    "FinishTime": "2019-12-17T16:20:11.1249144Z",
    "RequestedBy": {
      "DisplayName": "Microsoft.VisualStudio.Services.TFS"
    },
    "Result": "succeeded",
    "SourceBranch": "refs/heads/development",
    "SourceVersion": "b923da80bc67b25751cad49ed9ed9a1dbb380943",
    "Repository": {
      "Id": "7e06ad15-43b5-4281-b482-152cbd8e6e06",
      "Name": "IntraOffice"
    }
  },
  {
    "BuildNumber": "20191217.3",
    "Definition": {
      "Name": "SendGridReceiver - CI"
    },
    "StartTime": "2019-12-17T15:42:50.9601314Z",
    "FinishTime": "2019-12-17T15:45:25.6908706Z",
    "RequestedBy": {
      "DisplayName": "Microsoft.VisualStudio.Services.TFS"
    },
    "Result": "succeeded",
    "SourceBranch": "refs/heads/development",
    "SourceVersion": "c3658581b0b07cf8458f8d558c55c819fa6c189b",
    "Repository": {
      "Id": "7e06ad15-43b5-4281-b482-152cbd8e6e06",
      "Name": "IntraOffice"
    }
  },
  {
    "BuildNumber": "20191217.2",
    "Definition": {
      "Name": "SendGridReceiver - CI"
    },
    "StartTime": "2019-12-17T15:36:53.8909445Z",
    "FinishTime": "2019-12-17T15:39:58.6627904Z",
    "RequestedBy": {
      "DisplayName": "Microsoft.VisualStudio.Services.TFS"
    },
    "Result": "succeeded",
    "SourceBranch": "refs/heads/development",
    "SourceVersion": "b9fe617b24515675babcbc40ca3494833f3d6520",
    "Repository": {
      "Id": "7e06ad15-43b5-4281-b482-152cbd8e6e06",
      "Name": "IntraOffice"
    }
  },
  {
    "BuildNumber": "20191217.1",
    "Definition": {
      "Name": "SendGridReceiver - CI"
    },
    "StartTime": "2019-12-17T13:56:30.8260989Z",
    "FinishTime": "2019-12-17T13:59:36.9539425Z",
    "RequestedBy": {
      "DisplayName": "Microsoft.VisualStudio.Services.TFS"
    },
    "Result": "succeeded",
    "SourceBranch": "refs/heads/development",
    "SourceVersion": "87a7141d0a69246c700d4d03287159318b8a60ed",
    "Repository": {
      "Id": "7e06ad15-43b5-4281-b482-152cbd8e6e06",
      "Name": "IntraOffice"
    }
  },
  {
    "BuildNumber": "20191216.1",
    "Definition": {
      "Name": "SendGridReceiver - CI"
    },
    "StartTime": "2019-12-16T16:10:14.1073618Z",
    "FinishTime": "2019-12-16T16:13:09.919024Z",
    "RequestedBy": {
      "DisplayName": "Microsoft.VisualStudio.Services.TFS"
    },
    "Result": "succeeded",
    "SourceBranch": "refs/heads/development",
    "SourceVersion": "6f0fbfc32e35a2db05af86032adeed289ac81802",
    "Repository": {
      "Id": "7e06ad15-43b5-4281-b482-152cbd8e6e06",
      "Name": "IntraOffice"
    }
  },
  {
    "BuildNumber": "master-9.6.19350.2",
    "Definition": {
      "Name": "IntraOffice"
    },
    "StartTime": "2019-12-16T13:42:05.7798894Z",
    "FinishTime": "2019-12-16T14:01:08.5511229Z",
    "RequestedBy": {
      "DisplayName": "Roel de Regt"
    },
    "Result": "succeeded",
    "SourceBranch": "refs/heads/master",
    "SourceVersion": "b94630a7e411c3469d27b44668bbbab2c61562d2",
    "Repository": {
      "Id": "7e06ad15-43b5-4281-b482-152cbd8e6e06",
      "Name": "IntraOffice"
    }
  },
  {
    "BuildNumber": "20191213.2",
    "Definition": {
      "Name": "SendGridReceiver - CI"
    },
    "StartTime": "2019-12-13T15:00:36.4709406Z",
    "FinishTime": "2019-12-13T15:03:25.6375342Z",
    "RequestedBy": {
      "DisplayName": "Microsoft.VisualStudio.Services.TFS"
    },
    "Result": "succeeded",
    "SourceBranch": "refs/heads/development",
    "SourceVersion": "be7a14884e4a837c37458e356b40512b6aecc66c",
    "Repository": {
      "Id": "7e06ad15-43b5-4281-b482-152cbd8e6e06",
      "Name": "IntraOffice"
    }
  },
  {
    "BuildNumber": "20191213.1",
    "Definition": {
      "Name": "SendGridReceiver - CI"
    },
    "StartTime": "2019-12-13T14:27:43.988379Z",
    "FinishTime": "2019-12-13T14:30:19.2845192Z",
    "RequestedBy": {
      "DisplayName": "Microsoft.VisualStudio.Services.TFS"
    },
    "Result": "succeeded",
    "SourceBranch": "refs/heads/development",
    "SourceVersion": "e5da48d07c781606b13c53043517d38b97000eab",
    "Repository": {
      "Id": "7e06ad15-43b5-4281-b482-152cbd8e6e06",
      "Name": "IntraOffice"
    }
  },
  {
    "BuildNumber": "20191212.1",
    "Definition": {
      "Name": "SendGridReceiver - CI"
    },
    "StartTime": "2019-12-12T14:23:54.0946357Z",
    "FinishTime": "2019-12-12T14:26:58.3770179Z",
    "RequestedBy": {
      "DisplayName": "Microsoft.VisualStudio.Services.TFS"
    },
    "Result": "succeeded",
    "SourceBranch": "refs/heads/development",
    "SourceVersion": "ab913ea7277694648d0e49e11e6afec52f16e93b",
    "Repository": {
      "Id": "7e06ad15-43b5-4281-b482-152cbd8e6e06",
      "Name": "IntraOffice"
    }
  },
  {
    "BuildNumber": "20191211.1",
    "Definition": {
      "Name": "Document API Release Build"
    },
    "StartTime": "2019-12-11T10:43:32.8078023Z",
    "FinishTime": "2019-12-11T10:48:18.7739992Z",
    "RequestedBy": {
      "DisplayName": "Mikhail.Tchesnokov"
    },
    "Result": "succeeded",
    "SourceBranch": "refs/heads/master",
    "SourceVersion": "ee4949908db031009aecab60d734c515104dcc68",
    "Repository": {
      "Id": "7efd6a07-8775-4f55-a233-c53439f63453",
      "Name": "DocumentApi"
    }
  },
  {
    "BuildNumber": "20191211.1",
    "Definition": {
      "Name": "DocumentApi CI Build (Master)"
    },
    "StartTime": "2019-12-11T10:23:27.1839981Z",
    "FinishTime": "2019-12-11T10:32:34.2187828Z",
    "RequestedBy": {
      "DisplayName": "Microsoft.VisualStudio.Services.TFS"
    },
    "Result": "succeeded",
    "SourceBranch": "refs/heads/master",
    "SourceVersion": "ee4949908db031009aecab60d734c515104dcc68",
    "Repository": {
      "Id": "7efd6a07-8775-4f55-a233-c53439f63453",
      "Name": "DocumentApi"
    }
  },
  {
    "BuildNumber": "20191211.1",
    "Definition": {
      "Name": "DocumentApi CI Build (Development)"
    },
    "StartTime": "2019-12-11T10:08:02.8437994Z",
    "FinishTime": "2019-12-11T10:17:07.7038552Z",
    "RequestedBy": {
      "DisplayName": "Microsoft.VisualStudio.Services.TFS"
    },
    "Result": "succeeded",
    "SourceBranch": "refs/heads/development",
    "SourceVersion": "d6c033aeb137be1838a20f5bb497494e0b63e57c",
    "Repository": {
      "Id": "7efd6a07-8775-4f55-a233-c53439f63453",
      "Name": "DocumentApi"
    }
  },
  {
    "BuildNumber": "20191209.1",
    "Definition": {
      "Name": "IntraOffice2018 CI Build (Master)"
    },
    "StartTime": "2019-12-09T12:22:08.3846553Z",
    "FinishTime": "2019-12-09T12:30:57.3351534Z",
    "RequestedBy": {
      "DisplayName": "Microsoft.VisualStudio.Services.TFS"
    },
    "Result": "succeeded",
    "SourceBranch": "refs/heads/master",
    "SourceVersion": "e9fa5032acf44cc3e27b2bee18c3b818e410c23a",
    "Repository": {
      "Id": "4d45f1cb-3e01-4fcb-aac0-f7b35c5f3a0c",
      "Name": "IntraOffice2018"
    }
  },
  {
    "BuildNumber": "20191209.1",
    "Definition": {
      "Name": "Identity Server"
    },
    "StartTime": "2019-12-09T12:22:44.9146888Z",
    "FinishTime": "2019-12-09T12:27:27.1410109Z",
    "RequestedBy": {
      "DisplayName": "Tjeerd de Haas"
    },
    "Result": "succeeded",
    "SourceBranch": "refs/heads/master",
    "SourceVersion": "e9fa5032acf44cc3e27b2bee18c3b818e410c23a",
    "Repository": {
      "Id": "4d45f1cb-3e01-4fcb-aac0-f7b35c5f3a0c",
      "Name": "IntraOffice2018"
    }
  },
  {
    "BuildNumber": "20191209.1",
    "Definition": {
      "Name": "EnvelopesRegister Release Build"
    },
    "StartTime": "2019-12-09T08:36:37.813368Z",
    "FinishTime": "2019-12-09T08:43:59.8814103Z",
    "RequestedBy": {
      "DisplayName": "Mikhail.Tchesnokov"
    },
    "Result": "succeeded",
    "SourceBranch": "refs/heads/master",
    "SourceVersion": "a21e90cd6a2d1c69f7b37513c795465bdab91a98",
    "Repository": {
      "Id": "af0ffbfd-f163-4846-89e3-3e3f27f7a2e1",
      "Name": "EnvelopesRegister"
    }
  },
  {
    "BuildNumber": "20191206.1",
    "Definition": {
      "Name": "Identity Server"
    },
    "StartTime": "2019-12-06T14:00:35.1906536Z",
    "FinishTime": "2019-12-06T14:05:15.2703235Z",
    "RequestedBy": {
      "DisplayName": "Tjeerd de Haas"
    },
    "Result": "succeeded",
    "SourceBranch": "refs/heads/master",
    "SourceVersion": "fb7d6c78b634ac0900615eb076d4cfeb181feafc",
    "Repository": {
      "Id": "4d45f1cb-3e01-4fcb-aac0-f7b35c5f3a0c",
      "Name": "IntraOffice2018"
    }
  },
  {
    "BuildNumber": "20191204.3",
    "Definition": {
      "Name": "Identity Server"
    },
    "StartTime": "2019-12-04T15:55:37.9810896Z",
    "FinishTime": "2019-12-04T15:59:58.9467595Z",
    "RequestedBy": {
      "DisplayName": "Mikhail.Tchesnokov"
    },
    "Result": "succeeded",
    "SourceBranch": "refs/heads/master",
    "SourceVersion": "f79b5390047a684333345a859bfd3de8b40f4b57",
    "Repository": {
      "Id": "4d45f1cb-3e01-4fcb-aac0-f7b35c5f3a0c",
      "Name": "IntraOffice2018"
    }
  },
  {
    "BuildNumber": "master-10.0.19338.8",
    "Definition": {
      "Name": "IntraOffice-Content-Repository"
    },
    "StartTime": "2019-12-04T13:57:18.8963044Z",
    "FinishTime": "2019-12-04T14:14:56.5508038Z",
    "RequestedBy": {
      "DisplayName": "Roel de Regt"
    },
    "Result": "succeeded",
    "SourceBranch": "refs/heads/master",
    "SourceVersion": "a877142a19d6a3ffb2645575c78c482889098fec",
    "Repository": {
      "Id": "6525cebf-c7df-4ba3-b01a-265613861b33",
      "Name": "IntraOffice-Content-Repository"
    }
  },
  {
    "BuildNumber": "master-10.0.19338.7",
    "Definition": {
      "Name": "IntraOffice-Content-Repository"
    },
    "StartTime": "2019-12-04T12:44:11.1463583Z",
    "FinishTime": "2019-12-04T12:48:42.4984419Z",
    "RequestedBy": {
      "DisplayName": "Roel de Regt"
    },
    "Result": "succeeded",
    "SourceBranch": "refs/heads/master",
    "SourceVersion": "28d44e0e96276fd0b45f42220c650575afb537da",
    "Repository": {
      "Id": "6525cebf-c7df-4ba3-b01a-265613861b33",
      "Name": "IntraOffice-Content-Repository"
    }
  },
  {
    "BuildNumber": "20191128.2",
    "Definition": {
      "Name": "IntraOffice2018 CI Build (Development)"
    },
    "StartTime": "2019-11-28T13:43:25.539211Z",
    "FinishTime": "2019-11-28T13:52:36.6546489Z",
    "RequestedBy": {
      "DisplayName": "Microsoft.VisualStudio.Services.TFS"
    },
    "Result": "succeeded",
    "SourceBranch": "refs/heads/development",
    "SourceVersion": "4584c5e103f212eee0594604e55df5c2ad1f3d09",
    "Repository": {
      "Id": "4d45f1cb-3e01-4fcb-aac0-f7b35c5f3a0c",
      "Name": "IntraOffice2018"
    }
  },
  {
    "BuildNumber": "master-9.6.19331.1",
    "Definition": {
      "Name": "IntraOffice"
    },
    "StartTime": "2019-11-27T10:51:46.415506Z",
    "FinishTime": "2019-11-27T11:12:05.8076474Z",
    "RequestedBy": {
      "DisplayName": "Tjeerd de Haas"
    },
    "Result": "succeeded",
    "SourceBranch": "refs/heads/master",
    "SourceVersion": "b94630a7e411c3469d27b44668bbbab2c61562d2",
    "Repository": {
      "Id": "7e06ad15-43b5-4281-b482-152cbd8e6e06",
      "Name": "IntraOffice"
    }
  },
  {
    "BuildNumber": "master-10.0.19329.7",
    "Definition": {
      "Name": "IntraOffice-Archive"
    },
    "StartTime": "2019-11-25T16:37:43.6854391Z",
    "FinishTime": "2019-11-25T17:02:16.4686221Z",
    "RequestedBy": {
      "DisplayName": "Roel de Regt"
    },
    "Result": "succeeded",
    "SourceBranch": "refs/heads/master",
    "SourceVersion": "af6256dc0872b700a96a779bb910e874063e3cc4",
    "Repository": {
      "Id": "8541db83-41d5-4826-8a79-2b517964e5d1",
      "Name": "IntraOffice-Archive"
    }
  },
  {
    "BuildNumber": "20191125.1",
    "Definition": {
      "Name": "SendGridReceiver - CI"
    },
    "StartTime": "2019-11-25T16:22:26.93128Z",
    "FinishTime": "2019-11-25T16:25:28.7804727Z",
    "RequestedBy": {
      "DisplayName": "Microsoft.VisualStudio.Services.TFS"
    },
    "Result": "succeeded",
    "SourceBranch": "refs/heads/development",
    "SourceVersion": "9be3b23259eebcdfbb10b1ab5574455399637579",
    "Repository": {
      "Id": "7e06ad15-43b5-4281-b482-152cbd8e6e06",
      "Name": "IntraOffice"
    }
  },
  {
    "BuildNumber": "10.0.19325.1",
    "Definition": {
      "Name": "IntraOffice-Content-Repository (old)"
    },
    "StartTime": "2019-11-21T10:50:11.2785809Z",
    "FinishTime": "2019-11-21T10:53:01.7451155Z",
    "RequestedBy": {
      "DisplayName": "Roel de Regt"
    },
    "Result": "succeeded",
    "SourceBranch": "refs/heads/3.0",
    "SourceVersion": "614aee227207f74edbb8e34e7fe77ada2844b11f",
    "Repository": {
      "Id": "6525cebf-c7df-4ba3-b01a-265613861b33",
      "Name": "IntraOffice-Content-Repository"
    }
  },
  {
    "BuildNumber": "10.0.19324.1",
    "Definition": {
      "Name": "IntraOffice-Content-Repository (old)"
    },
    "StartTime": "2019-11-20T14:21:51.7988901Z",
    "FinishTime": "2019-11-20T14:24:46.596658Z",
    "RequestedBy": {
      "DisplayName": "Roel de Regt"
    },
    "Result": "succeeded",
    "SourceBranch": "refs/heads/3.0",
    "SourceVersion": "3286650ecee6aadba8bcc41d16411352a321b692",
    "Repository": {
      "Id": "6525cebf-c7df-4ba3-b01a-265613861b33",
      "Name": "IntraOffice-Content-Repository"
    }
  },
  {
    "BuildNumber": "20191119.1",
    "Definition": {
      "Name": "SendGridReceiver - CI"
    },
    "StartTime": "2019-11-19T14:03:41.1811077Z",
    "FinishTime": "2019-11-19T14:07:17.6329282Z",
    "RequestedBy": {
      "DisplayName": "Microsoft.VisualStudio.Services.TFS"
    },
    "Result": "succeeded",
    "SourceBranch": "refs/heads/development",
    "SourceVersion": "56eb1e3b465d7f1aa16412b77edfbc7b2573a20a",
    "Repository": {
      "Id": "7e06ad15-43b5-4281-b482-152cbd8e6e06",
      "Name": "IntraOffice"
    }
  },
  {
    "BuildNumber": "20191115.1",
    "Definition": {
      "Name": "SendGridReceiver - CI"
    },
    "StartTime": "2019-11-15T15:23:41.5766637Z",
    "FinishTime": "2019-11-15T15:26:38.9275631Z",
    "RequestedBy": {
      "DisplayName": "Microsoft.VisualStudio.Services.TFS"
    },
    "Result": "succeeded",
    "SourceBranch": "refs/heads/development",
    "SourceVersion": "0d4716df28b15db3efedeaeff6b6016e03c30c2e",
    "Repository": {
      "Id": "7e06ad15-43b5-4281-b482-152cbd8e6e06",
      "Name": "IntraOffice"
    }
  },
  {
    "BuildNumber": "20191115.1",
    "Definition": {
      "Name": "DocumentApi CI Build (Master)"
    },
    "StartTime": "2019-11-15T08:38:00.1218271Z",
    "FinishTime": "2019-11-15T08:46:54.471788Z",
    "RequestedBy": {
      "DisplayName": "Microsoft.VisualStudio.Services.TFS"
    },
    "Result": "succeeded",
    "SourceBranch": "refs/heads/master",
    "SourceVersion": "59807533af3cafe751b1fc28088c71322f78203f",
    "Repository": {
      "Id": "7efd6a07-8775-4f55-a233-c53439f63453",
      "Name": "DocumentApi"
    }
  },
  {
    "BuildNumber": "20191114.3",
    "Definition": {
      "Name": "SendGridReceiver - CI"
    },
    "StartTime": "2019-11-14T10:10:42.7018496Z",
    "FinishTime": "2019-11-14T10:13:46.2508825Z",
    "RequestedBy": {
      "DisplayName": "Tjeerd de Haas"
    },
    "Result": "succeeded",
    "SourceBranch": "refs/heads/development",
    "SourceVersion": "a50e132bc5fe8dafe74633942af75a34eaba8c74",
    "Repository": {
      "Id": "7e06ad15-43b5-4281-b482-152cbd8e6e06",
      "Name": "IntraOffice"
    }
  },
  {
    "BuildNumber": "20191114.2",
    "Definition": {
      "Name": "SendGridReceiver - CI"
    },
    "StartTime": "2019-11-14T09:50:14.9235964Z",
    "FinishTime": "2019-11-14T09:53:40.0494795Z",
    "RequestedBy": {
      "DisplayName": "Tjeerd de Haas"
    },
    "Result": "succeeded",
    "SourceBranch": "refs/heads/development",
    "SourceVersion": "a3664c827eeaf0317b725615a29c1e42c1933a47",
    "Repository": {
      "Id": "7e06ad15-43b5-4281-b482-152cbd8e6e06",
      "Name": "IntraOffice"
    }
  },
  {
    "BuildNumber": "20191114.1",
    "Definition": {
      "Name": "Document API Release Build"
    },
    "StartTime": "2019-11-14T08:46:48.3214579Z",
    "FinishTime": "2019-11-14T08:51:09.5649681Z",
    "RequestedBy": {
      "DisplayName": "admin"
    },
    "Result": "succeeded",
    "SourceBranch": "refs/heads/master",
    "SourceVersion": "bbae77e7dc4edad301412eea1a71a47967533e85",
    "Repository": {
      "Id": "7efd6a07-8775-4f55-a233-c53439f63453",
      "Name": "DocumentApi"
    }
  },
  {
    "BuildNumber": "20191114.1",
    "Definition": {
      "Name": "DocumentApi CI Build (Master)"
    },
    "StartTime": "2019-11-14T08:36:19.8910284Z",
    "FinishTime": "2019-11-14T08:45:27.2560401Z",
    "RequestedBy": {
      "DisplayName": "Microsoft.VisualStudio.Services.TFS"
    },
    "Result": "succeeded",
    "SourceBranch": "refs/heads/master",
    "SourceVersion": "bbae77e7dc4edad301412eea1a71a47967533e85",
    "Repository": {
      "Id": "7efd6a07-8775-4f55-a233-c53439f63453",
      "Name": "DocumentApi"
    }
  },
  {
    "BuildNumber": "20191114.1",
    "Definition": {
      "Name": "Document API Nightly Build (Master)"
    },
    "StartTime": "2019-11-14T01:00:31.16956Z",
    "FinishTime": "2019-11-14T01:07:46.8669479Z",
    "RequestedBy": {
      "DisplayName": "Microsoft.VisualStudio.Services.TFS"
    },
    "Result": "succeeded",
    "SourceBranch": "refs/heads/master",
    "SourceVersion": "e2f0e2ce6bdf29f88264f90ebd6a2597fa9e31b5",
    "Repository": {
      "Id": "7efd6a07-8775-4f55-a233-c53439f63453",
      "Name": "DocumentApi"
    }
  },
  {
    "BuildNumber": "20191113.3",
    "Definition": {
      "Name": "DocumentApi CI Build (Development)"
    },
    "StartTime": "2019-11-13T11:54:20.7766787Z",
    "FinishTime": "2019-11-13T12:04:14.0741196Z",
    "RequestedBy": {
      "DisplayName": "Microsoft.VisualStudio.Services.TFS"
    },
    "Result": "succeeded",
    "SourceBranch": "refs/heads/development",
    "SourceVersion": "bbae77e7dc4edad301412eea1a71a47967533e85",
    "Repository": {
      "Id": "7efd6a07-8775-4f55-a233-c53439f63453",
      "Name": "DocumentApi"
    }
  },
  {
    "BuildNumber": "20191113.2",
    "Definition": {
[...]
  "PackageId": "abcd",
  "VersionNumber": "10.0.22",
  "Message": "Requested package cannot be found",
  "Data": {},
  "InnerException": null,
  "StackTrace": "   bij Mtch.VstsClient.Services.PackagesService.<GetPackageVersionDetails>d__4.MoveNext() in c:\\GitHub\\VstsClient\\Src\\Services\\PackagesService.cs:regel 47\r\n--- Einde van stacktracering vanaf vorige locatie waar uitzondering is opgetreden ---\r\n   bij System.Runtime.ExceptionServices.ExceptionDispatchInfo.Throw()\r\n   bij System.Runtime.CompilerServices.TaskAwaiter.HandleNonSuccessAndDebuggerNotification(Task task)\r\n   bij NUnit.Framework.Internal.TaskAwaitAdapter.GenericAdapter`1.BlockUntilCompleted() in D:\\a\\1\\s\\src\\NUnitFramework\\framework\\Internal\\TaskAwaitAdapter.cs:regel 95\r\n   bij NUnit.Framework.Internal.AsyncToSyncAdapter.Await(Func`1 invoke) in D:\\a\\1\\s\\src\\NUnitFramework\\framework\\Internal\\AsyncToSyncAdapter.cs:regel 60\r\n   bij NUnit.Framework.Assert.ThrowsAsync(IResolveConstraint expression, AsyncTestDelegate code, String message, Object[] args) in D:\\a\\1\\s\\src\\NUnitFramework\\framework\\Assert.Exceptions.Async.cs:regel 48",
  "HelpLink": null,
  "Source": "Mtch.VstsClient",
  "HResult": -2146233088
}
]]></output>
                  </test-case>
                  <test-case id="1-1020" name="Bad_Package_Version" fullname="Mtch.VstsClient.IntTests.UseCases.Packages.GetPackageVersion.UnhappyTests.Bad_Package_Version" methodname="Bad_Package_Version" classname="Mtch.VstsClient.IntTests.UseCases.Packages.GetPackageVersion.UnhappyTests" runstate="Runnable" seed="1031579761" result="Passed" start-time="2020-01-30 11:00:45Z" end-time="2020-01-30 11:00:46Z" duration="1.048573" asserts="1">
                    <properties />
                    <output><![CDATA[{
  "FeedName": "IntraOffice",
  "PackageId": "1ee509a1-d0c1-46f1-bc64-b84101963980",
  "VersionNumber": "abcd",
  "Message": "Requested package cannot be found",
  "Data": {},
  "InnerException": null,
  "StackTrace": "   bij Mtch.VstsClient.Services.PackagesService.<GetPackageVersionDetails>d__4.MoveNext() in c:\\GitHub\\VstsClient\\Src\\Services\\PackagesService.cs:regel 58\r\n--- Einde van stacktracering vanaf vorige locatie waar uitzondering is opgetreden ---\r\n   bij System.Runtime.ExceptionServices.ExceptionDispatchInfo.Throw()\r\n   bij System.Runtime.CompilerServices.TaskAwaiter.HandleNonSuccessAndDebuggerNotification(Task task)\r\n   bij NUnit.Framework.Internal.TaskAwaitAdapter.GenericAdapter`1.BlockUntilCompleted() in D:\\a\\1\\s\\src\\NUnitFramework\\framework\\Internal\\TaskAwaitAdapter.cs:regel 95\r\n   bij NUnit.Framework.Internal.AsyncToSyncAdapter.Await(Func`1 invoke) in D:\\a\\1\\s\\src\\NUnitFramework\\framework\\Internal\\AsyncToSyncAdapter.cs:regel 60\r\n   bij NUnit.Framework.Assert.ThrowsAsync(IResolveConstraint expression, AsyncTestDelegate code, String message, Object[] args) in D:\\a\\1\\s\\src\\NUnitFramework\\framework\\Assert.Exceptions.Async.cs:regel 48",
  "HelpLink": null,
  "Source": "Mtch.VstsClient",
  "HResult": -2146233088
}
]]></output>
                  </test-case>
                </test-suite>
              </test-suite>
              <test-suite type="TestSuite" id="1-1045" name="ListPackages" fullname="Mtch.VstsClient.IntTests.UseCases.Packages.ListPackages" runstate="Runnable" testcasecount="2" result="Passed" start-time="2020-01-30 11:00:24Z" end-time="2020-01-30 11:00:46Z" duration="21.853219" total="2" passed="2" failed="0" warnings="0" inconclusive="0" skipped="0" asserts="2">
                <properties />
                <test-suite type="TestFixture" id="1-1011" name="HappyTests" fullname="Mtch.VstsClient.IntTests.UseCases.Packages.ListPackages.HappyTests" classname="Mtch.VstsClient.IntTests.UseCases.Packages.ListPackages.HappyTests" runstate="Explicit" testcasecount="1" result="Passed" start-time="2020-01-30 11:00:46Z" end-time="2020-01-30 11:00:46Z" duration="0.233590" total="1" passed="1" failed="0" warnings="0" inconclusive="0" skipped="0" asserts="1">
                  <properties>
                    <property name="Category" value="IntegrationTest" />
                  </properties>
                  <test-case id="1-1012" name="Good_Feed_Name" fullname="Mtch.VstsClient.IntTests.UseCases.Packages.ListPackages.HappyTests.Good_Feed_Name" methodname="Good_Feed_Name" classname="Mtch.VstsClient.IntTests.UseCases.Packages.ListPackages.HappyTests" runstate="Runnable" seed="448863734" result="Passed" start-time="2020-01-30 11:00:46Z" end-time="2020-01-30 11:00:46Z" duration="0.232157" asserts="1">
                    <properties />
                    <output><![CDATA[[
  {
    "Id": "1ee509a1-d0c1-46f1-bc64-b84101963980",
    "Name": "IntraOffice",
    "Versions": [
      {
        "Version": "10.0.22"
      }
    ]
  },
  {
    "Id": "7cc81792-bab2-4062-81d0-ae9f3495a834",
    "Name": "IntraOffice.Archive",
    "Versions": [
      {
        "Version": "10.0.22"
      }
    ]
  },
  {
    "Id": "9873c750-bd31-47c4-905c-0119c20825d9",
    "Name": "IntraOffice.Archive.Client",
    "Versions": [
      {
        "Version": "10.0.22"
      }
    ]
  },
  {
    "Id": "6dc32979-cb09-4cb9-91f2-f47dde67c6c9",
    "Name": "IntraOffice.Compression",
    "Versions": [
      {
        "Version": "10.0.22"
      }
    ]
  },
  {
    "Id": "939a7d58-460c-4f4e-b736-47a75c5d9a6f",
    "Name": "IntraOffice.ContentRepository.Client",
    "Versions": [
      {
        "Version": "10.0.22"
      }
    ]
  },
  {
    "Id": "bbdb6848-109c-4fdb-ba2f-f73dc5265b7e",
    "Name": "IntraOffice.Data",
    "Versions": [
      {
        "Version": "10.0.22"
      }
    ]
  },
  {
    "Id": "cff45607-cf0f-45e4-91ee-a39fd7e4968a",
    "Name": "IntraOffice.Redis",
    "Versions": [
      {
        "Version": "10.0.22"
      }
    ]
  },
  {
    "Id": "67427093-5d0f-48b0-abf0-c18341c4e102",
    "Name": "IntraOffice.Web",
    "Versions": [
      {
        "Version": "10.0.22"
      }
    ]
  },
  {
    "Id": "f7e442be-518a-4b93-8960-54c88a38a518",
    "Name": "IntraOffice.Web.Client",
    "Versions": [
      {
        "Version": "10.0.22"
      }
    ]
  },
  {
    "Id": "23bb82c9-cfce-4912-ba6c-0ae5ffdeb306",
    "Name": "IntraOffice.Web.Service",
    "Versions": [
      {
        "Version": "10.0.22"
      }
    ]
  },
  {
    "Id": "e2ef7db4-e716-4e44-ae7d-380aeff296d2",
    "Name": "IntraOfficeTest",
    "Versions": [
      {
        "Version": "10.0.18"
      }
    ]
  }
]
]]></output>
                  </test-case>
                </test-suite>
                <test-suite type="TestFixture" id="1-1013" name="UnhappyTests" fullname="Mtch.VstsClient.IntTests.UseCases.Packages.ListPackages.UnhappyTests" classname="Mtch.VstsClient.IntTests.UseCases.Packages.ListPackages.UnhappyTests" runstate="Explicit" testcasecount="1" result="Passed" start-time="2020-01-30 11:00:46Z" end-time="2020-01-30 11:00:46Z" duration="0.150654" total="1" passed="1" failed="0" warnings="0" inconclusive="0" skipped="0" asserts="1">
                  <properties>
                    <property name="Category" value="IntegrationTest" />
                  </properties>
                  <test-case id="1-1014" name="Bad_Feed_Name" fullname="Mtch.VstsClient.IntTests.UseCases.Packages.ListPackages.UnhappyTests.Bad_Feed_Name" methodname="Bad_Feed_Name" classname="Mtch.VstsClient.IntTests.UseCases.Packages.ListPackages.UnhappyTests" runstate="Runnable" seed="372447508" result="Passed" start-time="2020-01-30 11:00:46Z" end-time="2020-01-30 11:00:46Z" duration="0.149184" asserts="1">
                    <properties />
                    <output><![CDATA[{
  "FeedName": "abcd",
  "Message": "Requested feed cannot be found",
  "Data": {},
  "InnerException": null,
  "StackTrace": "   bij Mtch.VstsClient.Services.PackagesService.<GetAllPackages>d__5.MoveNext() in c:\\GitHub\\VstsClient\\Src\\Services\\PackagesService.cs:regel 72\r\n--- Einde van stacktracering vanaf vorige locatie waar uitzondering is opgetreden ---\r\n   bij System.Runtime.ExceptionServices.ExceptionDispatchInfo.Throw()\r\n   bij System.Runtime.CompilerServices.TaskAwaiter.HandleNonSuccessAndDebuggerNotification(Task task)\r\n   bij NUnit.Framework.Internal.TaskAwaitAdapter.GenericAdapter`1.BlockUntilCompleted() in D:\\a\\1\\s\\src\\NUnitFramework\\framework\\Internal\\TaskAwaitAdapter.cs:regel 95\r\n   bij NUnit.Framework.Internal.AsyncToSyncAdapter.Await(Func`1 invoke) in D:\\a\\1\\s\\src\\NUnitFramework\\framework\\Internal\\AsyncToSyncAdapter.cs:regel 60\r\n   bij NUnit.Framework.Assert.ThrowsAsync(IResolveConstraint expression, AsyncTestDelegate code, String message, Object[] args) in D:\\a\\1\\s\\src\\NUnitFramework\\framework\\Assert.Exceptions.Async.cs:regel 48",
  "HelpLink": null,
  "Source": "Mtch.VstsClient",
  "HResult": -2146233088
}
]]></output>
                  </test-case>
                </test-suite>
              </test-suite>
            </test-suite>
            <test-suite type="TestSuite" id="1-1038" name="Projects" fullname="Mtch.VstsClient.IntTests.UseCases.Projects" runstate="Runnable" testcasecount="1" result="Passed" start-time="2020-01-30 11:00:24Z" end-time="2020-01-30 11:00:46Z" duration="21.928060" total="1" passed="1" failed="0" warnings="0" inconclusive="0" skipped="0" asserts="1">
              <properties />
              <test-suite type="TestSuite" id="1-1039" name="ListProjects" fullname="Mtch.VstsClient.IntTests.UseCases.Projects.ListProjects" runstate="Runnable" testcasecount="1" result="Passed" start-time="2020-01-30 11:00:24Z" end-time="2020-01-30 11:00:46Z" duration="21.928053" total="1" passed="1" failed="0" warnings="0" inconclusive="0" skipped="0" asserts="1">
                <properties />
                <test-suite type="TestFixture" id="1-1000" name="HappyTests" fullname="Mtch.VstsClient.IntTests.UseCases.Projects.ListProjects.HappyTests" classname="Mtch.VstsClient.IntTests.UseCases.Projects.ListProjects.HappyTests" runstate="Explicit" testcasecount="1" result="Passed" start-time="2020-01-30 11:00:46Z" end-time="2020-01-30 11:00:46Z" duration="0.074777" total="1" passed="1" failed="0" warnings="0" inconclusive="0" skipped="0" asserts="1">
                  <properties>
                    <property name="Category" value="IntegrationTest" />
                  </properties>
                  <test-case id="1-1001" name="Happy_Case" fullname="Mtch.VstsClient.IntTests.UseCases.Projects.ListProjects.HappyTests.Happy_Case" methodname="Happy_Case" classname="Mtch.VstsClient.IntTests.UseCases.Projects.ListProjects.HappyTests" runstate="Runnable" seed="1149139366" result="Passed" start-time="2020-01-30 11:00:46Z" end-time="2020-01-30 11:00:46Z" duration="0.073368" asserts="1">
                    <properties />
                    <output><![CDATA[[
  {
    "Id": "96cc3d48-fa25-4e6b-b3fa-0ea9ceb06c00",
    "Name": "IntraOffice"
  }
]
]]></output>
                  </test-case>
                </test-suite>
              </test-suite>
            </test-suite>
            <test-suite type="TestSuite" id="1-1040" name="Repositories" fullname="Mtch.VstsClient.IntTests.UseCases.Repositories" runstate="Runnable" testcasecount="2" result="Passed" start-time="2020-01-30 11:00:24Z" end-time="2020-01-30 11:00:47Z" duration="22.422112" total="2" passed="2" failed="0" warnings="0" inconclusive="0" skipped="0" asserts="2">
              <properties />
              <test-suite type="TestSuite" id="1-1041" name="ListRepositories" fullname="Mtch.VstsClient.IntTests.UseCases.Repositories.ListRepositories" runstate="Runnable" testcasecount="2" result="Passed" start-time="2020-01-30 11:00:24Z" end-time="2020-01-30 11:00:47Z" duration="22.422104" total="2" passed="2" failed="0" warnings="0" inconclusive="0" skipped="0" asserts="2">
                <properties />
                <test-suite type="TestFixture" id="1-1002" name="HappyTests" fullname="Mtch.VstsClient.IntTests.UseCases.Repositories.ListRepositories.HappyTests" classname="Mtch.VstsClient.IntTests.UseCases.Repositories.ListRepositories.HappyTests" runstate="Explicit" testcasecount="1" result="Passed" start-time="2020-01-30 11:00:46Z" end-time="2020-01-30 11:00:47Z" duration="0.369594" total="1" passed="1" failed="0" warnings="0" inconclusive="0" skipped="0" asserts="1">
                  <properties>
                    <property name="Category" value="IntegrationTest" />
                  </properties>
                  <test-case id="1-1003" name="Good_Project_Name" fullname="Mtch.VstsClient.IntTests.UseCases.Repositories.ListRepositories.HappyTests.Good_Project_Name" methodname="Good_Project_Name" classname="Mtch.VstsClient.IntTests.UseCases.Repositories.ListRepositories.HappyTests" runstate="Runnable" seed="1294690361" result="Passed" start-time="2020-01-30 11:00:46Z" end-time="2020-01-30 11:00:47Z" duration="0.368283" asserts="1">
                    <properties />
                    <output><![CDATA[[
  {
    "Id": "b37816bb-d2c3-4ec5-b18a-0716d7c36c71",
    "Name": "demo"
  },
  {
    "Id": "3df75da0-433e-47a2-a7ba-101c9a378642",
    "Name": "wiki"
  },
  {
    "Id": "7e06ad15-43b5-4281-b482-152cbd8e6e06",
    "Name": "IntraOffice"
  },
  {
    "Id": "b2208378-7225-4927-820c-17214967ca58",
    "Name": "carerix"
  },
  {
    "Id": "574c2a8f-dc58-4775-a7e4-1af8de71c12b",
    "Name": "raet"
  },
  {
    "Id": "82ad3047-31a7-4f65-9668-1b9a0773b6b8",
    "Name": "solipsis"
  },
  {
    "Id": "6525cebf-c7df-4ba3-b01a-265613861b33",
    "Name": "IntraOffice-Content-Repository"
  },
  {
    "Id": "98b03a2e-8b65-4221-a082-28cdf66b674d",
    "Name": "IntraOffice-Legacy"
  },
  {
    "Id": "8541db83-41d5-4826-8a79-2b517964e5d1",
    "Name": "IntraOffice-Archive"
  },
  {
    "Id": "70969d8d-9750-4936-b134-2c69c9f0e9f9",
    "Name": "accenture"
  },
  {
    "Id": "592deb78-bb09-44bb-becb-3134aebbae00",
    "Name": "sales"
  },
  {
    "Id": "af0ffbfd-f163-4846-89e3-3e3f27f7a2e1",
    "Name": "EnvelopesRegister"
  },
  {
    "Id": "1d6e4407-422d-4a5a-b650-408d64d352b4",
    "Name": "support-website"
  },
  {
    "Id": "8c32b160-74a3-4277-bb34-43ce2dd6eed6",
    "Name": "IntraOffice Audit"
  },
  {
    "Id": "038e3de4-cd0b-41f3-98ab-47272281fd81",
    "Name": "ubn"
  },
  {
    "Id": "da6b4844-d8ec-4bc3-b796-47b505cc7609",
    "Name": "inperson"
  },
  {
    "Id": "057ede52-60a7-400e-8a99-48b327275755",
    "Name": "amstelveen"
  },
  {
    "Id": "1979dcd0-a3e6-41a9-bf14-4ff96aa710ff",
    "Name": "intervalservices"
  },
  {
    "Id": "fcbf51e1-f8d0-4418-a001-5d53756028ea",
    "Name": "depot"
  },
  {
    "Id": "11294157-35bc-42d6-a13c-60104248c206",
    "Name": "Angle-BootstrapAdminTemplate"
  },
  {
    "Id": "ce375f5d-b0f8-40dd-b339-63d20fc9c13f",
    "Name": "acme"
  },
  {
    "Id": "c05312ef-c86d-44c6-ade0-6ecc8f600e74",
    "Name": "olympia"
  },
  {
    "Id": "7dd26c04-17a5-4eea-b775-707ea73e49bd",
    "Name": "dit"
  },
  {
    "Id": "07ff19ec-0184-47fc-9f9e-708f3c934049",
    "Name": "azure"
  },
  {
    "Id": "c013db00-43d1-40bd-bdcb-772cafe43e3b",
    "Name": "IntraOffice Depot"
  },
  {
    "Id": "3dfd01c4-995a-4638-9b6e-82c098141d8b",
    "Name": "adp-nl"
  },
  {
    "Id": "74104824-5eb4-456c-831f-83129a062913",
    "Name": "humares"
  },
  {
    "Id": "e51f2861-9b14-410c-a5b3-84660413a9e8",
    "Name": "wagenhof"
  },
  {
    "Id": "36920328-2759-4097-af98-889834e16b8b",
    "Name": "sherpa"
  },
  {
    "Id": "076c9846-f259-4531-b8c4-8b9e9053e074",
    "Name": "centric"
  },
  {
    "Id": "ae4c1774-a3a1-4b69-b45a-8fe1aa0ace17",
    "Name": "Krabbl"
  },
  {
    "Id": "e00262b4-56a6-45ac-942d-936535e4350e",
    "Name": "Routing Management Portal"
  },
  {
    "Id": "173da0b9-3970-4891-a480-93813e5e134d",
    "Name": "Development"
  },
  {
    "Id": "e874efba-fb92-48ba-bf6b-972ed7ab2132",
    "Name": "susa"
  },
  {
    "Id": "9705976d-359a-4f71-8c54-9f291f01c8aa",
    "Name": "digitalsigning"
  },
  {
    "Id": "cc9b1504-9a78-49d6-92fd-bfd96f3a0fb0",
    "Name": "Monitoring"
  },
  {
    "Id": "81a4badc-5500-47b5-9a1e-bfdd3efd4143",
    "Name": "bluegarden"
  },
  {
    "Id": "9e345f69-3f8e-4235-9d95-bff003d683ce",
    "Name": "Zuidgeest"
  },
  {
    "Id": "7efd6a07-8775-4f55-a233-c53439f63453",
    "Name": "DocumentApi"
  },
  {
    "Id": "cf29d81d-13bf-481c-9fd4-cbee9ea05961",
    "Name": "IntraOffice-Base"
  },
  {
    "Id": "746ebc7c-aae3-40ee-85e2-cc7e38a23a7a",
    "Name": "sheerenloo"
  },
  {
    "Id": "e71ab3fa-2e72-469c-b58e-ce8cd3f6795b",
    "Name": "IntraOffice-Routing"
  },
  {
    "Id": "1878cfcc-dbbf-45d8-b1b2-d3aea2d079b6",
    "Name": "Nuget"
  },
  {
    "Id": "679b9a7c-1b0d-49cd-8162-d479aa4076b2",
    "Name": "bpd"
  },
  {
    "Id": "e6d94765-79a8-4c35-ab43-d70d25762bfd",
    "Name": "ntree"
  },
  {
    "Id": "d353a231-91e0-48ab-8129-e376e016e0dd",
    "Name": "IntraOffice-Routing-Portal"
  },
  {
    "Id": "cc1f5d45-d40b-427c-9d57-f2a8aeaa4f43",
    "Name": "alfa"
  },
  {
    "Id": "81c0387e-3794-43f5-9bbe-f556f5b008ba",
    "Name": "otto"
  },
  {
    "Id": "4d45f1cb-3e01-4fcb-aac0-f7b35c5f3a0c",
    "Name": "IntraOffice2018"
  },
  {
    "Id": "3de1e094-ee35-4f73-aff6-fa7c46391bc9",
    "Name": "actiefwerkt"
  },
  {
    "Id": "bc5a01cb-3b65-4983-8bd2-fd53fcd862a0",
    "Name": "IntraOffice-Service-Fabric"
  },
  {
    "Id": "ac9349de-f7c9-4aa5-911d-ffd49fc78313",
    "Name": "adp-it"
  }
]
]]></output>
                  </test-case>
                </test-suite>
                <test-suite type="TestFixture" id="1-1004" name="UnhappyTests" fullname="Mtch.VstsClient.IntTests.UseCases.Repositories.ListRepositories.UnhappyTests" classname="Mtch.VstsClient.IntTests.UseCases.Repositories.ListRepositories.UnhappyTests" runstate="Explicit" testcasecount="1" result="Passed" start-time="2020-01-30 11:00:47Z" end-time="2020-01-30 11:00:47Z" duration="0.124410" total="1" passed="1" failed="0" warnings="0" inconclusive="0" skipped="0" asserts="1">
                  <properties>
                    <property name="Category" value="IntegrationTest" />
                  </properties>
                  <test-case id="1-1005" name="Bad_Project_Name" fullname="Mtch.VstsClient.IntTests.UseCases.Repositories.ListRepositories.UnhappyTests.Bad_Project_Name" methodname="Bad_Project_Name" classname="Mtch.VstsClient.IntTests.UseCases.Repositories.ListRepositories.UnhappyTests" runstate="Runnable" seed="163662922" result="Passed" start-time="2020-01-30 11:00:47Z" end-time="2020-01-30 11:00:47Z" duration="0.123104" asserts="1">
                    <properties />
                    <output><![CDATA[{
  "ProjectName": "abcd",
  "Message": "Requested project cannot be found",
  "Data": {},
  "InnerException": null,
  "StackTrace": "   bij Mtch.VstsClient.Services.RepositoriesService.<GetAllRepositories>d__4.MoveNext() in c:\\GitHub\\VstsClient\\Src\\Services\\RepositoriesService.cs:regel 46\r\n--- Einde van stacktracering vanaf vorige locatie waar uitzondering is opgetreden ---\r\n   bij System.Runtime.ExceptionServices.ExceptionDispatchInfo.Throw()\r\n   bij System.Runtime.CompilerServices.TaskAwaiter.HandleNonSuccessAndDebuggerNotification(Task task)\r\n   bij NUnit.Framework.Internal.TaskAwaitAdapter.GenericAdapter`1.BlockUntilCompleted() in D:\\a\\1\\s\\src\\NUnitFramework\\framework\\Internal\\TaskAwaitAdapter.cs:regel 95\r\n   bij NUnit.Framework.Internal.AsyncToSyncAdapter.Await(Func`1 invoke) in D:\\a\\1\\s\\src\\NUnitFramework\\framework\\Internal\\AsyncToSyncAdapter.cs:regel 60\r\n   bij NUnit.Framework.Assert.ThrowsAsync(IResolveConstraint expression, AsyncTestDelegate code, String message, Object[] args) in D:\\a\\1\\s\\src\\NUnitFramework\\framework\\Assert.Exceptions.Async.cs:regel 48",
  "HelpLink": null,
  "Source": "Mtch.VstsClient",
  "HResult": -2146233088
}
]]></output>
                  </test-case>
                </test-suite>
              </test-suite>
            </test-suite>
          </test-suite>
        </test-suite>
      </test-suite>
    </test-suite>
  </test-suite>
</test-run>